[0.019s] Invoking command in '/home/josep/robotics/CatamaranDependencies/build/custom_interfaces': CMAKE_PREFIX_PATH=/opt/ros/humble /usr/bin/cmake --build /home/josep/robotics/CatamaranDependencies/build/custom_interfaces -- -j16 -l16
[0.071s] [35m[1mConsolidate compiler generated dependencies of target custom_interfaces__rosidl_generator_c[0m
[0.081s] [  1%] Built target custom_interfaces__cpp
[0.084s] [ 12%] Built target custom_interfaces__rosidl_generator_c
[0.094s] [ 12%] Built target ament_cmake_python_copy_custom_interfaces
[0.095s] [35m[1mConsolidate compiler generated dependencies of target custom_interfaces__rosidl_typesupport_cpp[0m
[0.095s] [35m[1mConsolidate compiler generated dependencies of target custom_interfaces__rosidl_typesupport_introspection_cpp[0m
[0.095s] [35m[1mConsolidate compiler generated dependencies of target custom_interfaces__rosidl_typesupport_fastrtps_cpp[0m
[0.096s] [35m[1mConsolidate compiler generated dependencies of target custom_interfaces__rosidl_typesupport_introspection_c[0m
[0.096s] [35m[1mConsolidate compiler generated dependencies of target custom_interfaces__rosidl_typesupport_c[0m
[0.097s] [35m[1mConsolidate compiler generated dependencies of target custom_interfaces__rosidl_typesupport_fastrtps_c[0m
[0.112s] [ 34%] Built target custom_interfaces__rosidl_typesupport_introspection_c
[0.113s] [ 34%] Built target custom_interfaces__rosidl_typesupport_c
[0.113s] [ 45%] Built target custom_interfaces__rosidl_typesupport_cpp
[0.114s] [ 56%] Built target custom_interfaces__rosidl_typesupport_fastrtps_cpp
[0.116s] [ 67%] Built target custom_interfaces__rosidl_typesupport_introspection_cpp
[0.119s] [ 78%] Built target custom_interfaces__rosidl_typesupport_fastrtps_c
[0.144s] [ 78%] Built target custom_interfaces
[0.168s] [ 80%] Built target custom_interfaces__py
[0.181s] [35m[1mConsolidate compiler generated dependencies of target custom_interfaces__rosidl_generator_py[0m
[0.202s] [ 89%] Built target custom_interfaces__rosidl_generator_py
[0.212s] [35m[1mConsolidate compiler generated dependencies of target custom_interfaces__rosidl_typesupport_fastrtps_c__pyext[0m
[0.213s] [35m[1mConsolidate compiler generated dependencies of target custom_interfaces__rosidl_typesupport_introspection_c__pyext[0m
[0.213s] [35m[1mConsolidate compiler generated dependencies of target custom_interfaces__rosidl_typesupport_c__pyext[0m
[0.228s] [ 96%] Built target custom_interfaces__rosidl_typesupport_introspection_c__pyext
[0.228s] [ 96%] Built target custom_interfaces__rosidl_typesupport_fastrtps_c__pyext
[0.228s] [100%] Built target custom_interfaces__rosidl_typesupport_c__pyext
[0.304s] running egg_info
[0.304s] writing custom_interfaces.egg-info/PKG-INFO
[0.304s] writing dependency_links to custom_interfaces.egg-info/dependency_links.txt
[0.305s] writing top-level names to custom_interfaces.egg-info/top_level.txt
[0.308s] reading manifest file 'custom_interfaces.egg-info/SOURCES.txt'
[0.308s] writing manifest file 'custom_interfaces.egg-info/SOURCES.txt'
[0.341s] [100%] Built target ament_cmake_python_build_custom_interfaces_egg
[0.357s] Invoked command in '/home/josep/robotics/CatamaranDependencies/build/custom_interfaces' returned '0': CMAKE_PREFIX_PATH=/opt/ros/humble /usr/bin/cmake --build /home/josep/robotics/CatamaranDependencies/build/custom_interfaces -- -j16 -l16
[0.369s] Invoking command in '/home/josep/robotics/CatamaranDependencies/build/custom_interfaces': CMAKE_PREFIX_PATH=/opt/ros/humble /usr/bin/cmake --install /home/josep/robotics/CatamaranDependencies/build/custom_interfaces
[0.379s] -- Install configuration: ""
[0.379s] -- Up-to-date: /home/josep/robotics/CatamaranDependencies/install/custom_interfaces/share/ament_index/resource_index/rosidl_interfaces/custom_interfaces
[0.379s] -- Up-to-date: /home/josep/robotics/CatamaranDependencies/install/custom_interfaces/include/custom_interfaces/custom_interfaces
[0.379s] -- Up-to-date: /home/josep/robotics/CatamaranDependencies/install/custom_interfaces/include/custom_interfaces/custom_interfaces/srv
[0.379s] -- Up-to-date: /home/josep/robotics/CatamaranDependencies/install/custom_interfaces/include/custom_interfaces/custom_interfaces/srv/detail
[0.379s] -- Up-to-date: /home/josep/robotics/CatamaranDependencies/install/custom_interfaces/include/custom_interfaces/custom_interfaces/srv/detail/get_velocity__struct.h
[0.379s] -- Up-to-date: /home/josep/robotics/CatamaranDependencies/install/custom_interfaces/include/custom_interfaces/custom_interfaces/srv/detail/get_position__functions.c
[0.379s] -- Up-to-date: /home/josep/robotics/CatamaranDependencies/install/custom_interfaces/include/custom_interfaces/custom_interfaces/srv/detail/get_position__struct.h
[0.379s] -- Up-to-date: /home/josep/robotics/CatamaranDependencies/install/custom_interfaces/include/custom_interfaces/custom_interfaces/srv/detail/get_position__functions.h
[0.379s] -- Up-to-date: /home/josep/robotics/CatamaranDependencies/install/custom_interfaces/include/custom_interfaces/custom_interfaces/srv/detail/get_position__type_support.h
[0.379s] -- Up-to-date: /home/josep/robotics/CatamaranDependencies/install/custom_interfaces/include/custom_interfaces/custom_interfaces/srv/detail/get_velocity__functions.c
[0.380s] -- Up-to-date: /home/josep/robotics/CatamaranDependencies/install/custom_interfaces/include/custom_interfaces/custom_interfaces/srv/detail/get_velocity__type_support.h
[0.380s] -- Up-to-date: /home/josep/robotics/CatamaranDependencies/install/custom_interfaces/include/custom_interfaces/custom_interfaces/srv/detail/get_velocity__functions.h
[0.380s] -- Up-to-date: /home/josep/robotics/CatamaranDependencies/install/custom_interfaces/include/custom_interfaces/custom_interfaces/srv/get_position.h
[0.380s] -- Up-to-date: /home/josep/robotics/CatamaranDependencies/install/custom_interfaces/include/custom_interfaces/custom_interfaces/srv/get_velocity.h
[0.380s] -- Up-to-date: /home/josep/robotics/CatamaranDependencies/install/custom_interfaces/include/custom_interfaces/custom_interfaces/msg
[0.380s] -- Up-to-date: /home/josep/robotics/CatamaranDependencies/install/custom_interfaces/include/custom_interfaces/custom_interfaces/msg/set_position.h
[0.380s] -- Up-to-date: /home/josep/robotics/CatamaranDependencies/install/custom_interfaces/include/custom_interfaces/custom_interfaces/msg/set_velocity.h
[0.380s] -- Up-to-date: /home/josep/robotics/CatamaranDependencies/install/custom_interfaces/include/custom_interfaces/custom_interfaces/msg/detail
[0.380s] -- Up-to-date: /home/josep/robotics/CatamaranDependencies/install/custom_interfaces/include/custom_interfaces/custom_interfaces/msg/detail/set_position__struct.h
[0.380s] -- Up-to-date: /home/josep/robotics/CatamaranDependencies/install/custom_interfaces/include/custom_interfaces/custom_interfaces/msg/detail/set_position__functions.c
[0.380s] -- Up-to-date: /home/josep/robotics/CatamaranDependencies/install/custom_interfaces/include/custom_interfaces/custom_interfaces/msg/detail/set_velocity__functions.h
[0.380s] -- Up-to-date: /home/josep/robotics/CatamaranDependencies/install/custom_interfaces/include/custom_interfaces/custom_interfaces/msg/detail/set_velocity__struct.h
[0.380s] -- Up-to-date: /home/josep/robotics/CatamaranDependencies/install/custom_interfaces/include/custom_interfaces/custom_interfaces/msg/detail/set_position__functions.h
[0.380s] -- Up-to-date: /home/josep/robotics/CatamaranDependencies/install/custom_interfaces/include/custom_interfaces/custom_interfaces/msg/detail/set_velocity__functions.c
[0.380s] -- Up-to-date: /home/josep/robotics/CatamaranDependencies/install/custom_interfaces/include/custom_interfaces/custom_interfaces/msg/detail/set_velocity__type_support.h
[0.380s] -- Up-to-date: /home/josep/robotics/CatamaranDependencies/install/custom_interfaces/include/custom_interfaces/custom_interfaces/msg/detail/set_position__type_support.h
[0.380s] -- Up-to-date: /home/josep/robotics/CatamaranDependencies/install/custom_interfaces/include/custom_interfaces/custom_interfaces/msg/rosidl_generator_c__visibility_control.h
[0.380s] -- Up-to-date: /home/josep/robotics/CatamaranDependencies/install/custom_interfaces/share/custom_interfaces/environment/library_path.sh
[0.380s] -- Up-to-date: /home/josep/robotics/CatamaranDependencies/install/custom_interfaces/share/custom_interfaces/environment/library_path.dsv
[0.381s] -- Up-to-date: /home/josep/robotics/CatamaranDependencies/install/custom_interfaces/lib/libcustom_interfaces__rosidl_generator_c.so
[0.381s] -- Up-to-date: /home/josep/robotics/CatamaranDependencies/install/custom_interfaces/include/custom_interfaces/custom_interfaces
[0.381s] -- Up-to-date: /home/josep/robotics/CatamaranDependencies/install/custom_interfaces/include/custom_interfaces/custom_interfaces/srv
[0.381s] -- Up-to-date: /home/josep/robotics/CatamaranDependencies/install/custom_interfaces/include/custom_interfaces/custom_interfaces/srv/detail
[0.381s] -- Up-to-date: /home/josep/robotics/CatamaranDependencies/install/custom_interfaces/include/custom_interfaces/custom_interfaces/srv/detail/get_velocity__rosidl_typesupport_fastrtps_c.h
[0.381s] -- Up-to-date: /home/josep/robotics/CatamaranDependencies/install/custom_interfaces/include/custom_interfaces/custom_interfaces/srv/detail/get_position__rosidl_typesupport_fastrtps_c.h
[0.381s] -- Up-to-date: /home/josep/robotics/CatamaranDependencies/install/custom_interfaces/include/custom_interfaces/custom_interfaces/msg
[0.381s] -- Up-to-date: /home/josep/robotics/CatamaranDependencies/install/custom_interfaces/include/custom_interfaces/custom_interfaces/msg/detail
[0.381s] -- Up-to-date: /home/josep/robotics/CatamaranDependencies/install/custom_interfaces/include/custom_interfaces/custom_interfaces/msg/detail/set_velocity__rosidl_typesupport_fastrtps_c.h
[0.381s] -- Up-to-date: /home/josep/robotics/CatamaranDependencies/install/custom_interfaces/include/custom_interfaces/custom_interfaces/msg/detail/set_position__rosidl_typesupport_fastrtps_c.h
[0.381s] -- Up-to-date: /home/josep/robotics/CatamaranDependencies/install/custom_interfaces/include/custom_interfaces/custom_interfaces/msg/rosidl_typesupport_fastrtps_c__visibility_control.h
[0.381s] -- Up-to-date: /home/josep/robotics/CatamaranDependencies/install/custom_interfaces/lib/libcustom_interfaces__rosidl_typesupport_fastrtps_c.so
[0.381s] -- Up-to-date: /home/josep/robotics/CatamaranDependencies/install/custom_interfaces/include/custom_interfaces/custom_interfaces
[0.381s] -- Up-to-date: /home/josep/robotics/CatamaranDependencies/install/custom_interfaces/include/custom_interfaces/custom_interfaces/srv
[0.381s] -- Up-to-date: /home/josep/robotics/CatamaranDependencies/install/custom_interfaces/include/custom_interfaces/custom_interfaces/srv/get_velocity.hpp
[0.382s] -- Up-to-date: /home/josep/robotics/CatamaranDependencies/install/custom_interfaces/include/custom_interfaces/custom_interfaces/srv/get_position.hpp
[0.382s] -- Up-to-date: /home/josep/robotics/CatamaranDependencies/install/custom_interfaces/include/custom_interfaces/custom_interfaces/srv/detail
[0.382s] -- Up-to-date: /home/josep/robotics/CatamaranDependencies/install/custom_interfaces/include/custom_interfaces/custom_interfaces/srv/detail/get_velocity__struct.hpp
[0.382s] -- Up-to-date: /home/josep/robotics/CatamaranDependencies/install/custom_interfaces/include/custom_interfaces/custom_interfaces/srv/detail/get_position__builder.hpp
[0.382s] -- Up-to-date: /home/josep/robotics/CatamaranDependencies/install/custom_interfaces/include/custom_interfaces/custom_interfaces/srv/detail/get_position__type_support.hpp
[0.382s] -- Up-to-date: /home/josep/robotics/CatamaranDependencies/install/custom_interfaces/include/custom_interfaces/custom_interfaces/srv/detail/get_velocity__type_support.hpp
[0.382s] -- Up-to-date: /home/josep/robotics/CatamaranDependencies/install/custom_interfaces/include/custom_interfaces/custom_interfaces/srv/detail/get_velocity__traits.hpp
[0.382s] -- Up-to-date: /home/josep/robotics/CatamaranDependencies/install/custom_interfaces/include/custom_interfaces/custom_interfaces/srv/detail/get_position__struct.hpp
[0.382s] -- Up-to-date: /home/josep/robotics/CatamaranDependencies/install/custom_interfaces/include/custom_interfaces/custom_interfaces/srv/detail/get_position__traits.hpp
[0.382s] -- Up-to-date: /home/josep/robotics/CatamaranDependencies/install/custom_interfaces/include/custom_interfaces/custom_interfaces/srv/detail/get_velocity__builder.hpp
[0.382s] -- Up-to-date: /home/josep/robotics/CatamaranDependencies/install/custom_interfaces/include/custom_interfaces/custom_interfaces/msg
[0.382s] -- Up-to-date: /home/josep/robotics/CatamaranDependencies/install/custom_interfaces/include/custom_interfaces/custom_interfaces/msg/rosidl_generator_cpp__visibility_control.hpp
[0.382s] -- Up-to-date: /home/josep/robotics/CatamaranDependencies/install/custom_interfaces/include/custom_interfaces/custom_interfaces/msg/set_position.hpp
[0.382s] -- Up-to-date: /home/josep/robotics/CatamaranDependencies/install/custom_interfaces/include/custom_interfaces/custom_interfaces/msg/detail
[0.382s] -- Up-to-date: /home/josep/robotics/CatamaranDependencies/install/custom_interfaces/include/custom_interfaces/custom_interfaces/msg/detail/set_velocity__struct.hpp
[0.382s] -- Up-to-date: /home/josep/robotics/CatamaranDependencies/install/custom_interfaces/include/custom_interfaces/custom_interfaces/msg/detail/set_velocity__type_support.hpp
[0.382s] -- Up-to-date: /home/josep/robotics/CatamaranDependencies/install/custom_interfaces/include/custom_interfaces/custom_interfaces/msg/detail/set_position__builder.hpp
[0.383s] -- Up-to-date: /home/josep/robotics/CatamaranDependencies/install/custom_interfaces/include/custom_interfaces/custom_interfaces/msg/detail/set_velocity__traits.hpp
[0.383s] -- Up-to-date: /home/josep/robotics/CatamaranDependencies/install/custom_interfaces/include/custom_interfaces/custom_interfaces/msg/detail/set_velocity__builder.hpp
[0.383s] -- Up-to-date: /home/josep/robotics/CatamaranDependencies/install/custom_interfaces/include/custom_interfaces/custom_interfaces/msg/detail/set_position__type_support.hpp
[0.383s] -- Up-to-date: /home/josep/robotics/CatamaranDependencies/install/custom_interfaces/include/custom_interfaces/custom_interfaces/msg/detail/set_position__struct.hpp
[0.383s] -- Up-to-date: /home/josep/robotics/CatamaranDependencies/install/custom_interfaces/include/custom_interfaces/custom_interfaces/msg/detail/set_position__traits.hpp
[0.383s] -- Up-to-date: /home/josep/robotics/CatamaranDependencies/install/custom_interfaces/include/custom_interfaces/custom_interfaces/msg/set_velocity.hpp
[0.383s] -- Up-to-date: /home/josep/robotics/CatamaranDependencies/install/custom_interfaces/include/custom_interfaces/custom_interfaces
[0.383s] -- Up-to-date: /home/josep/robotics/CatamaranDependencies/install/custom_interfaces/include/custom_interfaces/custom_interfaces/srv
[0.383s] -- Up-to-date: /home/josep/robotics/CatamaranDependencies/install/custom_interfaces/include/custom_interfaces/custom_interfaces/srv/detail
[0.383s] -- Up-to-date: /home/josep/robotics/CatamaranDependencies/install/custom_interfaces/include/custom_interfaces/custom_interfaces/srv/detail/get_velocity__rosidl_typesupport_fastrtps_cpp.hpp
[0.383s] -- Up-to-date: /home/josep/robotics/CatamaranDependencies/install/custom_interfaces/include/custom_interfaces/custom_interfaces/srv/detail/get_position__rosidl_typesupport_fastrtps_cpp.hpp
[0.383s] -- Up-to-date: /home/josep/robotics/CatamaranDependencies/install/custom_interfaces/include/custom_interfaces/custom_interfaces/srv/detail/dds_fastrtps
[0.383s] -- Up-to-date: /home/josep/robotics/CatamaranDependencies/install/custom_interfaces/include/custom_interfaces/custom_interfaces/msg
[0.383s] -- Up-to-date: /home/josep/robotics/CatamaranDependencies/install/custom_interfaces/include/custom_interfaces/custom_interfaces/msg/rosidl_typesupport_fastrtps_cpp__visibility_control.h
[0.383s] -- Up-to-date: /home/josep/robotics/CatamaranDependencies/install/custom_interfaces/include/custom_interfaces/custom_interfaces/msg/detail
[0.383s] -- Up-to-date: /home/josep/robotics/CatamaranDependencies/install/custom_interfaces/include/custom_interfaces/custom_interfaces/msg/detail/set_velocity__rosidl_typesupport_fastrtps_cpp.hpp
[0.383s] -- Up-to-date: /home/josep/robotics/CatamaranDependencies/install/custom_interfaces/include/custom_interfaces/custom_interfaces/msg/detail/set_position__rosidl_typesupport_fastrtps_cpp.hpp
[0.383s] -- Up-to-date: /home/josep/robotics/CatamaranDependencies/install/custom_interfaces/include/custom_interfaces/custom_interfaces/msg/detail/dds_fastrtps
[0.383s] -- Up-to-date: /home/josep/robotics/CatamaranDependencies/install/custom_interfaces/lib/libcustom_interfaces__rosidl_typesupport_fastrtps_cpp.so
[0.383s] -- Up-to-date: /home/josep/robotics/CatamaranDependencies/install/custom_interfaces/include/custom_interfaces/custom_interfaces
[0.383s] -- Up-to-date: /home/josep/robotics/CatamaranDependencies/install/custom_interfaces/include/custom_interfaces/custom_interfaces/srv
[0.383s] -- Up-to-date: /home/josep/robotics/CatamaranDependencies/install/custom_interfaces/include/custom_interfaces/custom_interfaces/srv/detail
[0.383s] -- Up-to-date: /home/josep/robotics/CatamaranDependencies/install/custom_interfaces/include/custom_interfaces/custom_interfaces/srv/detail/get_position__rosidl_typesupport_introspection_c.h
[0.384s] -- Up-to-date: /home/josep/robotics/CatamaranDependencies/install/custom_interfaces/include/custom_interfaces/custom_interfaces/srv/detail/get_velocity__type_support.c
[0.384s] -- Up-to-date: /home/josep/robotics/CatamaranDependencies/install/custom_interfaces/include/custom_interfaces/custom_interfaces/srv/detail/get_position__type_support.c
[0.384s] -- Up-to-date: /home/josep/robotics/CatamaranDependencies/install/custom_interfaces/include/custom_interfaces/custom_interfaces/srv/detail/get_velocity__rosidl_typesupport_introspection_c.h
[0.384s] -- Up-to-date: /home/josep/robotics/CatamaranDependencies/install/custom_interfaces/include/custom_interfaces/custom_interfaces/msg
[0.384s] -- Up-to-date: /home/josep/robotics/CatamaranDependencies/install/custom_interfaces/include/custom_interfaces/custom_interfaces/msg/rosidl_typesupport_introspection_c__visibility_control.h
[0.384s] -- Up-to-date: /home/josep/robotics/CatamaranDependencies/install/custom_interfaces/include/custom_interfaces/custom_interfaces/msg/detail
[0.384s] -- Up-to-date: /home/josep/robotics/CatamaranDependencies/install/custom_interfaces/include/custom_interfaces/custom_interfaces/msg/detail/set_velocity__type_support.c
[0.384s] -- Up-to-date: /home/josep/robotics/CatamaranDependencies/install/custom_interfaces/include/custom_interfaces/custom_interfaces/msg/detail/set_position__type_support.c
[0.384s] -- Up-to-date: /home/josep/robotics/CatamaranDependencies/install/custom_interfaces/include/custom_interfaces/custom_interfaces/msg/detail/set_position__rosidl_typesupport_introspection_c.h
[0.384s] -- Up-to-date: /home/josep/robotics/CatamaranDependencies/install/custom_interfaces/include/custom_interfaces/custom_interfaces/msg/detail/set_velocity__rosidl_typesupport_introspection_c.h
[0.384s] -- Up-to-date: /home/josep/robotics/CatamaranDependencies/install/custom_interfaces/lib/libcustom_interfaces__rosidl_typesupport_introspection_c.so
[0.384s] -- Up-to-date: /home/josep/robotics/CatamaranDependencies/install/custom_interfaces/lib/libcustom_interfaces__rosidl_typesupport_c.so
[0.384s] -- Up-to-date: /home/josep/robotics/CatamaranDependencies/install/custom_interfaces/include/custom_interfaces/custom_interfaces
[0.384s] -- Up-to-date: /home/josep/robotics/CatamaranDependencies/install/custom_interfaces/include/custom_interfaces/custom_interfaces/srv
[0.384s] -- Up-to-date: /home/josep/robotics/CatamaranDependencies/install/custom_interfaces/include/custom_interfaces/custom_interfaces/srv/detail
[0.384s] -- Up-to-date: /home/josep/robotics/CatamaranDependencies/install/custom_interfaces/include/custom_interfaces/custom_interfaces/srv/detail/get_position__type_support.cpp
[0.384s] -- Up-to-date: /home/josep/robotics/CatamaranDependencies/install/custom_interfaces/include/custom_interfaces/custom_interfaces/srv/detail/get_velocity__type_support.cpp
[0.384s] -- Up-to-date: /home/josep/robotics/CatamaranDependencies/install/custom_interfaces/include/custom_interfaces/custom_interfaces/srv/detail/get_position__rosidl_typesupport_introspection_cpp.hpp
[0.384s] -- Up-to-date: /home/josep/robotics/CatamaranDependencies/install/custom_interfaces/include/custom_interfaces/custom_interfaces/srv/detail/get_velocity__rosidl_typesupport_introspection_cpp.hpp
[0.384s] -- Up-to-date: /home/josep/robotics/CatamaranDependencies/install/custom_interfaces/include/custom_interfaces/custom_interfaces/msg
[0.384s] -- Up-to-date: /home/josep/robotics/CatamaranDependencies/install/custom_interfaces/include/custom_interfaces/custom_interfaces/msg/detail
[0.385s] -- Up-to-date: /home/josep/robotics/CatamaranDependencies/install/custom_interfaces/include/custom_interfaces/custom_interfaces/msg/detail/set_velocity__type_support.cpp
[0.385s] -- Up-to-date: /home/josep/robotics/CatamaranDependencies/install/custom_interfaces/include/custom_interfaces/custom_interfaces/msg/detail/set_position__rosidl_typesupport_introspection_cpp.hpp
[0.385s] -- Up-to-date: /home/josep/robotics/CatamaranDependencies/install/custom_interfaces/include/custom_interfaces/custom_interfaces/msg/detail/set_velocity__rosidl_typesupport_introspection_cpp.hpp
[0.385s] -- Up-to-date: /home/josep/robotics/CatamaranDependencies/install/custom_interfaces/include/custom_interfaces/custom_interfaces/msg/detail/set_position__type_support.cpp
[0.385s] -- Up-to-date: /home/josep/robotics/CatamaranDependencies/install/custom_interfaces/lib/libcustom_interfaces__rosidl_typesupport_introspection_cpp.so
[0.385s] -- Up-to-date: /home/josep/robotics/CatamaranDependencies/install/custom_interfaces/lib/libcustom_interfaces__rosidl_typesupport_cpp.so
[0.385s] -- Up-to-date: /home/josep/robotics/CatamaranDependencies/install/custom_interfaces/share/custom_interfaces/environment/pythonpath.sh
[0.385s] -- Up-to-date: /home/josep/robotics/CatamaranDependencies/install/custom_interfaces/share/custom_interfaces/environment/pythonpath.dsv
[0.385s] -- Up-to-date: /home/josep/robotics/CatamaranDependencies/install/custom_interfaces/local/lib/python3.10/dist-packages/custom_interfaces-0.0.0-py3.10.egg-info
[0.385s] -- Installing: /home/josep/robotics/CatamaranDependencies/install/custom_interfaces/local/lib/python3.10/dist-packages/custom_interfaces-0.0.0-py3.10.egg-info/PKG-INFO
[0.385s] -- Installing: /home/josep/robotics/CatamaranDependencies/install/custom_interfaces/local/lib/python3.10/dist-packages/custom_interfaces-0.0.0-py3.10.egg-info/dependency_links.txt
[0.385s] -- Installing: /home/josep/robotics/CatamaranDependencies/install/custom_interfaces/local/lib/python3.10/dist-packages/custom_interfaces-0.0.0-py3.10.egg-info/SOURCES.txt
[0.385s] -- Installing: /home/josep/robotics/CatamaranDependencies/install/custom_interfaces/local/lib/python3.10/dist-packages/custom_interfaces-0.0.0-py3.10.egg-info/top_level.txt
[0.385s] -- Up-to-date: /home/josep/robotics/CatamaranDependencies/install/custom_interfaces/local/lib/python3.10/dist-packages/custom_interfaces
[0.385s] -- Up-to-date: /home/josep/robotics/CatamaranDependencies/install/custom_interfaces/local/lib/python3.10/dist-packages/custom_interfaces/srv
[0.385s] -- Up-to-date: /home/josep/robotics/CatamaranDependencies/install/custom_interfaces/local/lib/python3.10/dist-packages/custom_interfaces/srv/_get_position_s.c
[0.385s] -- Up-to-date: /home/josep/robotics/CatamaranDependencies/install/custom_interfaces/local/lib/python3.10/dist-packages/custom_interfaces/srv/_get_velocity.py
[0.385s] -- Up-to-date: /home/josep/robotics/CatamaranDependencies/install/custom_interfaces/local/lib/python3.10/dist-packages/custom_interfaces/srv/_get_velocity_s.c
[0.385s] -- Up-to-date: /home/josep/robotics/CatamaranDependencies/install/custom_interfaces/local/lib/python3.10/dist-packages/custom_interfaces/srv/__init__.py
[0.385s] -- Up-to-date: /home/josep/robotics/CatamaranDependencies/install/custom_interfaces/local/lib/python3.10/dist-packages/custom_interfaces/srv/_get_position.py
[0.385s] -- Up-to-date: /home/josep/robotics/CatamaranDependencies/install/custom_interfaces/local/lib/python3.10/dist-packages/custom_interfaces/custom_interfaces_s__rosidl_typesupport_c.cpython-310-x86_64-linux-gnu.so
[0.385s] -- Up-to-date: /home/josep/robotics/CatamaranDependencies/install/custom_interfaces/local/lib/python3.10/dist-packages/custom_interfaces/_custom_interfaces_s.ep.rosidl_typesupport_introspection_c.c
[0.385s] -- Up-to-date: /home/josep/robotics/CatamaranDependencies/install/custom_interfaces/local/lib/python3.10/dist-packages/custom_interfaces/_custom_interfaces_s.ep.rosidl_typesupport_c.c
[0.385s] -- Up-to-date: /home/josep/robotics/CatamaranDependencies/install/custom_interfaces/local/lib/python3.10/dist-packages/custom_interfaces/msg
[0.385s] -- Up-to-date: /home/josep/robotics/CatamaranDependencies/install/custom_interfaces/local/lib/python3.10/dist-packages/custom_interfaces/msg/_set_velocity_s.c
[0.385s] -- Up-to-date: /home/josep/robotics/CatamaranDependencies/install/custom_interfaces/local/lib/python3.10/dist-packages/custom_interfaces/msg/_set_position.py
[0.386s] -- Up-to-date: /home/josep/robotics/CatamaranDependencies/install/custom_interfaces/local/lib/python3.10/dist-packages/custom_interfaces/msg/_set_position_s.c
[0.386s] -- Up-to-date: /home/josep/robotics/CatamaranDependencies/install/custom_interfaces/local/lib/python3.10/dist-packages/custom_interfaces/msg/_set_velocity.py
[0.386s] -- Up-to-date: /home/josep/robotics/CatamaranDependencies/install/custom_interfaces/local/lib/python3.10/dist-packages/custom_interfaces/msg/__init__.py
[0.386s] -- Up-to-date: /home/josep/robotics/CatamaranDependencies/install/custom_interfaces/local/lib/python3.10/dist-packages/custom_interfaces/_custom_interfaces_s.ep.rosidl_typesupport_fastrtps_c.c
[0.386s] -- Up-to-date: /home/josep/robotics/CatamaranDependencies/install/custom_interfaces/local/lib/python3.10/dist-packages/custom_interfaces/libcustom_interfaces__rosidl_generator_py.so
[0.386s] -- Up-to-date: /home/josep/robotics/CatamaranDependencies/install/custom_interfaces/local/lib/python3.10/dist-packages/custom_interfaces/__init__.py
[0.386s] -- Up-to-date: /home/josep/robotics/CatamaranDependencies/install/custom_interfaces/local/lib/python3.10/dist-packages/custom_interfaces/custom_interfaces_s__rosidl_typesupport_fastrtps_c.cpython-310-x86_64-linux-gnu.so
[0.386s] -- Up-to-date: /home/josep/robotics/CatamaranDependencies/install/custom_interfaces/local/lib/python3.10/dist-packages/custom_interfaces/custom_interfaces_s__rosidl_typesupport_introspection_c.cpython-310-x86_64-linux-gnu.so
[0.413s] Listing '/home/josep/robotics/CatamaranDependencies/install/custom_interfaces/local/lib/python3.10/dist-packages/custom_interfaces'...
[0.413s] Listing '/home/josep/robotics/CatamaranDependencies/install/custom_interfaces/local/lib/python3.10/dist-packages/custom_interfaces/msg'...
[0.413s] Listing '/home/josep/robotics/CatamaranDependencies/install/custom_interfaces/local/lib/python3.10/dist-packages/custom_interfaces/srv'...
[0.417s] -- Up-to-date: /home/josep/robotics/CatamaranDependencies/install/custom_interfaces/local/lib/python3.10/dist-packages/custom_interfaces/custom_interfaces_s__rosidl_typesupport_fastrtps_c.cpython-310-x86_64-linux-gnu.so
[0.417s] -- Up-to-date: /home/josep/robotics/CatamaranDependencies/install/custom_interfaces/local/lib/python3.10/dist-packages/custom_interfaces/custom_interfaces_s__rosidl_typesupport_introspection_c.cpython-310-x86_64-linux-gnu.so
[0.418s] -- Up-to-date: /home/josep/robotics/CatamaranDependencies/install/custom_interfaces/local/lib/python3.10/dist-packages/custom_interfaces/custom_interfaces_s__rosidl_typesupport_c.cpython-310-x86_64-linux-gnu.so
[0.418s] -- Up-to-date: /home/josep/robotics/CatamaranDependencies/install/custom_interfaces/lib/libcustom_interfaces__rosidl_generator_py.so
[0.418s] -- Up-to-date: /home/josep/robotics/CatamaranDependencies/install/custom_interfaces/share/custom_interfaces/msg/SetPosition.idl
[0.418s] -- Up-to-date: /home/josep/robotics/CatamaranDependencies/install/custom_interfaces/share/custom_interfaces/msg/SetVelocity.idl
[0.418s] -- Up-to-date: /home/josep/robotics/CatamaranDependencies/install/custom_interfaces/share/custom_interfaces/srv/GetPosition.idl
[0.418s] -- Up-to-date: /home/josep/robotics/CatamaranDependencies/install/custom_interfaces/share/custom_interfaces/srv/GetVelocity.idl
[0.418s] -- Up-to-date: /home/josep/robotics/CatamaranDependencies/install/custom_interfaces/share/custom_interfaces/msg/SetPosition.msg
[0.418s] -- Up-to-date: /home/josep/robotics/CatamaranDependencies/install/custom_interfaces/share/custom_interfaces/msg/SetVelocity.msg
[0.419s] -- Up-to-date: /home/josep/robotics/CatamaranDependencies/install/custom_interfaces/share/custom_interfaces/srv/GetPosition.srv
[0.419s] -- Up-to-date: /home/josep/robotics/CatamaranDependencies/install/custom_interfaces/share/custom_interfaces/srv/GetPosition_Request.msg
[0.419s] -- Up-to-date: /home/josep/robotics/CatamaranDependencies/install/custom_interfaces/share/custom_interfaces/srv/GetPosition_Response.msg
[0.419s] -- Up-to-date: /home/josep/robotics/CatamaranDependencies/install/custom_interfaces/share/custom_interfaces/srv/GetVelocity.srv
[0.419s] -- Up-to-date: /home/josep/robotics/CatamaranDependencies/install/custom_interfaces/share/custom_interfaces/srv/GetVelocity_Request.msg
[0.419s] -- Up-to-date: /home/josep/robotics/CatamaranDependencies/install/custom_interfaces/share/custom_interfaces/srv/GetVelocity_Response.msg
[0.419s] -- Up-to-date: /home/josep/robotics/CatamaranDependencies/install/custom_interfaces/share/ament_index/resource_index/package_run_dependencies/custom_interfaces
[0.419s] -- Up-to-date: /home/josep/robotics/CatamaranDependencies/install/custom_interfaces/share/ament_index/resource_index/parent_prefix_path/custom_interfaces
[0.419s] -- Up-to-date: /home/josep/robotics/CatamaranDependencies/install/custom_interfaces/share/custom_interfaces/environment/ament_prefix_path.sh
[0.419s] -- Up-to-date: /home/josep/robotics/CatamaranDependencies/install/custom_interfaces/share/custom_interfaces/environment/ament_prefix_path.dsv
[0.419s] -- Up-to-date: /home/josep/robotics/CatamaranDependencies/install/custom_interfaces/share/custom_interfaces/environment/path.sh
[0.419s] -- Up-to-date: /home/josep/robotics/CatamaranDependencies/install/custom_interfaces/share/custom_interfaces/environment/path.dsv
[0.419s] -- Up-to-date: /home/josep/robotics/CatamaranDependencies/install/custom_interfaces/share/custom_interfaces/local_setup.bash
[0.419s] -- Up-to-date: /home/josep/robotics/CatamaranDependencies/install/custom_interfaces/share/custom_interfaces/local_setup.sh
[0.419s] -- Up-to-date: /home/josep/robotics/CatamaranDependencies/install/custom_interfaces/share/custom_interfaces/local_setup.zsh
[0.419s] -- Up-to-date: /home/josep/robotics/CatamaranDependencies/install/custom_interfaces/share/custom_interfaces/local_setup.dsv
[0.419s] -- Installing: /home/josep/robotics/CatamaranDependencies/install/custom_interfaces/share/custom_interfaces/package.dsv
[0.419s] -- Up-to-date: /home/josep/robotics/CatamaranDependencies/install/custom_interfaces/share/ament_index/resource_index/packages/custom_interfaces
[0.419s] -- Up-to-date: /home/josep/robotics/CatamaranDependencies/install/custom_interfaces/share/custom_interfaces/cmake/export_custom_interfaces__rosidl_generator_cExport.cmake
[0.419s] -- Up-to-date: /home/josep/robotics/CatamaranDependencies/install/custom_interfaces/share/custom_interfaces/cmake/export_custom_interfaces__rosidl_generator_cExport-noconfig.cmake
[0.419s] -- Up-to-date: /home/josep/robotics/CatamaranDependencies/install/custom_interfaces/share/custom_interfaces/cmake/export_custom_interfaces__rosidl_typesupport_fastrtps_cExport.cmake
[0.420s] -- Up-to-date: /home/josep/robotics/CatamaranDependencies/install/custom_interfaces/share/custom_interfaces/cmake/export_custom_interfaces__rosidl_typesupport_fastrtps_cExport-noconfig.cmake
[0.420s] -- Up-to-date: /home/josep/robotics/CatamaranDependencies/install/custom_interfaces/share/custom_interfaces/cmake/export_custom_interfaces__rosidl_generator_cppExport.cmake
[0.420s] -- Up-to-date: /home/josep/robotics/CatamaranDependencies/install/custom_interfaces/share/custom_interfaces/cmake/export_custom_interfaces__rosidl_typesupport_fastrtps_cppExport.cmake
[0.420s] -- Up-to-date: /home/josep/robotics/CatamaranDependencies/install/custom_interfaces/share/custom_interfaces/cmake/export_custom_interfaces__rosidl_typesupport_fastrtps_cppExport-noconfig.cmake
[0.420s] -- Up-to-date: /home/josep/robotics/CatamaranDependencies/install/custom_interfaces/share/custom_interfaces/cmake/custom_interfaces__rosidl_typesupport_introspection_cExport.cmake
[0.420s] -- Up-to-date: /home/josep/robotics/CatamaranDependencies/install/custom_interfaces/share/custom_interfaces/cmake/custom_interfaces__rosidl_typesupport_introspection_cExport-noconfig.cmake
[0.420s] -- Up-to-date: /home/josep/robotics/CatamaranDependencies/install/custom_interfaces/share/custom_interfaces/cmake/custom_interfaces__rosidl_typesupport_cExport.cmake
[0.420s] -- Up-to-date: /home/josep/robotics/CatamaranDependencies/install/custom_interfaces/share/custom_interfaces/cmake/custom_interfaces__rosidl_typesupport_cExport-noconfig.cmake
[0.420s] -- Up-to-date: /home/josep/robotics/CatamaranDependencies/install/custom_interfaces/share/custom_interfaces/cmake/custom_interfaces__rosidl_typesupport_introspection_cppExport.cmake
[0.420s] -- Up-to-date: /home/josep/robotics/CatamaranDependencies/install/custom_interfaces/share/custom_interfaces/cmake/custom_interfaces__rosidl_typesupport_introspection_cppExport-noconfig.cmake
[0.420s] -- Up-to-date: /home/josep/robotics/CatamaranDependencies/install/custom_interfaces/share/custom_interfaces/cmake/custom_interfaces__rosidl_typesupport_cppExport.cmake
[0.420s] -- Up-to-date: /home/josep/robotics/CatamaranDependencies/install/custom_interfaces/share/custom_interfaces/cmake/custom_interfaces__rosidl_typesupport_cppExport-noconfig.cmake
[0.420s] -- Up-to-date: /home/josep/robotics/CatamaranDependencies/install/custom_interfaces/share/custom_interfaces/cmake/export_custom_interfaces__rosidl_generator_pyExport.cmake
[0.420s] -- Up-to-date: /home/josep/robotics/CatamaranDependencies/install/custom_interfaces/share/custom_interfaces/cmake/export_custom_interfaces__rosidl_generator_pyExport-noconfig.cmake
[0.420s] -- Up-to-date: /home/josep/robotics/CatamaranDependencies/install/custom_interfaces/share/custom_interfaces/cmake/rosidl_cmake-extras.cmake
[0.420s] -- Up-to-date: /home/josep/robotics/CatamaranDependencies/install/custom_interfaces/share/custom_interfaces/cmake/ament_cmake_export_dependencies-extras.cmake
[0.420s] -- Up-to-date: /home/josep/robotics/CatamaranDependencies/install/custom_interfaces/share/custom_interfaces/cmake/ament_cmake_export_include_directories-extras.cmake
[0.420s] -- Up-to-date: /home/josep/robotics/CatamaranDependencies/install/custom_interfaces/share/custom_interfaces/cmake/ament_cmake_export_libraries-extras.cmake
[0.420s] -- Up-to-date: /home/josep/robotics/CatamaranDependencies/install/custom_interfaces/share/custom_interfaces/cmake/ament_cmake_export_targets-extras.cmake
[0.420s] -- Up-to-date: /home/josep/robotics/CatamaranDependencies/install/custom_interfaces/share/custom_interfaces/cmake/rosidl_cmake_export_typesupport_targets-extras.cmake
[0.420s] -- Up-to-date: /home/josep/robotics/CatamaranDependencies/install/custom_interfaces/share/custom_interfaces/cmake/rosidl_cmake_export_typesupport_libraries-extras.cmake
[0.420s] -- Up-to-date: /home/josep/robotics/CatamaranDependencies/install/custom_interfaces/share/custom_interfaces/cmake/custom_interfacesConfig.cmake
[0.420s] -- Up-to-date: /home/josep/robotics/CatamaranDependencies/install/custom_interfaces/share/custom_interfaces/cmake/custom_interfacesConfig-version.cmake
[0.421s] -- Up-to-date: /home/josep/robotics/CatamaranDependencies/install/custom_interfaces/share/custom_interfaces/package.xml
[0.423s] Invoked command in '/home/josep/robotics/CatamaranDependencies/build/custom_interfaces' returned '0': CMAKE_PREFIX_PATH=/opt/ros/humble /usr/bin/cmake --install /home/josep/robotics/CatamaranDependencies/build/custom_interfaces
