[0.024s] Invoking command in '/home/josep/robotics/CatamaranDependencies/build/custom_interfaces': CMAKE_PREFIX_PATH=/opt/ros/humble /usr/bin/cmake /home/josep/robotics/CatamaranDependencies/custom_interfaces -DCMAKE_INSTALL_PREFIX=/home/josep/robotics/CatamaranDependencies/install/custom_interfaces
[0.164s] -- The C compiler identification is GNU 11.4.0
[0.276s] -- The CXX compiler identification is GNU 11.4.0
[0.288s] -- Detecting C compiler ABI info
[0.382s] -- Detecting C compiler ABI info - done
[0.389s] -- Check for working C compiler: /usr/bin/cc - skipped
[0.389s] -- Detecting C compile features
[0.390s] -- Detecting C compile features - done
[0.393s] -- Detecting CXX compiler ABI info
[0.487s] -- Detecting CXX compiler ABI info - done
[0.493s] -- Check for working CXX compiler: /usr/bin/c++ - skipped
[0.493s] -- Detecting CXX compile features
[0.493s] -- Detecting CXX compile features - done
[0.496s] -- Found geometry_msgs: 4.9.0 (/opt/ros/humble/share/geometry_msgs/cmake)
[0.635s] -- Found Python3: /usr/bin/python3 (found version "3.10.12") found components: Interpreter 
[0.753s] -- Found rosidl_generator_c: 3.1.7 (/opt/ros/humble/share/rosidl_generator_c/cmake)
[0.758s] -- Found rosidl_adapter: 3.1.7 (/opt/ros/humble/share/rosidl_adapter/cmake)
[0.766s] -- Found rosidl_generator_cpp: 3.1.7 (/opt/ros/humble/share/rosidl_generator_cpp/cmake)
[0.778s] -- Using all available rosidl_typesupport_c: rosidl_typesupport_fastrtps_c;rosidl_typesupport_introspection_c
[0.792s] -- Using all available rosidl_typesupport_cpp: rosidl_typesupport_fastrtps_cpp;rosidl_typesupport_introspection_cpp
[0.827s] -- Found rosidl_default_generators: 1.2.0 (/opt/ros/humble/share/rosidl_default_generators/cmake)
[1.037s] -- Found ament_cmake_ros: 0.10.0 (/opt/ros/humble/share/ament_cmake_ros/cmake)
[1.264s] -- Using all available rosidl_typesupport_c: rosidl_typesupport_fastrtps_c;rosidl_typesupport_introspection_c
[1.352s] -- Using all available rosidl_typesupport_cpp: rosidl_typesupport_fastrtps_cpp;rosidl_typesupport_introspection_cpp
[1.367s] -- Found PythonInterp: /usr/bin/python3 (found suitable version "3.10.12", minimum required is "3.6") 
[1.368s] -- Found python_cmake_module: 0.10.0 (/opt/ros/humble/share/python_cmake_module/cmake)
[1.389s] -- Found PythonLibs: /usr/lib/x86_64-linux-gnu/libpython3.10.so (found suitable version "3.10.12", minimum required is "3.5") 
[1.389s] -- Using PYTHON_EXECUTABLE: /usr/bin/python3
[1.390s] -- Using PYTHON_INCLUDE_DIRS: /usr/include/python3.10
[1.390s] -- Using PYTHON_LIBRARIES: /usr/lib/x86_64-linux-gnu/libpython3.10.so
[1.404s] -- Found PythonExtra: .so  
[1.438s] -- Configuring done
[1.462s] -- Generating done
[1.469s] -- Build files have been written to: /home/josep/robotics/CatamaranDependencies/build/custom_interfaces
[1.481s] Invoked command in '/home/josep/robotics/CatamaranDependencies/build/custom_interfaces' returned '0': CMAKE_PREFIX_PATH=/opt/ros/humble /usr/bin/cmake /home/josep/robotics/CatamaranDependencies/custom_interfaces -DCMAKE_INSTALL_PREFIX=/home/josep/robotics/CatamaranDependencies/install/custom_interfaces
[1.483s] Invoking command in '/home/josep/robotics/CatamaranDependencies/build/custom_interfaces': CMAKE_PREFIX_PATH=/opt/ros/humble /usr/bin/cmake --build /home/josep/robotics/CatamaranDependencies/build/custom_interfaces -- -j16 -l16
[1.522s] [  1%] [34m[1mGenerating C code for ROS interfaces[0m
[1.530s] [  3%] [34m[1mGenerating C++ code for ROS interfaces[0m
[1.539s] [  3%] Built target ament_cmake_python_copy_custom_interfaces
[1.687s] running egg_info
[1.688s] creating custom_interfaces.egg-info
[1.688s] writing custom_interfaces.egg-info/PKG-INFO
[1.688s] writing dependency_links to custom_interfaces.egg-info/dependency_links.txt
[1.688s] writing top-level names to custom_interfaces.egg-info/top_level.txt
[1.688s] writing manifest file 'custom_interfaces.egg-info/SOURCES.txt'
[1.690s] reading manifest file 'custom_interfaces.egg-info/SOURCES.txt'
[1.690s] writing manifest file 'custom_interfaces.egg-info/SOURCES.txt'
[1.717s] [  3%] Built target ament_cmake_python_build_custom_interfaces_egg
[1.806s] [  5%] [32mBuilding C object CMakeFiles/custom_interfaces__rosidl_generator_c.dir/rosidl_generator_c/custom_interfaces/msg/detail/set_position__functions.c.o[0m
[1.806s] [  7%] Built target custom_interfaces__cpp
[1.806s] [  9%] [32mBuilding C object CMakeFiles/custom_interfaces__rosidl_generator_c.dir/rosidl_generator_c/custom_interfaces/srv/detail/get_position__functions.c.o[0m
[1.806s] [  9%] [32mBuilding C object CMakeFiles/custom_interfaces__rosidl_generator_c.dir/rosidl_generator_c/custom_interfaces/msg/detail/set_velocity__functions.c.o[0m
[1.807s] [ 10%] [32mBuilding C object CMakeFiles/custom_interfaces__rosidl_generator_c.dir/rosidl_generator_c/custom_interfaces/srv/detail/get_velocity__functions.c.o[0m
[1.816s] [ 16%] [34m[1mGenerating C++ type support dispatch for ROS interfaces[0m
[1.816s] [ 16%] [34m[1mGenerating C++ type support for eProsima Fast-RTPS[0m
[1.816s] [ 16%] [34m[1mGenerating C++ introspection for ROS interfaces[0m
[1.858s] [ 18%] [32m[1mLinking C shared library libcustom_interfaces__rosidl_generator_c.so[0m
[1.889s] [ 18%] Built target custom_interfaces__rosidl_generator_c
[1.899s] [ 23%] [34m[1mGenerating C type support for eProsima Fast-RTPS[0m
[1.900s] [ 23%] [34m[1mGenerating C type support dispatch for ROS interfaces[0m
[1.900s] [ 23%] [34m[1mGenerating C introspection for ROS interfaces[0m
[2.027s] [ 29%] [32mBuilding CXX object CMakeFiles/custom_interfaces__rosidl_typesupport_cpp.dir/rosidl_typesupport_cpp/custom_interfaces/msg/set_velocity__type_support.cpp.o[0m
[2.028s] [ 29%] [32mBuilding CXX object CMakeFiles/custom_interfaces__rosidl_typesupport_cpp.dir/rosidl_typesupport_cpp/custom_interfaces/msg/set_position__type_support.cpp.o[0m
[2.028s] [ 29%] [32mBuilding CXX object CMakeFiles/custom_interfaces__rosidl_typesupport_cpp.dir/rosidl_typesupport_cpp/custom_interfaces/srv/get_velocity__type_support.cpp.o[0m
[2.028s] [ 30%] [32mBuilding CXX object CMakeFiles/custom_interfaces__rosidl_typesupport_cpp.dir/rosidl_typesupport_cpp/custom_interfaces/srv/get_position__type_support.cpp.o[0m
[2.046s] [ 38%] [32mBuilding CXX object CMakeFiles/custom_interfaces__rosidl_typesupport_introspection_cpp.dir/rosidl_typesupport_introspection_cpp/custom_interfaces/msg/detail/set_velocity__type_support.cpp.o[0m
[2.046s] [ 38%] [32mBuilding CXX object CMakeFiles/custom_interfaces__rosidl_typesupport_introspection_cpp.dir/rosidl_typesupport_introspection_cpp/custom_interfaces/srv/detail/get_velocity__type_support.cpp.o[0m
[2.046s] [ 38%] [32mBuilding CXX object CMakeFiles/custom_interfaces__rosidl_typesupport_introspection_cpp.dir/rosidl_typesupport_introspection_cpp/custom_interfaces/srv/detail/get_position__type_support.cpp.o[0m
[2.046s] [ 38%] [32mBuilding CXX object CMakeFiles/custom_interfaces__rosidl_typesupport_introspection_cpp.dir/rosidl_typesupport_introspection_cpp/custom_interfaces/msg/detail/set_position__type_support.cpp.o[0m
[2.085s] [ 45%] [32mBuilding CXX object CMakeFiles/custom_interfaces__rosidl_typesupport_fastrtps_cpp.dir/rosidl_typesupport_fastrtps_cpp/custom_interfaces/msg/detail/dds_fastrtps/set_velocity__type_support.cpp.o[0m
[2.085s] [ 45%] [32mBuilding CXX object CMakeFiles/custom_interfaces__rosidl_typesupport_fastrtps_cpp.dir/rosidl_typesupport_fastrtps_cpp/custom_interfaces/srv/detail/dds_fastrtps/get_position__type_support.cpp.o[0m
[2.085s] [ 45%] [32mBuilding CXX object CMakeFiles/custom_interfaces__rosidl_typesupport_fastrtps_cpp.dir/rosidl_typesupport_fastrtps_cpp/custom_interfaces/msg/detail/dds_fastrtps/set_position__type_support.cpp.o[0m
[2.085s] [ 45%] [32mBuilding CXX object CMakeFiles/custom_interfaces__rosidl_typesupport_fastrtps_cpp.dir/rosidl_typesupport_fastrtps_cpp/custom_interfaces/srv/detail/dds_fastrtps/get_velocity__type_support.cpp.o[0m
[2.166s] [ 47%] [32mBuilding CXX object CMakeFiles/custom_interfaces__rosidl_typesupport_c.dir/rosidl_typesupport_c/custom_interfaces/msg/set_position__type_support.cpp.o[0m
[2.166s] [ 49%] [32mBuilding CXX object CMakeFiles/custom_interfaces__rosidl_typesupport_c.dir/rosidl_typesupport_c/custom_interfaces/msg/set_velocity__type_support.cpp.o[0m
[2.199s] [ 50%] [32mBuilding CXX object CMakeFiles/custom_interfaces__rosidl_typesupport_c.dir/rosidl_typesupport_c/custom_interfaces/srv/get_position__type_support.cpp.o[0m
[2.201s] [ 52%] [32mBuilding CXX object CMakeFiles/custom_interfaces__rosidl_typesupport_c.dir/rosidl_typesupport_c/custom_interfaces/srv/get_velocity__type_support.cpp.o[0m
[2.242s] [ 54%] [32m[1mLinking CXX shared library libcustom_interfaces__rosidl_typesupport_c.so[0m
[2.277s] [ 60%] [32mBuilding C object CMakeFiles/custom_interfaces__rosidl_typesupport_introspection_c.dir/rosidl_typesupport_introspection_c/custom_interfaces/msg/detail/set_position__type_support.c.o[0m
[2.277s] [ 60%] [32mBuilding CXX object CMakeFiles/custom_interfaces__rosidl_typesupport_fastrtps_c.dir/rosidl_typesupport_fastrtps_c/custom_interfaces/msg/detail/set_position__type_support_c.cpp.o[0m
[2.277s] [ 60%] [32mBuilding CXX object CMakeFiles/custom_interfaces__rosidl_typesupport_fastrtps_c.dir/rosidl_typesupport_fastrtps_c/custom_interfaces/msg/detail/set_velocity__type_support_c.cpp.o[0m
[2.286s] [ 63%] [32mBuilding CXX object CMakeFiles/custom_interfaces__rosidl_typesupport_fastrtps_c.dir/rosidl_typesupport_fastrtps_c/custom_interfaces/srv/detail/get_position__type_support_c.cpp.o[0m
[2.286s] [ 63%] [32mBuilding C object CMakeFiles/custom_interfaces__rosidl_typesupport_introspection_c.dir/rosidl_typesupport_introspection_c/custom_interfaces/msg/detail/set_velocity__type_support.c.o[0m
[2.290s] [ 65%] [32mBuilding C object CMakeFiles/custom_interfaces__rosidl_typesupport_introspection_c.dir/rosidl_typesupport_introspection_c/custom_interfaces/srv/detail/get_position__type_support.c.o[0m
[2.297s] [ 65%] Built target custom_interfaces__rosidl_typesupport_c
[2.297s] [ 67%] [32m[1mLinking CXX shared library libcustom_interfaces__rosidl_typesupport_cpp.so[0m
[2.306s] [ 69%] [32mBuilding CXX object CMakeFiles/custom_interfaces__rosidl_typesupport_fastrtps_c.dir/rosidl_typesupport_fastrtps_c/custom_interfaces/srv/detail/get_velocity__type_support_c.cpp.o[0m
[2.319s] [ 70%] [32mBuilding C object CMakeFiles/custom_interfaces__rosidl_typesupport_introspection_c.dir/rosidl_typesupport_introspection_c/custom_interfaces/srv/detail/get_velocity__type_support.c.o[0m
[2.347s] [ 70%] Built target custom_interfaces__rosidl_typesupport_cpp
[2.358s] [ 72%] [32m[1mLinking C shared library libcustom_interfaces__rosidl_typesupport_introspection_c.so[0m
[2.397s] [ 72%] Built target custom_interfaces__rosidl_typesupport_introspection_c
[2.407s] [ 74%] [32m[1mLinking CXX shared library libcustom_interfaces__rosidl_typesupport_introspection_cpp.so[0m
[2.449s] [ 74%] Built target custom_interfaces__rosidl_typesupport_introspection_cpp
[2.451s] [ 76%] [32m[1mLinking CXX shared library libcustom_interfaces__rosidl_typesupport_fastrtps_cpp.so[0m
[2.515s] [ 76%] Built target custom_interfaces__rosidl_typesupport_fastrtps_cpp
[2.548s] [ 78%] [32m[1mLinking CXX shared library libcustom_interfaces__rosidl_typesupport_fastrtps_c.so[0m
[2.603s] [ 78%] Built target custom_interfaces__rosidl_typesupport_fastrtps_c
[2.625s] [ 78%] Built target custom_interfaces
[2.644s] [ 80%] [34m[1mGenerating Python code for ROS interfaces[0m
[3.025s] [ 80%] Built target custom_interfaces__py
[3.042s] [ 87%] [32mBuilding C object CMakeFiles/custom_interfaces__rosidl_generator_py.dir/rosidl_generator_py/custom_interfaces/msg/_set_position_s.c.o[0m
[3.042s] [ 87%] [32mBuilding C object CMakeFiles/custom_interfaces__rosidl_generator_py.dir/rosidl_generator_py/custom_interfaces/msg/_set_velocity_s.c.o[0m
[3.042s] [ 87%] [32mBuilding C object CMakeFiles/custom_interfaces__rosidl_generator_py.dir/rosidl_generator_py/custom_interfaces/srv/_get_velocity_s.c.o[0m
[3.042s] [ 87%] [32mBuilding C object CMakeFiles/custom_interfaces__rosidl_generator_py.dir/rosidl_generator_py/custom_interfaces/srv/_get_position_s.c.o[0m
[3.127s] [ 89%] [32m[1mLinking C shared library rosidl_generator_py/custom_interfaces/libcustom_interfaces__rosidl_generator_py.so[0m
[3.161s] [ 89%] Built target custom_interfaces__rosidl_generator_py
[3.179s] [ 92%] [32mBuilding C object CMakeFiles/custom_interfaces__rosidl_typesupport_introspection_c__pyext.dir/rosidl_generator_py/custom_interfaces/_custom_interfaces_s.ep.rosidl_typesupport_introspection_c.c.o[0m
[3.179s] [ 92%] [32mBuilding C object CMakeFiles/custom_interfaces__rosidl_typesupport_c__pyext.dir/rosidl_generator_py/custom_interfaces/_custom_interfaces_s.ep.rosidl_typesupport_c.c.o[0m
[3.179s] [ 94%] [32mBuilding C object CMakeFiles/custom_interfaces__rosidl_typesupport_fastrtps_c__pyext.dir/rosidl_generator_py/custom_interfaces/_custom_interfaces_s.ep.rosidl_typesupport_fastrtps_c.c.o[0m
[3.262s] [100%] [32m[1mLinking C shared library rosidl_generator_py/custom_interfaces/custom_interfaces_s__rosidl_typesupport_fastrtps_c.cpython-310-x86_64-linux-gnu.so[0m
[3.262s] [100%] [32m[1mLinking C shared library rosidl_generator_py/custom_interfaces/custom_interfaces_s__rosidl_typesupport_introspection_c.cpython-310-x86_64-linux-gnu.so[0m
[3.262s] [100%] [32m[1mLinking C shared library rosidl_generator_py/custom_interfaces/custom_interfaces_s__rosidl_typesupport_c.cpython-310-x86_64-linux-gnu.so[0m
[3.291s] [100%] Built target custom_interfaces__rosidl_typesupport_introspection_c__pyext
[3.291s] [100%] Built target custom_interfaces__rosidl_typesupport_fastrtps_c__pyext
[3.291s] [100%] Built target custom_interfaces__rosidl_typesupport_c__pyext
[3.302s] Invoked command in '/home/josep/robotics/CatamaranDependencies/build/custom_interfaces' returned '0': CMAKE_PREFIX_PATH=/opt/ros/humble /usr/bin/cmake --build /home/josep/robotics/CatamaranDependencies/build/custom_interfaces -- -j16 -l16
[3.312s] Invoking command in '/home/josep/robotics/CatamaranDependencies/build/custom_interfaces': CMAKE_PREFIX_PATH=/opt/ros/humble /usr/bin/cmake --install /home/josep/robotics/CatamaranDependencies/build/custom_interfaces
[3.320s] -- Install configuration: ""
[3.320s] -- Installing: /home/josep/robotics/CatamaranDependencies/install/custom_interfaces/share/ament_index/resource_index/rosidl_interfaces/custom_interfaces
[3.320s] -- Up-to-date: /home/josep/robotics/CatamaranDependencies/install/custom_interfaces/include/custom_interfaces/custom_interfaces
[3.320s] -- Up-to-date: /home/josep/robotics/CatamaranDependencies/install/custom_interfaces/include/custom_interfaces/custom_interfaces/srv
[3.320s] -- Up-to-date: /home/josep/robotics/CatamaranDependencies/install/custom_interfaces/include/custom_interfaces/custom_interfaces/srv/detail
[3.320s] -- Installing: /home/josep/robotics/CatamaranDependencies/install/custom_interfaces/include/custom_interfaces/custom_interfaces/srv/detail/get_velocity__struct.h
[3.320s] -- Installing: /home/josep/robotics/CatamaranDependencies/install/custom_interfaces/include/custom_interfaces/custom_interfaces/srv/detail/get_position__functions.c
[3.321s] -- Installing: /home/josep/robotics/CatamaranDependencies/install/custom_interfaces/include/custom_interfaces/custom_interfaces/srv/detail/get_position__struct.h
[3.321s] -- Installing: /home/josep/robotics/CatamaranDependencies/install/custom_interfaces/include/custom_interfaces/custom_interfaces/srv/detail/get_position__functions.h
[3.321s] -- Installing: /home/josep/robotics/CatamaranDependencies/install/custom_interfaces/include/custom_interfaces/custom_interfaces/srv/detail/get_position__type_support.h
[3.321s] -- Installing: /home/josep/robotics/CatamaranDependencies/install/custom_interfaces/include/custom_interfaces/custom_interfaces/srv/detail/get_velocity__functions.c
[3.321s] -- Installing: /home/josep/robotics/CatamaranDependencies/install/custom_interfaces/include/custom_interfaces/custom_interfaces/srv/detail/get_velocity__type_support.h
[3.321s] -- Installing: /home/josep/robotics/CatamaranDependencies/install/custom_interfaces/include/custom_interfaces/custom_interfaces/srv/detail/get_velocity__functions.h
[3.321s] -- Installing: /home/josep/robotics/CatamaranDependencies/install/custom_interfaces/include/custom_interfaces/custom_interfaces/srv/get_position.h
[3.321s] -- Installing: /home/josep/robotics/CatamaranDependencies/install/custom_interfaces/include/custom_interfaces/custom_interfaces/srv/get_velocity.h
[3.321s] -- Up-to-date: /home/josep/robotics/CatamaranDependencies/install/custom_interfaces/include/custom_interfaces/custom_interfaces/msg
[3.321s] -- Installing: /home/josep/robotics/CatamaranDependencies/install/custom_interfaces/include/custom_interfaces/custom_interfaces/msg/set_position.h
[3.321s] -- Installing: /home/josep/robotics/CatamaranDependencies/install/custom_interfaces/include/custom_interfaces/custom_interfaces/msg/set_velocity.h
[3.321s] -- Up-to-date: /home/josep/robotics/CatamaranDependencies/install/custom_interfaces/include/custom_interfaces/custom_interfaces/msg/detail
[3.321s] -- Installing: /home/josep/robotics/CatamaranDependencies/install/custom_interfaces/include/custom_interfaces/custom_interfaces/msg/detail/set_position__struct.h
[3.321s] -- Installing: /home/josep/robotics/CatamaranDependencies/install/custom_interfaces/include/custom_interfaces/custom_interfaces/msg/detail/set_position__functions.c
[3.322s] -- Installing: /home/josep/robotics/CatamaranDependencies/install/custom_interfaces/include/custom_interfaces/custom_interfaces/msg/detail/set_velocity__functions.h
[3.322s] -- Installing: /home/josep/robotics/CatamaranDependencies/install/custom_interfaces/include/custom_interfaces/custom_interfaces/msg/detail/set_velocity__struct.h
[3.322s] -- Installing: /home/josep/robotics/CatamaranDependencies/install/custom_interfaces/include/custom_interfaces/custom_interfaces/msg/detail/set_position__functions.h
[3.322s] -- Installing: /home/josep/robotics/CatamaranDependencies/install/custom_interfaces/include/custom_interfaces/custom_interfaces/msg/detail/set_velocity__functions.c
[3.322s] -- Installing: /home/josep/robotics/CatamaranDependencies/install/custom_interfaces/include/custom_interfaces/custom_interfaces/msg/detail/set_velocity__type_support.h
[3.322s] -- Installing: /home/josep/robotics/CatamaranDependencies/install/custom_interfaces/include/custom_interfaces/custom_interfaces/msg/detail/set_position__type_support.h
[3.322s] -- Installing: /home/josep/robotics/CatamaranDependencies/install/custom_interfaces/include/custom_interfaces/custom_interfaces/msg/rosidl_generator_c__visibility_control.h
[3.322s] -- Installing: /home/josep/robotics/CatamaranDependencies/install/custom_interfaces/share/custom_interfaces/environment/library_path.sh
[3.322s] -- Installing: /home/josep/robotics/CatamaranDependencies/install/custom_interfaces/share/custom_interfaces/environment/library_path.dsv
[3.322s] -- Installing: /home/josep/robotics/CatamaranDependencies/install/custom_interfaces/lib/libcustom_interfaces__rosidl_generator_c.so
[3.323s] -- Set runtime path of "/home/josep/robotics/CatamaranDependencies/install/custom_interfaces/lib/libcustom_interfaces__rosidl_generator_c.so" to ""
[3.323s] -- Up-to-date: /home/josep/robotics/CatamaranDependencies/install/custom_interfaces/include/custom_interfaces/custom_interfaces
[3.323s] -- Up-to-date: /home/josep/robotics/CatamaranDependencies/install/custom_interfaces/include/custom_interfaces/custom_interfaces/srv
[3.323s] -- Up-to-date: /home/josep/robotics/CatamaranDependencies/install/custom_interfaces/include/custom_interfaces/custom_interfaces/srv/detail
[3.323s] -- Installing: /home/josep/robotics/CatamaranDependencies/install/custom_interfaces/include/custom_interfaces/custom_interfaces/srv/detail/get_velocity__rosidl_typesupport_fastrtps_c.h
[3.323s] -- Installing: /home/josep/robotics/CatamaranDependencies/install/custom_interfaces/include/custom_interfaces/custom_interfaces/srv/detail/get_position__rosidl_typesupport_fastrtps_c.h
[3.323s] -- Up-to-date: /home/josep/robotics/CatamaranDependencies/install/custom_interfaces/include/custom_interfaces/custom_interfaces/msg
[3.323s] -- Up-to-date: /home/josep/robotics/CatamaranDependencies/install/custom_interfaces/include/custom_interfaces/custom_interfaces/msg/detail
[3.323s] -- Installing: /home/josep/robotics/CatamaranDependencies/install/custom_interfaces/include/custom_interfaces/custom_interfaces/msg/detail/set_velocity__rosidl_typesupport_fastrtps_c.h
[3.323s] -- Installing: /home/josep/robotics/CatamaranDependencies/install/custom_interfaces/include/custom_interfaces/custom_interfaces/msg/detail/set_position__rosidl_typesupport_fastrtps_c.h
[3.323s] -- Installing: /home/josep/robotics/CatamaranDependencies/install/custom_interfaces/include/custom_interfaces/custom_interfaces/msg/rosidl_typesupport_fastrtps_c__visibility_control.h
[3.323s] -- Installing: /home/josep/robotics/CatamaranDependencies/install/custom_interfaces/lib/libcustom_interfaces__rosidl_typesupport_fastrtps_c.so
[3.324s] -- Set runtime path of "/home/josep/robotics/CatamaranDependencies/install/custom_interfaces/lib/libcustom_interfaces__rosidl_typesupport_fastrtps_c.so" to ""
[3.324s] -- Up-to-date: /home/josep/robotics/CatamaranDependencies/install/custom_interfaces/include/custom_interfaces/custom_interfaces
[3.324s] -- Up-to-date: /home/josep/robotics/CatamaranDependencies/install/custom_interfaces/include/custom_interfaces/custom_interfaces/srv
[3.324s] -- Installing: /home/josep/robotics/CatamaranDependencies/install/custom_interfaces/include/custom_interfaces/custom_interfaces/srv/get_velocity.hpp
[3.324s] -- Installing: /home/josep/robotics/CatamaranDependencies/install/custom_interfaces/include/custom_interfaces/custom_interfaces/srv/get_position.hpp
[3.324s] -- Up-to-date: /home/josep/robotics/CatamaranDependencies/install/custom_interfaces/include/custom_interfaces/custom_interfaces/srv/detail
[3.324s] -- Installing: /home/josep/robotics/CatamaranDependencies/install/custom_interfaces/include/custom_interfaces/custom_interfaces/srv/detail/get_velocity__struct.hpp
[3.324s] -- Installing: /home/josep/robotics/CatamaranDependencies/install/custom_interfaces/include/custom_interfaces/custom_interfaces/srv/detail/get_position__builder.hpp
[3.324s] -- Installing: /home/josep/robotics/CatamaranDependencies/install/custom_interfaces/include/custom_interfaces/custom_interfaces/srv/detail/get_position__type_support.hpp
[3.324s] -- Installing: /home/josep/robotics/CatamaranDependencies/install/custom_interfaces/include/custom_interfaces/custom_interfaces/srv/detail/get_velocity__type_support.hpp
[3.324s] -- Installing: /home/josep/robotics/CatamaranDependencies/install/custom_interfaces/include/custom_interfaces/custom_interfaces/srv/detail/get_velocity__traits.hpp
[3.324s] -- Installing: /home/josep/robotics/CatamaranDependencies/install/custom_interfaces/include/custom_interfaces/custom_interfaces/srv/detail/get_position__struct.hpp
[3.324s] -- Installing: /home/josep/robotics/CatamaranDependencies/install/custom_interfaces/include/custom_interfaces/custom_interfaces/srv/detail/get_position__traits.hpp
[3.325s] -- Installing: /home/josep/robotics/CatamaranDependencies/install/custom_interfaces/include/custom_interfaces/custom_interfaces/srv/detail/get_velocity__builder.hpp
[3.325s] -- Up-to-date: /home/josep/robotics/CatamaranDependencies/install/custom_interfaces/include/custom_interfaces/custom_interfaces/msg
[3.325s] -- Installing: /home/josep/robotics/CatamaranDependencies/install/custom_interfaces/include/custom_interfaces/custom_interfaces/msg/rosidl_generator_cpp__visibility_control.hpp
[3.325s] -- Installing: /home/josep/robotics/CatamaranDependencies/install/custom_interfaces/include/custom_interfaces/custom_interfaces/msg/set_position.hpp
[3.325s] -- Up-to-date: /home/josep/robotics/CatamaranDependencies/install/custom_interfaces/include/custom_interfaces/custom_interfaces/msg/detail
[3.325s] -- Installing: /home/josep/robotics/CatamaranDependencies/install/custom_interfaces/include/custom_interfaces/custom_interfaces/msg/detail/set_velocity__struct.hpp
[3.325s] -- Installing: /home/josep/robotics/CatamaranDependencies/install/custom_interfaces/include/custom_interfaces/custom_interfaces/msg/detail/set_velocity__type_support.hpp
[3.325s] -- Installing: /home/josep/robotics/CatamaranDependencies/install/custom_interfaces/include/custom_interfaces/custom_interfaces/msg/detail/set_position__builder.hpp
[3.325s] -- Installing: /home/josep/robotics/CatamaranDependencies/install/custom_interfaces/include/custom_interfaces/custom_interfaces/msg/detail/set_velocity__traits.hpp
[3.325s] -- Installing: /home/josep/robotics/CatamaranDependencies/install/custom_interfaces/include/custom_interfaces/custom_interfaces/msg/detail/set_velocity__builder.hpp
[3.325s] -- Installing: /home/josep/robotics/CatamaranDependencies/install/custom_interfaces/include/custom_interfaces/custom_interfaces/msg/detail/set_position__type_support.hpp
[3.325s] -- Installing: /home/josep/robotics/CatamaranDependencies/install/custom_interfaces/include/custom_interfaces/custom_interfaces/msg/detail/set_position__struct.hpp
[3.325s] -- Installing: /home/josep/robotics/CatamaranDependencies/install/custom_interfaces/include/custom_interfaces/custom_interfaces/msg/detail/set_position__traits.hpp
[3.326s] -- Installing: /home/josep/robotics/CatamaranDependencies/install/custom_interfaces/include/custom_interfaces/custom_interfaces/msg/set_velocity.hpp
[3.326s] -- Up-to-date: /home/josep/robotics/CatamaranDependencies/install/custom_interfaces/include/custom_interfaces/custom_interfaces
[3.326s] -- Up-to-date: /home/josep/robotics/CatamaranDependencies/install/custom_interfaces/include/custom_interfaces/custom_interfaces/srv
[3.326s] -- Up-to-date: /home/josep/robotics/CatamaranDependencies/install/custom_interfaces/include/custom_interfaces/custom_interfaces/srv/detail
[3.326s] -- Installing: /home/josep/robotics/CatamaranDependencies/install/custom_interfaces/include/custom_interfaces/custom_interfaces/srv/detail/get_velocity__rosidl_typesupport_fastrtps_cpp.hpp
[3.326s] -- Installing: /home/josep/robotics/CatamaranDependencies/install/custom_interfaces/include/custom_interfaces/custom_interfaces/srv/detail/get_position__rosidl_typesupport_fastrtps_cpp.hpp
[3.326s] -- Up-to-date: /home/josep/robotics/CatamaranDependencies/install/custom_interfaces/include/custom_interfaces/custom_interfaces/srv/detail/dds_fastrtps
[3.326s] -- Up-to-date: /home/josep/robotics/CatamaranDependencies/install/custom_interfaces/include/custom_interfaces/custom_interfaces/msg
[3.326s] -- Installing: /home/josep/robotics/CatamaranDependencies/install/custom_interfaces/include/custom_interfaces/custom_interfaces/msg/rosidl_typesupport_fastrtps_cpp__visibility_control.h
[3.326s] -- Up-to-date: /home/josep/robotics/CatamaranDependencies/install/custom_interfaces/include/custom_interfaces/custom_interfaces/msg/detail
[3.326s] -- Installing: /home/josep/robotics/CatamaranDependencies/install/custom_interfaces/include/custom_interfaces/custom_interfaces/msg/detail/set_velocity__rosidl_typesupport_fastrtps_cpp.hpp
[3.326s] -- Installing: /home/josep/robotics/CatamaranDependencies/install/custom_interfaces/include/custom_interfaces/custom_interfaces/msg/detail/set_position__rosidl_typesupport_fastrtps_cpp.hpp
[3.326s] -- Up-to-date: /home/josep/robotics/CatamaranDependencies/install/custom_interfaces/include/custom_interfaces/custom_interfaces/msg/detail/dds_fastrtps
[3.326s] -- Installing: /home/josep/robotics/CatamaranDependencies/install/custom_interfaces/lib/libcustom_interfaces__rosidl_typesupport_fastrtps_cpp.so
[3.327s] -- Set runtime path of "/home/josep/robotics/CatamaranDependencies/install/custom_interfaces/lib/libcustom_interfaces__rosidl_typesupport_fastrtps_cpp.so" to ""
[3.327s] -- Up-to-date: /home/josep/robotics/CatamaranDependencies/install/custom_interfaces/include/custom_interfaces/custom_interfaces
[3.327s] -- Up-to-date: /home/josep/robotics/CatamaranDependencies/install/custom_interfaces/include/custom_interfaces/custom_interfaces/srv
[3.327s] -- Up-to-date: /home/josep/robotics/CatamaranDependencies/install/custom_interfaces/include/custom_interfaces/custom_interfaces/srv/detail
[3.327s] -- Installing: /home/josep/robotics/CatamaranDependencies/install/custom_interfaces/include/custom_interfaces/custom_interfaces/srv/detail/get_position__rosidl_typesupport_introspection_c.h
[3.327s] -- Installing: /home/josep/robotics/CatamaranDependencies/install/custom_interfaces/include/custom_interfaces/custom_interfaces/srv/detail/get_velocity__type_support.c
[3.327s] -- Installing: /home/josep/robotics/CatamaranDependencies/install/custom_interfaces/include/custom_interfaces/custom_interfaces/srv/detail/get_position__type_support.c
[3.327s] -- Installing: /home/josep/robotics/CatamaranDependencies/install/custom_interfaces/include/custom_interfaces/custom_interfaces/srv/detail/get_velocity__rosidl_typesupport_introspection_c.h
[3.327s] -- Up-to-date: /home/josep/robotics/CatamaranDependencies/install/custom_interfaces/include/custom_interfaces/custom_interfaces/msg
[3.327s] -- Installing: /home/josep/robotics/CatamaranDependencies/install/custom_interfaces/include/custom_interfaces/custom_interfaces/msg/rosidl_typesupport_introspection_c__visibility_control.h
[3.327s] -- Up-to-date: /home/josep/robotics/CatamaranDependencies/install/custom_interfaces/include/custom_interfaces/custom_interfaces/msg/detail
[3.327s] -- Installing: /home/josep/robotics/CatamaranDependencies/install/custom_interfaces/include/custom_interfaces/custom_interfaces/msg/detail/set_velocity__type_support.c
[3.327s] -- Installing: /home/josep/robotics/CatamaranDependencies/install/custom_interfaces/include/custom_interfaces/custom_interfaces/msg/detail/set_position__type_support.c
[3.327s] -- Installing: /home/josep/robotics/CatamaranDependencies/install/custom_interfaces/include/custom_interfaces/custom_interfaces/msg/detail/set_position__rosidl_typesupport_introspection_c.h
[3.327s] -- Installing: /home/josep/robotics/CatamaranDependencies/install/custom_interfaces/include/custom_interfaces/custom_interfaces/msg/detail/set_velocity__rosidl_typesupport_introspection_c.h
[3.328s] -- Installing: /home/josep/robotics/CatamaranDependencies/install/custom_interfaces/lib/libcustom_interfaces__rosidl_typesupport_introspection_c.so
[3.328s] -- Set runtime path of "/home/josep/robotics/CatamaranDependencies/install/custom_interfaces/lib/libcustom_interfaces__rosidl_typesupport_introspection_c.so" to ""
[3.328s] -- Installing: /home/josep/robotics/CatamaranDependencies/install/custom_interfaces/lib/libcustom_interfaces__rosidl_typesupport_c.so
[3.328s] -- Set runtime path of "/home/josep/robotics/CatamaranDependencies/install/custom_interfaces/lib/libcustom_interfaces__rosidl_typesupport_c.so" to ""
[3.328s] -- Up-to-date: /home/josep/robotics/CatamaranDependencies/install/custom_interfaces/include/custom_interfaces/custom_interfaces
[3.328s] -- Up-to-date: /home/josep/robotics/CatamaranDependencies/install/custom_interfaces/include/custom_interfaces/custom_interfaces/srv
[3.328s] -- Up-to-date: /home/josep/robotics/CatamaranDependencies/install/custom_interfaces/include/custom_interfaces/custom_interfaces/srv/detail
[3.328s] -- Installing: /home/josep/robotics/CatamaranDependencies/install/custom_interfaces/include/custom_interfaces/custom_interfaces/srv/detail/get_position__type_support.cpp
[3.328s] -- Installing: /home/josep/robotics/CatamaranDependencies/install/custom_interfaces/include/custom_interfaces/custom_interfaces/srv/detail/get_velocity__type_support.cpp
[3.328s] -- Installing: /home/josep/robotics/CatamaranDependencies/install/custom_interfaces/include/custom_interfaces/custom_interfaces/srv/detail/get_position__rosidl_typesupport_introspection_cpp.hpp
[3.329s] -- Installing: /home/josep/robotics/CatamaranDependencies/install/custom_interfaces/include/custom_interfaces/custom_interfaces/srv/detail/get_velocity__rosidl_typesupport_introspection_cpp.hpp
[3.329s] -- Up-to-date: /home/josep/robotics/CatamaranDependencies/install/custom_interfaces/include/custom_interfaces/custom_interfaces/msg
[3.329s] -- Up-to-date: /home/josep/robotics/CatamaranDependencies/install/custom_interfaces/include/custom_interfaces/custom_interfaces/msg/detail
[3.329s] -- Installing: /home/josep/robotics/CatamaranDependencies/install/custom_interfaces/include/custom_interfaces/custom_interfaces/msg/detail/set_velocity__type_support.cpp
[3.329s] -- Installing: /home/josep/robotics/CatamaranDependencies/install/custom_interfaces/include/custom_interfaces/custom_interfaces/msg/detail/set_position__rosidl_typesupport_introspection_cpp.hpp
[3.329s] -- Installing: /home/josep/robotics/CatamaranDependencies/install/custom_interfaces/include/custom_interfaces/custom_interfaces/msg/detail/set_velocity__rosidl_typesupport_introspection_cpp.hpp
[3.329s] -- Installing: /home/josep/robotics/CatamaranDependencies/install/custom_interfaces/include/custom_interfaces/custom_interfaces/msg/detail/set_position__type_support.cpp
[3.329s] -- Installing: /home/josep/robotics/CatamaranDependencies/install/custom_interfaces/lib/libcustom_interfaces__rosidl_typesupport_introspection_cpp.so
[3.329s] -- Set runtime path of "/home/josep/robotics/CatamaranDependencies/install/custom_interfaces/lib/libcustom_interfaces__rosidl_typesupport_introspection_cpp.so" to ""
[3.329s] -- Installing: /home/josep/robotics/CatamaranDependencies/install/custom_interfaces/lib/libcustom_interfaces__rosidl_typesupport_cpp.so
[3.330s] -- Set runtime path of "/home/josep/robotics/CatamaranDependencies/install/custom_interfaces/lib/libcustom_interfaces__rosidl_typesupport_cpp.so" to ""
[3.330s] -- Installing: /home/josep/robotics/CatamaranDependencies/install/custom_interfaces/share/custom_interfaces/environment/pythonpath.sh
[3.330s] -- Installing: /home/josep/robotics/CatamaranDependencies/install/custom_interfaces/share/custom_interfaces/environment/pythonpath.dsv
[3.330s] -- Installing: /home/josep/robotics/CatamaranDependencies/install/custom_interfaces/local/lib/python3.10/dist-packages/custom_interfaces-0.0.0-py3.10.egg-info
[3.330s] -- Installing: /home/josep/robotics/CatamaranDependencies/install/custom_interfaces/local/lib/python3.10/dist-packages/custom_interfaces-0.0.0-py3.10.egg-info/PKG-INFO
[3.330s] -- Installing: /home/josep/robotics/CatamaranDependencies/install/custom_interfaces/local/lib/python3.10/dist-packages/custom_interfaces-0.0.0-py3.10.egg-info/dependency_links.txt
[3.330s] -- Installing: /home/josep/robotics/CatamaranDependencies/install/custom_interfaces/local/lib/python3.10/dist-packages/custom_interfaces-0.0.0-py3.10.egg-info/SOURCES.txt
[3.330s] -- Installing: /home/josep/robotics/CatamaranDependencies/install/custom_interfaces/local/lib/python3.10/dist-packages/custom_interfaces-0.0.0-py3.10.egg-info/top_level.txt
[3.330s] -- Installing: /home/josep/robotics/CatamaranDependencies/install/custom_interfaces/local/lib/python3.10/dist-packages/custom_interfaces
[3.330s] -- Installing: /home/josep/robotics/CatamaranDependencies/install/custom_interfaces/local/lib/python3.10/dist-packages/custom_interfaces/srv
[3.330s] -- Installing: /home/josep/robotics/CatamaranDependencies/install/custom_interfaces/local/lib/python3.10/dist-packages/custom_interfaces/srv/_get_position_s.c
[3.331s] -- Installing: /home/josep/robotics/CatamaranDependencies/install/custom_interfaces/local/lib/python3.10/dist-packages/custom_interfaces/srv/_get_velocity.py
[3.331s] -- Installing: /home/josep/robotics/CatamaranDependencies/install/custom_interfaces/local/lib/python3.10/dist-packages/custom_interfaces/srv/_get_velocity_s.c
[3.331s] -- Installing: /home/josep/robotics/CatamaranDependencies/install/custom_interfaces/local/lib/python3.10/dist-packages/custom_interfaces/srv/__init__.py
[3.331s] -- Installing: /home/josep/robotics/CatamaranDependencies/install/custom_interfaces/local/lib/python3.10/dist-packages/custom_interfaces/srv/_get_position.py
[3.331s] -- Installing: /home/josep/robotics/CatamaranDependencies/install/custom_interfaces/local/lib/python3.10/dist-packages/custom_interfaces/custom_interfaces_s__rosidl_typesupport_c.cpython-310-x86_64-linux-gnu.so
[3.331s] -- Installing: /home/josep/robotics/CatamaranDependencies/install/custom_interfaces/local/lib/python3.10/dist-packages/custom_interfaces/_custom_interfaces_s.ep.rosidl_typesupport_introspection_c.c
[3.331s] -- Installing: /home/josep/robotics/CatamaranDependencies/install/custom_interfaces/local/lib/python3.10/dist-packages/custom_interfaces/_custom_interfaces_s.ep.rosidl_typesupport_c.c
[3.331s] -- Installing: /home/josep/robotics/CatamaranDependencies/install/custom_interfaces/local/lib/python3.10/dist-packages/custom_interfaces/msg
[3.331s] -- Installing: /home/josep/robotics/CatamaranDependencies/install/custom_interfaces/local/lib/python3.10/dist-packages/custom_interfaces/msg/_set_velocity_s.c
[3.331s] -- Installing: /home/josep/robotics/CatamaranDependencies/install/custom_interfaces/local/lib/python3.10/dist-packages/custom_interfaces/msg/_set_position.py
[3.331s] -- Installing: /home/josep/robotics/CatamaranDependencies/install/custom_interfaces/local/lib/python3.10/dist-packages/custom_interfaces/msg/_set_position_s.c
[3.332s] -- Installing: /home/josep/robotics/CatamaranDependencies/install/custom_interfaces/local/lib/python3.10/dist-packages/custom_interfaces/msg/_set_velocity.py
[3.332s] -- Installing: /home/josep/robotics/CatamaranDependencies/install/custom_interfaces/local/lib/python3.10/dist-packages/custom_interfaces/msg/__init__.py
[3.332s] -- Installing: /home/josep/robotics/CatamaranDependencies/install/custom_interfaces/local/lib/python3.10/dist-packages/custom_interfaces/_custom_interfaces_s.ep.rosidl_typesupport_fastrtps_c.c
[3.332s] -- Installing: /home/josep/robotics/CatamaranDependencies/install/custom_interfaces/local/lib/python3.10/dist-packages/custom_interfaces/libcustom_interfaces__rosidl_generator_py.so
[3.332s] -- Installing: /home/josep/robotics/CatamaranDependencies/install/custom_interfaces/local/lib/python3.10/dist-packages/custom_interfaces/__init__.py
[3.332s] -- Installing: /home/josep/robotics/CatamaranDependencies/install/custom_interfaces/local/lib/python3.10/dist-packages/custom_interfaces/custom_interfaces_s__rosidl_typesupport_fastrtps_c.cpython-310-x86_64-linux-gnu.so
[3.332s] -- Installing: /home/josep/robotics/CatamaranDependencies/install/custom_interfaces/local/lib/python3.10/dist-packages/custom_interfaces/custom_interfaces_s__rosidl_typesupport_introspection_c.cpython-310-x86_64-linux-gnu.so
[3.357s] Listing '/home/josep/robotics/CatamaranDependencies/install/custom_interfaces/local/lib/python3.10/dist-packages/custom_interfaces'...
[3.357s] Compiling '/home/josep/robotics/CatamaranDependencies/install/custom_interfaces/local/lib/python3.10/dist-packages/custom_interfaces/__init__.py'...
[3.357s] Listing '/home/josep/robotics/CatamaranDependencies/install/custom_interfaces/local/lib/python3.10/dist-packages/custom_interfaces/msg'...
[3.357s] Compiling '/home/josep/robotics/CatamaranDependencies/install/custom_interfaces/local/lib/python3.10/dist-packages/custom_interfaces/msg/__init__.py'...
[3.357s] Compiling '/home/josep/robotics/CatamaranDependencies/install/custom_interfaces/local/lib/python3.10/dist-packages/custom_interfaces/msg/_set_position.py'...
[3.357s] Compiling '/home/josep/robotics/CatamaranDependencies/install/custom_interfaces/local/lib/python3.10/dist-packages/custom_interfaces/msg/_set_velocity.py'...
[3.357s] Listing '/home/josep/robotics/CatamaranDependencies/install/custom_interfaces/local/lib/python3.10/dist-packages/custom_interfaces/srv'...
[3.357s] Compiling '/home/josep/robotics/CatamaranDependencies/install/custom_interfaces/local/lib/python3.10/dist-packages/custom_interfaces/srv/__init__.py'...
[3.357s] Compiling '/home/josep/robotics/CatamaranDependencies/install/custom_interfaces/local/lib/python3.10/dist-packages/custom_interfaces/srv/_get_position.py'...
[3.357s] Compiling '/home/josep/robotics/CatamaranDependencies/install/custom_interfaces/local/lib/python3.10/dist-packages/custom_interfaces/srv/_get_velocity.py'...
[3.360s] -- Installing: /home/josep/robotics/CatamaranDependencies/install/custom_interfaces/local/lib/python3.10/dist-packages/custom_interfaces/custom_interfaces_s__rosidl_typesupport_fastrtps_c.cpython-310-x86_64-linux-gnu.so
[3.360s] -- Set runtime path of "/home/josep/robotics/CatamaranDependencies/install/custom_interfaces/local/lib/python3.10/dist-packages/custom_interfaces/custom_interfaces_s__rosidl_typesupport_fastrtps_c.cpython-310-x86_64-linux-gnu.so" to ""
[3.360s] -- Installing: /home/josep/robotics/CatamaranDependencies/install/custom_interfaces/local/lib/python3.10/dist-packages/custom_interfaces/custom_interfaces_s__rosidl_typesupport_introspection_c.cpython-310-x86_64-linux-gnu.so
[3.360s] -- Set runtime path of "/home/josep/robotics/CatamaranDependencies/install/custom_interfaces/local/lib/python3.10/dist-packages/custom_interfaces/custom_interfaces_s__rosidl_typesupport_introspection_c.cpython-310-x86_64-linux-gnu.so" to ""
[3.361s] -- Installing: /home/josep/robotics/CatamaranDependencies/install/custom_interfaces/local/lib/python3.10/dist-packages/custom_interfaces/custom_interfaces_s__rosidl_typesupport_c.cpython-310-x86_64-linux-gnu.so
[3.361s] -- Set runtime path of "/home/josep/robotics/CatamaranDependencies/install/custom_interfaces/local/lib/python3.10/dist-packages/custom_interfaces/custom_interfaces_s__rosidl_typesupport_c.cpython-310-x86_64-linux-gnu.so" to ""
[3.361s] -- Installing: /home/josep/robotics/CatamaranDependencies/install/custom_interfaces/lib/libcustom_interfaces__rosidl_generator_py.so
[3.361s] -- Set runtime path of "/home/josep/robotics/CatamaranDependencies/install/custom_interfaces/lib/libcustom_interfaces__rosidl_generator_py.so" to ""
[3.361s] -- Installing: /home/josep/robotics/CatamaranDependencies/install/custom_interfaces/share/custom_interfaces/msg/SetPosition.idl
[3.361s] -- Installing: /home/josep/robotics/CatamaranDependencies/install/custom_interfaces/share/custom_interfaces/msg/SetVelocity.idl
[3.361s] -- Installing: /home/josep/robotics/CatamaranDependencies/install/custom_interfaces/share/custom_interfaces/srv/GetPosition.idl
[3.361s] -- Installing: /home/josep/robotics/CatamaranDependencies/install/custom_interfaces/share/custom_interfaces/srv/GetVelocity.idl
[3.361s] -- Installing: /home/josep/robotics/CatamaranDependencies/install/custom_interfaces/share/custom_interfaces/msg/SetPosition.msg
[3.362s] -- Installing: /home/josep/robotics/CatamaranDependencies/install/custom_interfaces/share/custom_interfaces/msg/SetVelocity.msg
[3.362s] -- Installing: /home/josep/robotics/CatamaranDependencies/install/custom_interfaces/share/custom_interfaces/srv/GetPosition.srv
[3.362s] -- Installing: /home/josep/robotics/CatamaranDependencies/install/custom_interfaces/share/custom_interfaces/srv/GetPosition_Request.msg
[3.362s] -- Installing: /home/josep/robotics/CatamaranDependencies/install/custom_interfaces/share/custom_interfaces/srv/GetPosition_Response.msg
[3.362s] -- Installing: /home/josep/robotics/CatamaranDependencies/install/custom_interfaces/share/custom_interfaces/srv/GetVelocity.srv
[3.362s] -- Installing: /home/josep/robotics/CatamaranDependencies/install/custom_interfaces/share/custom_interfaces/srv/GetVelocity_Request.msg
[3.362s] -- Installing: /home/josep/robotics/CatamaranDependencies/install/custom_interfaces/share/custom_interfaces/srv/GetVelocity_Response.msg
[3.362s] -- Installing: /home/josep/robotics/CatamaranDependencies/install/custom_interfaces/share/ament_index/resource_index/package_run_dependencies/custom_interfaces
[3.362s] -- Installing: /home/josep/robotics/CatamaranDependencies/install/custom_interfaces/share/ament_index/resource_index/parent_prefix_path/custom_interfaces
[3.363s] -- Installing: /home/josep/robotics/CatamaranDependencies/install/custom_interfaces/share/custom_interfaces/environment/ament_prefix_path.sh
[3.363s] -- Installing: /home/josep/robotics/CatamaranDependencies/install/custom_interfaces/share/custom_interfaces/environment/ament_prefix_path.dsv
[3.363s] -- Installing: /home/josep/robotics/CatamaranDependencies/install/custom_interfaces/share/custom_interfaces/environment/path.sh
[3.363s] -- Installing: /home/josep/robotics/CatamaranDependencies/install/custom_interfaces/share/custom_interfaces/environment/path.dsv
[3.363s] -- Installing: /home/josep/robotics/CatamaranDependencies/install/custom_interfaces/share/custom_interfaces/local_setup.bash
[3.363s] -- Installing: /home/josep/robotics/CatamaranDependencies/install/custom_interfaces/share/custom_interfaces/local_setup.sh
[3.363s] -- Installing: /home/josep/robotics/CatamaranDependencies/install/custom_interfaces/share/custom_interfaces/local_setup.zsh
[3.363s] -- Installing: /home/josep/robotics/CatamaranDependencies/install/custom_interfaces/share/custom_interfaces/local_setup.dsv
[3.363s] -- Installing: /home/josep/robotics/CatamaranDependencies/install/custom_interfaces/share/custom_interfaces/package.dsv
[3.363s] -- Installing: /home/josep/robotics/CatamaranDependencies/install/custom_interfaces/share/ament_index/resource_index/packages/custom_interfaces
[3.364s] -- Installing: /home/josep/robotics/CatamaranDependencies/install/custom_interfaces/share/custom_interfaces/cmake/export_custom_interfaces__rosidl_generator_cExport.cmake
[3.364s] -- Installing: /home/josep/robotics/CatamaranDependencies/install/custom_interfaces/share/custom_interfaces/cmake/export_custom_interfaces__rosidl_generator_cExport-noconfig.cmake
[3.364s] -- Installing: /home/josep/robotics/CatamaranDependencies/install/custom_interfaces/share/custom_interfaces/cmake/export_custom_interfaces__rosidl_typesupport_fastrtps_cExport.cmake
[3.364s] -- Installing: /home/josep/robotics/CatamaranDependencies/install/custom_interfaces/share/custom_interfaces/cmake/export_custom_interfaces__rosidl_typesupport_fastrtps_cExport-noconfig.cmake
[3.364s] -- Installing: /home/josep/robotics/CatamaranDependencies/install/custom_interfaces/share/custom_interfaces/cmake/export_custom_interfaces__rosidl_generator_cppExport.cmake
[3.364s] -- Installing: /home/josep/robotics/CatamaranDependencies/install/custom_interfaces/share/custom_interfaces/cmake/export_custom_interfaces__rosidl_typesupport_fastrtps_cppExport.cmake
[3.364s] -- Installing: /home/josep/robotics/CatamaranDependencies/install/custom_interfaces/share/custom_interfaces/cmake/export_custom_interfaces__rosidl_typesupport_fastrtps_cppExport-noconfig.cmake
[3.364s] -- Installing: /home/josep/robotics/CatamaranDependencies/install/custom_interfaces/share/custom_interfaces/cmake/custom_interfaces__rosidl_typesupport_introspection_cExport.cmake
[3.364s] -- Installing: /home/josep/robotics/CatamaranDependencies/install/custom_interfaces/share/custom_interfaces/cmake/custom_interfaces__rosidl_typesupport_introspection_cExport-noconfig.cmake
[3.364s] -- Installing: /home/josep/robotics/CatamaranDependencies/install/custom_interfaces/share/custom_interfaces/cmake/custom_interfaces__rosidl_typesupport_cExport.cmake
[3.365s] -- Installing: /home/josep/robotics/CatamaranDependencies/install/custom_interfaces/share/custom_interfaces/cmake/custom_interfaces__rosidl_typesupport_cExport-noconfig.cmake
[3.365s] -- Installing: /home/josep/robotics/CatamaranDependencies/install/custom_interfaces/share/custom_interfaces/cmake/custom_interfaces__rosidl_typesupport_introspection_cppExport.cmake
[3.365s] -- Installing: /home/josep/robotics/CatamaranDependencies/install/custom_interfaces/share/custom_interfaces/cmake/custom_interfaces__rosidl_typesupport_introspection_cppExport-noconfig.cmake
[3.365s] -- Installing: /home/josep/robotics/CatamaranDependencies/install/custom_interfaces/share/custom_interfaces/cmake/custom_interfaces__rosidl_typesupport_cppExport.cmake
[3.365s] -- Installing: /home/josep/robotics/CatamaranDependencies/install/custom_interfaces/share/custom_interfaces/cmake/custom_interfaces__rosidl_typesupport_cppExport-noconfig.cmake
[3.365s] -- Installing: /home/josep/robotics/CatamaranDependencies/install/custom_interfaces/share/custom_interfaces/cmake/export_custom_interfaces__rosidl_generator_pyExport.cmake
[3.365s] -- Installing: /home/josep/robotics/CatamaranDependencies/install/custom_interfaces/share/custom_interfaces/cmake/export_custom_interfaces__rosidl_generator_pyExport-noconfig.cmake
[3.365s] -- Installing: /home/josep/robotics/CatamaranDependencies/install/custom_interfaces/share/custom_interfaces/cmake/rosidl_cmake-extras.cmake
[3.366s] -- Installing: /home/josep/robotics/CatamaranDependencies/install/custom_interfaces/share/custom_interfaces/cmake/ament_cmake_export_dependencies-extras.cmake
[3.366s] -- Installing: /home/josep/robotics/CatamaranDependencies/install/custom_interfaces/share/custom_interfaces/cmake/ament_cmake_export_include_directories-extras.cmake
[3.366s] -- Installing: /home/josep/robotics/CatamaranDependencies/install/custom_interfaces/share/custom_interfaces/cmake/ament_cmake_export_libraries-extras.cmake
[3.366s] -- Installing: /home/josep/robotics/CatamaranDependencies/install/custom_interfaces/share/custom_interfaces/cmake/ament_cmake_export_targets-extras.cmake
[3.366s] -- Installing: /home/josep/robotics/CatamaranDependencies/install/custom_interfaces/share/custom_interfaces/cmake/rosidl_cmake_export_typesupport_targets-extras.cmake
[3.366s] -- Installing: /home/josep/robotics/CatamaranDependencies/install/custom_interfaces/share/custom_interfaces/cmake/rosidl_cmake_export_typesupport_libraries-extras.cmake
[3.366s] -- Installing: /home/josep/robotics/CatamaranDependencies/install/custom_interfaces/share/custom_interfaces/cmake/custom_interfacesConfig.cmake
[3.366s] -- Installing: /home/josep/robotics/CatamaranDependencies/install/custom_interfaces/share/custom_interfaces/cmake/custom_interfacesConfig-version.cmake
[3.366s] -- Installing: /home/josep/robotics/CatamaranDependencies/install/custom_interfaces/share/custom_interfaces/package.xml
[3.371s] Invoked command in '/home/josep/robotics/CatamaranDependencies/build/custom_interfaces' returned '0': CMAKE_PREFIX_PATH=/opt/ros/humble /usr/bin/cmake --install /home/josep/robotics/CatamaranDependencies/build/custom_interfaces
