-- Found ament_cmake: 1.3.12 (/opt/ros/humble/share/ament_cmake/cmake)
-- Found rclcpp: 16.0.14 (/opt/ros/humble/share/rclcpp/cmake)
-- Found rosidl_generator_c: 3.1.7 (/opt/ros/humble/share/rosidl_generator_c/cmake)
-- Found rosidl_adapter: 3.1.7 (/opt/ros/humble/share/rosidl_adapter/cmake)
-- Found rosidl_generator_cpp: 3.1.7 (/opt/ros/humble/share/rosidl_generator_cpp/cmake)
-- Using all available rosidl_typesupport_c: rosidl_typesupport_fastrtps_c;rosidl_typesupport_introspection_c
-- Using all available rosidl_typesupport_cpp: rosidl_typesupport_fastrtps_cpp;rosidl_typesupport_introspection_cpp
-- Found rmw_implementation_cmake: 6.1.2 (/opt/ros/humble/share/rmw_implementation_cmake/cmake)
-- Found rmw_fastrtps_cpp: 6.2.8 (/opt/ros/humble/share/rmw_fastrtps_cpp/cmake)
-- Using RMW implementation 'rmw_fastrtps_cpp' as default
-- Found dynamixel_sdk: 3.7.60 (/home/josep/robotics/CatamaranDependencies/install/dynamixel_sdk/share/dynamixel_sdk/cmake)
-- Found custom_interfaces: 0.0.0 (/home/josep/robotics/CatamaranDependencies/install/custom_interfaces/share/custom_interfaces/cmake)
-- Found geometry_msgs: 4.9.0 (/opt/ros/humble/share/geometry_msgs/cmake)
-- Found mavros_msgs: 2.12.0 (/opt/ros/humble/share/mavros_msgs/cmake)
-- Configuring done
-- Generating done
-- Build files have been written to: /home/josep/robotics/CatamaranDependencies/build/motor_bringup
[ 50%] [32mBuilding CXX object CMakeFiles/cmdvel_motor_controller.dir/src/cmdvel_motor_controller.cpp.o[0m
[ 50%] [32mBuilding CXX object CMakeFiles/rudder_angle_controller_abs.dir/src/rudder_angle_controller_abs.cpp.o[0m
[ 50%] [32mBuilding CXX object CMakeFiles/rudder_angle_controller.dir/src/rudder_angle_controller.cpp.o[0m
[ 50%] [32mBuilding CXX object CMakeFiles/rudder_angle_publisher.dir/src/rudder_angle_publisher.cpp.o[0m
[ 62%] [32m[1mLinking CXX executable rudder_angle_publisher[0m
[ 62%] Built target rudder_angle_publisher
[ 75%] [32m[1mLinking CXX executable rudder_angle_controller_abs[0m
[ 87%] [32m[1mLinking CXX executable rudder_angle_controller[0m
[ 87%] Built target rudder_angle_controller
[ 87%] Built target rudder_angle_controller_abs
[100%] [32m[1mLinking CXX executable cmdvel_motor_controller[0m
[100%] Built target cmdvel_motor_controller
-- Install configuration: ""
-- Installing: /home/josep/robotics/CatamaranDependencies/install/motor_bringup/lib/motor_bringup/rudder_angle_controller
-- Set runtime path of "/home/josep/robotics/CatamaranDependencies/install/motor_bringup/lib/motor_bringup/rudder_angle_controller" to ""
-- Installing: /home/josep/robotics/CatamaranDependencies/install/motor_bringup/lib/motor_bringup/rudder_angle_controller_abs
-- Set runtime path of "/home/josep/robotics/CatamaranDependencies/install/motor_bringup/lib/motor_bringup/rudder_angle_controller_abs" to ""
-- Installing: /home/josep/robotics/CatamaranDependencies/install/motor_bringup/lib/motor_bringup/rudder_angle_publisher
-- Set runtime path of "/home/josep/robotics/CatamaranDependencies/install/motor_bringup/lib/motor_bringup/rudder_angle_publisher" to ""
-- Installing: /home/josep/robotics/CatamaranDependencies/install/motor_bringup/share/ament_index/resource_index/package_run_dependencies/motor_bringup
-- Installing: /home/josep/robotics/CatamaranDependencies/install/motor_bringup/share/ament_index/resource_index/parent_prefix_path/motor_bringup
-- Installing: /home/josep/robotics/CatamaranDependencies/install/motor_bringup/share/motor_bringup/environment/ament_prefix_path.sh
-- Installing: /home/josep/robotics/CatamaranDependencies/install/motor_bringup/share/motor_bringup/environment/ament_prefix_path.dsv
-- Installing: /home/josep/robotics/CatamaranDependencies/install/motor_bringup/share/motor_bringup/environment/path.sh
-- Installing: /home/josep/robotics/CatamaranDependencies/install/motor_bringup/share/motor_bringup/environment/path.dsv
-- Installing: /home/josep/robotics/CatamaranDependencies/install/motor_bringup/share/motor_bringup/local_setup.bash
-- Installing: /home/josep/robotics/CatamaranDependencies/install/motor_bringup/share/motor_bringup/local_setup.sh
-- Installing: /home/josep/robotics/CatamaranDependencies/install/motor_bringup/share/motor_bringup/local_setup.zsh
-- Installing: /home/josep/robotics/CatamaranDependencies/install/motor_bringup/share/motor_bringup/local_setup.dsv
-- Installing: /home/josep/robotics/CatamaranDependencies/install/motor_bringup/share/motor_bringup/package.dsv
-- Installing: /home/josep/robotics/CatamaranDependencies/install/motor_bringup/share/ament_index/resource_index/packages/motor_bringup
-- Installing: /home/josep/robotics/CatamaranDependencies/install/motor_bringup/share/motor_bringup/cmake/motor_bringupConfig.cmake
-- Installing: /home/josep/robotics/CatamaranDependencies/install/motor_bringup/share/motor_bringup/cmake/motor_bringupConfig-version.cmake
-- Installing: /home/josep/robotics/CatamaranDependencies/install/motor_bringup/share/motor_bringup/package.xml
