[0.010s] Invoking command in '/home/josep/robotics/CatamaranDependencies/build/motor_bringup': AMENT_PREFIX_PATH=/home/josep/robotics/CatamaranDependencies/install/dynamixel_sdk:/home/josep/robotics/CatamaranDependencies/install/custom_interfaces:${AMENT_PREFIX_PATH} CMAKE_PREFIX_PATH=/home/josep/robotics/CatamaranDependencies/install/dynamixel_sdk:/home/josep/robotics/CatamaranDependencies/install/custom_interfaces:/opt/ros/humble LD_LIBRARY_PATH=/home/josep/robotics/CatamaranDependencies/install/dynamixel_sdk/lib:/home/josep/robotics/CatamaranDependencies/install/custom_interfaces/lib:${LD_LIBRARY_PATH} PYTHONPATH=/home/josep/robotics/CatamaranDependencies/install/custom_interfaces/local/lib/python3.10/dist-packages:${PYTHONPATH} /usr/bin/cmake /home/josep/robotics/CatamaranDependencies/motor_bringup -DCMAKE_INSTALL_PREFIX=/home/josep/robotics/CatamaranDependencies/install/motor_bringup
[0.021s] -- Found ament_cmake: 1.3.12 (/opt/ros/humble/share/ament_cmake/cmake)
[0.115s] -- Found rclcpp: 16.0.14 (/opt/ros/humble/share/rclcpp/cmake)
[0.134s] -- Found rosidl_generator_c: 3.1.7 (/opt/ros/humble/share/rosidl_generator_c/cmake)
[0.135s] -- Found rosidl_adapter: 3.1.7 (/opt/ros/humble/share/rosidl_adapter/cmake)
[0.139s] -- Found rosidl_generator_cpp: 3.1.7 (/opt/ros/humble/share/rosidl_generator_cpp/cmake)
[0.144s] -- Using all available rosidl_typesupport_c: rosidl_typesupport_fastrtps_c;rosidl_typesupport_introspection_c
[0.151s] -- Using all available rosidl_typesupport_cpp: rosidl_typesupport_fastrtps_cpp;rosidl_typesupport_introspection_cpp
[0.169s] -- Found rmw_implementation_cmake: 6.1.2 (/opt/ros/humble/share/rmw_implementation_cmake/cmake)
[0.170s] -- Found rmw_fastrtps_cpp: 6.2.8 (/opt/ros/humble/share/rmw_fastrtps_cpp/cmake)
[0.258s] -- Using RMW implementation 'rmw_fastrtps_cpp' as default
[0.289s] -- Found dynamixel_sdk: 3.7.60 (/home/josep/robotics/CatamaranDependencies/install/dynamixel_sdk/share/dynamixel_sdk/cmake)
[0.291s] -- Found custom_interfaces: 0.0.0 (/home/josep/robotics/CatamaranDependencies/install/custom_interfaces/share/custom_interfaces/cmake)
[0.298s] -- Found geometry_msgs: 4.9.0 (/opt/ros/humble/share/geometry_msgs/cmake)
[0.306s] -- Found mavros_msgs: 2.12.0 (/opt/ros/humble/share/mavros_msgs/cmake)
[0.401s] -- Configuring done
[0.415s] -- Generating done
[0.420s] -- Build files have been written to: /home/josep/robotics/CatamaranDependencies/build/motor_bringup
[0.427s] Invoked command in '/home/josep/robotics/CatamaranDependencies/build/motor_bringup' returned '0': AMENT_PREFIX_PATH=/home/josep/robotics/CatamaranDependencies/install/dynamixel_sdk:/home/josep/robotics/CatamaranDependencies/install/custom_interfaces:${AMENT_PREFIX_PATH} CMAKE_PREFIX_PATH=/home/josep/robotics/CatamaranDependencies/install/dynamixel_sdk:/home/josep/robotics/CatamaranDependencies/install/custom_interfaces:/opt/ros/humble LD_LIBRARY_PATH=/home/josep/robotics/CatamaranDependencies/install/dynamixel_sdk/lib:/home/josep/robotics/CatamaranDependencies/install/custom_interfaces/lib:${LD_LIBRARY_PATH} PYTHONPATH=/home/josep/robotics/CatamaranDependencies/install/custom_interfaces/local/lib/python3.10/dist-packages:${PYTHONPATH} /usr/bin/cmake /home/josep/robotics/CatamaranDependencies/motor_bringup -DCMAKE_INSTALL_PREFIX=/home/josep/robotics/CatamaranDependencies/install/motor_bringup
[0.429s] Invoking command in '/home/josep/robotics/CatamaranDependencies/build/motor_bringup': AMENT_PREFIX_PATH=/home/josep/robotics/CatamaranDependencies/install/dynamixel_sdk:/home/josep/robotics/CatamaranDependencies/install/custom_interfaces:${AMENT_PREFIX_PATH} CMAKE_PREFIX_PATH=/home/josep/robotics/CatamaranDependencies/install/dynamixel_sdk:/home/josep/robotics/CatamaranDependencies/install/custom_interfaces:/opt/ros/humble LD_LIBRARY_PATH=/home/josep/robotics/CatamaranDependencies/install/dynamixel_sdk/lib:/home/josep/robotics/CatamaranDependencies/install/custom_interfaces/lib:${LD_LIBRARY_PATH} PYTHONPATH=/home/josep/robotics/CatamaranDependencies/install/custom_interfaces/local/lib/python3.10/dist-packages:${PYTHONPATH} /usr/bin/cmake --build /home/josep/robotics/CatamaranDependencies/build/motor_bringup -- -j16 -l16
[0.471s] [ 50%] [32mBuilding CXX object CMakeFiles/cmdvel_motor_controller.dir/src/cmdvel_motor_controller.cpp.o[0m
[0.471s] [ 50%] [32mBuilding CXX object CMakeFiles/rudder_angle_controller_abs.dir/src/rudder_angle_controller_abs.cpp.o[0m
[0.472s] [ 50%] [32mBuilding CXX object CMakeFiles/rudder_angle_controller.dir/src/rudder_angle_controller.cpp.o[0m
[0.472s] [ 50%] [32mBuilding CXX object CMakeFiles/rudder_angle_publisher.dir/src/rudder_angle_publisher.cpp.o[0m
[3.421s] [ 62%] [32m[1mLinking CXX executable rudder_angle_publisher[0m
[3.571s] [ 62%] Built target rudder_angle_publisher
[6.252s] [ 75%] [32m[1mLinking CXX executable rudder_angle_controller_abs[0m
[6.268s] [ 87%] [32m[1mLinking CXX executable rudder_angle_controller[0m
[6.555s] [ 87%] Built target rudder_angle_controller
[6.556s] [ 87%] Built target rudder_angle_controller_abs
[7.201s] [100%] [32m[1mLinking CXX executable cmdvel_motor_controller[0m
[7.540s] [100%] Built target cmdvel_motor_controller
[7.550s] Invoked command in '/home/josep/robotics/CatamaranDependencies/build/motor_bringup' returned '0': AMENT_PREFIX_PATH=/home/josep/robotics/CatamaranDependencies/install/dynamixel_sdk:/home/josep/robotics/CatamaranDependencies/install/custom_interfaces:${AMENT_PREFIX_PATH} CMAKE_PREFIX_PATH=/home/josep/robotics/CatamaranDependencies/install/dynamixel_sdk:/home/josep/robotics/CatamaranDependencies/install/custom_interfaces:/opt/ros/humble LD_LIBRARY_PATH=/home/josep/robotics/CatamaranDependencies/install/dynamixel_sdk/lib:/home/josep/robotics/CatamaranDependencies/install/custom_interfaces/lib:${LD_LIBRARY_PATH} PYTHONPATH=/home/josep/robotics/CatamaranDependencies/install/custom_interfaces/local/lib/python3.10/dist-packages:${PYTHONPATH} /usr/bin/cmake --build /home/josep/robotics/CatamaranDependencies/build/motor_bringup -- -j16 -l16
[7.552s] Invoking command in '/home/josep/robotics/CatamaranDependencies/build/motor_bringup': AMENT_PREFIX_PATH=/home/josep/robotics/CatamaranDependencies/install/dynamixel_sdk:/home/josep/robotics/CatamaranDependencies/install/custom_interfaces:${AMENT_PREFIX_PATH} CMAKE_PREFIX_PATH=/home/josep/robotics/CatamaranDependencies/install/dynamixel_sdk:/home/josep/robotics/CatamaranDependencies/install/custom_interfaces:/opt/ros/humble LD_LIBRARY_PATH=/home/josep/robotics/CatamaranDependencies/install/dynamixel_sdk/lib:/home/josep/robotics/CatamaranDependencies/install/custom_interfaces/lib:${LD_LIBRARY_PATH} PYTHONPATH=/home/josep/robotics/CatamaranDependencies/install/custom_interfaces/local/lib/python3.10/dist-packages:${PYTHONPATH} /usr/bin/cmake --install /home/josep/robotics/CatamaranDependencies/build/motor_bringup
[7.557s] -- Install configuration: ""
[7.557s] -- Installing: /home/josep/robotics/CatamaranDependencies/install/motor_bringup/lib/motor_bringup/rudder_angle_controller
[7.560s] -- Set runtime path of "/home/josep/robotics/CatamaranDependencies/install/motor_bringup/lib/motor_bringup/rudder_angle_controller" to ""
[7.560s] -- Installing: /home/josep/robotics/CatamaranDependencies/install/motor_bringup/lib/motor_bringup/rudder_angle_controller_abs
[7.562s] -- Set runtime path of "/home/josep/robotics/CatamaranDependencies/install/motor_bringup/lib/motor_bringup/rudder_angle_controller_abs" to ""
[7.563s] -- Installing: /home/josep/robotics/CatamaranDependencies/install/motor_bringup/lib/motor_bringup/rudder_angle_publisher
[7.563s] -- Set runtime path of "/home/josep/robotics/CatamaranDependencies/install/motor_bringup/lib/motor_bringup/rudder_angle_publisher" to ""
[7.563s] -- Installing: /home/josep/robotics/CatamaranDependencies/install/motor_bringup/share/ament_index/resource_index/package_run_dependencies/motor_bringup
[7.564s] -- Installing: /home/josep/robotics/CatamaranDependencies/install/motor_bringup/share/ament_index/resource_index/parent_prefix_path/motor_bringup
[7.564s] -- Installing: /home/josep/robotics/CatamaranDependencies/install/motor_bringup/share/motor_bringup/environment/ament_prefix_path.sh
[7.564s] -- Installing: /home/josep/robotics/CatamaranDependencies/install/motor_bringup/share/motor_bringup/environment/ament_prefix_path.dsv
[7.564s] -- Installing: /home/josep/robotics/CatamaranDependencies/install/motor_bringup/share/motor_bringup/environment/path.sh
[7.564s] -- Installing: /home/josep/robotics/CatamaranDependencies/install/motor_bringup/share/motor_bringup/environment/path.dsv
[7.564s] -- Installing: /home/josep/robotics/CatamaranDependencies/install/motor_bringup/share/motor_bringup/local_setup.bash
[7.564s] -- Installing: /home/josep/robotics/CatamaranDependencies/install/motor_bringup/share/motor_bringup/local_setup.sh
[7.564s] -- Installing: /home/josep/robotics/CatamaranDependencies/install/motor_bringup/share/motor_bringup/local_setup.zsh
[7.564s] -- Installing: /home/josep/robotics/CatamaranDependencies/install/motor_bringup/share/motor_bringup/local_setup.dsv
[7.564s] -- Installing: /home/josep/robotics/CatamaranDependencies/install/motor_bringup/share/motor_bringup/package.dsv
[7.564s] -- Installing: /home/josep/robotics/CatamaranDependencies/install/motor_bringup/share/ament_index/resource_index/packages/motor_bringup
[7.564s] -- Installing: /home/josep/robotics/CatamaranDependencies/install/motor_bringup/share/motor_bringup/cmake/motor_bringupConfig.cmake
[7.565s] -- Installing: /home/josep/robotics/CatamaranDependencies/install/motor_bringup/share/motor_bringup/cmake/motor_bringupConfig-version.cmake
[7.565s] -- Installing: /home/josep/robotics/CatamaranDependencies/install/motor_bringup/share/motor_bringup/package.xml
[7.567s] Invoked command in '/home/josep/robotics/CatamaranDependencies/build/motor_bringup' returned '0': AMENT_PREFIX_PATH=/home/josep/robotics/CatamaranDependencies/install/dynamixel_sdk:/home/josep/robotics/CatamaranDependencies/install/custom_interfaces:${AMENT_PREFIX_PATH} CMAKE_PREFIX_PATH=/home/josep/robotics/CatamaranDependencies/install/dynamixel_sdk:/home/josep/robotics/CatamaranDependencies/install/custom_interfaces:/opt/ros/humble LD_LIBRARY_PATH=/home/josep/robotics/CatamaranDependencies/install/dynamixel_sdk/lib:/home/josep/robotics/CatamaranDependencies/install/custom_interfaces/lib:${LD_LIBRARY_PATH} PYTHONPATH=/home/josep/robotics/CatamaranDependencies/install/custom_interfaces/local/lib/python3.10/dist-packages:${PYTHONPATH} /usr/bin/cmake --install /home/josep/robotics/CatamaranDependencies/build/motor_bringup
