[0.235s] [34mcolcon[0m [1;30mDEBUG[0m [32mCommand line arguments: ['/home/josep/.local/bin/colcon', 'build'][0m
[0.236s] [34mcolcon[0m [1;30mDEBUG[0m [32mParsed command line arguments: Namespace(log_base=None, log_level=None, verb_name='build', build_base='build', install_base='install', merge_install=False, symlink_install=False, test_result_base=None, continue_on_error=False, executor='parallel', parallel_workers=16, event_handlers=None, ignore_user_meta=False, metas=['./colcon.meta'], base_paths=['.'], packages_ignore=None, packages_ignore_regex=None, paths=None, packages_up_to=None, packages_up_to_regex=None, packages_above=None, packages_above_and_dependencies=None, packages_above_depth=None, packages_select_by_dep=None, packages_skip_by_dep=None, packages_skip_up_to=None, packages_select_build_failed=False, packages_skip_build_finished=False, packages_select_test_failures=False, packages_skip_test_passed=False, packages_select=None, packages_skip=None, packages_select_regex=None, packages_skip_regex=None, packages_start=None, packages_end=None, cmake_args=None, cmake_target=None, cmake_target_skip_unavailable=False, cmake_clean_cache=False, cmake_clean_first=False, cmake_force_configure=False, ament_cmake_args=None, catkin_cmake_args=None, catkin_skip_building_tests=False, verb_parser=<colcon_defaults.argument_parser.defaults.DefaultArgumentsDecorator object at 0x7d3d613e6da0>, verb_extension=<colcon_core.verb.build.BuildVerb object at 0x7d3d613e6200>, main=<bound method BuildVerb.main of <colcon_core.verb.build.BuildVerb object at 0x7d3d613e6200>>)[0m
[0.513s] [34mcolcon.colcon_core.package_discovery[0m [1;30mLevel 1[0m discover_packages(colcon_meta) check parameters
[0.513s] [34mcolcon.colcon_core.package_discovery[0m [1;30mLevel 1[0m discover_packages(recursive) check parameters
[0.513s] [34mcolcon.colcon_core.package_discovery[0m [1;30mLevel 1[0m discover_packages(ignore) check parameters
[0.513s] [34mcolcon.colcon_core.package_discovery[0m [1;30mLevel 1[0m discover_packages(path) check parameters
[0.513s] [34mcolcon.colcon_core.package_discovery[0m [1;30mLevel 1[0m discover_packages(colcon_meta) discover
[0.513s] [34mcolcon.colcon_core.package_discovery[0m [1;30mLevel 1[0m discover_packages(recursive) discover
[0.513s] [34mcolcon.colcon_core.package_discovery[0m [1;30mINFO[0m Crawling recursively for packages in '/home/josep/robotics/CatamaranDependencies'
[0.513s] [34mcolcon.colcon_core.package_identification[0m [1;30mLevel 1[0m _identify(.) by extensions ['ignore', 'ignore_ament_install']
[0.513s] [34mcolcon.colcon_core.package_identification[0m [1;30mLevel 1[0m _identify(.) by extension 'ignore'
[0.513s] [34mcolcon.colcon_core.package_identification[0m [1;30mLevel 1[0m _identify(.) by extension 'ignore_ament_install'
[0.513s] [34mcolcon.colcon_core.package_identification[0m [1;30mLevel 1[0m _identify(.) by extensions ['colcon_pkg']
[0.513s] [34mcolcon.colcon_core.package_identification[0m [1;30mLevel 1[0m _identify(.) by extension 'colcon_pkg'
[0.513s] [34mcolcon.colcon_core.package_identification[0m [1;30mLevel 1[0m _identify(.) by extensions ['colcon_meta']
[0.514s] [34mcolcon.colcon_core.package_identification[0m [1;30mLevel 1[0m _identify(.) by extension 'colcon_meta'
[0.514s] [34mcolcon.colcon_core.package_identification[0m [1;30mLevel 1[0m _identify(.) by extensions ['ros']
[0.514s] [34mcolcon.colcon_core.package_identification[0m [1;30mLevel 1[0m _identify(.) by extension 'ros'
[0.538s] [34mcolcon.colcon_core.package_identification[0m [1;30mLevel 1[0m _identify(.) by extensions ['cmake', 'python']
[0.538s] [34mcolcon.colcon_core.package_identification[0m [1;30mLevel 1[0m _identify(.) by extension 'cmake'
[0.538s] [34mcolcon.colcon_core.package_identification[0m [1;30mLevel 1[0m _identify(.) by extension 'python'
[0.538s] [34mcolcon.colcon_core.package_identification[0m [1;30mLevel 1[0m _identify(.) by extensions ['python_setup_py']
[0.538s] [34mcolcon.colcon_core.package_identification[0m [1;30mLevel 1[0m _identify(.) by extension 'python_setup_py'
[0.539s] [34mcolcon.colcon_core.package_identification[0m [1;30mLevel 1[0m _identify(build) by extensions ['ignore', 'ignore_ament_install']
[0.539s] [34mcolcon.colcon_core.package_identification[0m [1;30mLevel 1[0m _identify(build) by extension 'ignore'
[0.539s] [34mcolcon.colcon_core.package_identification[0m [1;30mLevel 1[0m _identify(build) ignored
[0.539s] [34mcolcon.colcon_core.package_identification[0m [1;30mLevel 1[0m _identify(custom_interfaces) by extensions ['ignore', 'ignore_ament_install']
[0.539s] [34mcolcon.colcon_core.package_identification[0m [1;30mLevel 1[0m _identify(custom_interfaces) by extension 'ignore'
[0.539s] [34mcolcon.colcon_core.package_identification[0m [1;30mLevel 1[0m _identify(custom_interfaces) by extension 'ignore_ament_install'
[0.539s] [34mcolcon.colcon_core.package_identification[0m [1;30mLevel 1[0m _identify(custom_interfaces) by extensions ['colcon_pkg']
[0.539s] [34mcolcon.colcon_core.package_identification[0m [1;30mLevel 1[0m _identify(custom_interfaces) by extension 'colcon_pkg'
[0.540s] [34mcolcon.colcon_core.package_identification[0m [1;30mLevel 1[0m _identify(custom_interfaces) by extensions ['colcon_meta']
[0.540s] [34mcolcon.colcon_core.package_identification[0m [1;30mLevel 1[0m _identify(custom_interfaces) by extension 'colcon_meta'
[0.540s] [34mcolcon.colcon_core.package_identification[0m [1;30mLevel 1[0m _identify(custom_interfaces) by extensions ['ros']
[0.540s] [34mcolcon.colcon_core.package_identification[0m [1;30mLevel 1[0m _identify(custom_interfaces) by extension 'ros'
[0.544s] [34mcolcon.colcon_core.package_identification[0m [1;30mDEBUG[0m [32mPackage 'custom_interfaces' with type 'ros.ament_cmake' and name 'custom_interfaces'[0m
[0.545s] [34mcolcon.colcon_core.package_identification[0m [1;30mLevel 1[0m _identify(dynamixel_sdk) by extensions ['ignore', 'ignore_ament_install']
[0.545s] [34mcolcon.colcon_core.package_identification[0m [1;30mLevel 1[0m _identify(dynamixel_sdk) by extension 'ignore'
[0.545s] [34mcolcon.colcon_core.package_identification[0m [1;30mLevel 1[0m _identify(dynamixel_sdk) by extension 'ignore_ament_install'
[0.545s] [34mcolcon.colcon_core.package_identification[0m [1;30mLevel 1[0m _identify(dynamixel_sdk) by extensions ['colcon_pkg']
[0.545s] [34mcolcon.colcon_core.package_identification[0m [1;30mLevel 1[0m _identify(dynamixel_sdk) by extension 'colcon_pkg'
[0.545s] [34mcolcon.colcon_core.package_identification[0m [1;30mLevel 1[0m _identify(dynamixel_sdk) by extensions ['colcon_meta']
[0.545s] [34mcolcon.colcon_core.package_identification[0m [1;30mLevel 1[0m _identify(dynamixel_sdk) by extension 'colcon_meta'
[0.545s] [34mcolcon.colcon_core.package_identification[0m [1;30mLevel 1[0m _identify(dynamixel_sdk) by extensions ['ros']
[0.545s] [34mcolcon.colcon_core.package_identification[0m [1;30mLevel 1[0m _identify(dynamixel_sdk) by extension 'ros'
[0.547s] [34mcolcon.colcon_core.package_identification[0m [1;30mDEBUG[0m [32mPackage 'dynamixel_sdk' with type 'ros.ament_cmake' and name 'dynamixel_sdk'[0m
[0.547s] [34mcolcon.colcon_core.package_identification[0m [1;30mLevel 1[0m _identify(install) by extensions ['ignore', 'ignore_ament_install']
[0.547s] [34mcolcon.colcon_core.package_identification[0m [1;30mLevel 1[0m _identify(install) by extension 'ignore'
[0.547s] [34mcolcon.colcon_core.package_identification[0m [1;30mLevel 1[0m _identify(install) ignored
[0.547s] [34mcolcon.colcon_core.package_identification[0m [1;30mLevel 1[0m _identify(log) by extensions ['ignore', 'ignore_ament_install']
[0.547s] [34mcolcon.colcon_core.package_identification[0m [1;30mLevel 1[0m _identify(log) by extension 'ignore'
[0.547s] [34mcolcon.colcon_core.package_identification[0m [1;30mLevel 1[0m _identify(log) ignored
[0.548s] [34mcolcon.colcon_core.package_identification[0m [1;30mLevel 1[0m _identify(motor_bringup) by extensions ['ignore', 'ignore_ament_install']
[0.548s] [34mcolcon.colcon_core.package_identification[0m [1;30mLevel 1[0m _identify(motor_bringup) by extension 'ignore'
[0.548s] [34mcolcon.colcon_core.package_identification[0m [1;30mLevel 1[0m _identify(motor_bringup) by extension 'ignore_ament_install'
[0.548s] [34mcolcon.colcon_core.package_identification[0m [1;30mLevel 1[0m _identify(motor_bringup) by extensions ['colcon_pkg']
[0.548s] [34mcolcon.colcon_core.package_identification[0m [1;30mLevel 1[0m _identify(motor_bringup) by extension 'colcon_pkg'
[0.548s] [34mcolcon.colcon_core.package_identification[0m [1;30mLevel 1[0m _identify(motor_bringup) by extensions ['colcon_meta']
[0.548s] [34mcolcon.colcon_core.package_identification[0m [1;30mLevel 1[0m _identify(motor_bringup) by extension 'colcon_meta'
[0.548s] [34mcolcon.colcon_core.package_identification[0m [1;30mLevel 1[0m _identify(motor_bringup) by extensions ['ros']
[0.548s] [34mcolcon.colcon_core.package_identification[0m [1;30mLevel 1[0m _identify(motor_bringup) by extension 'ros'
[0.549s] [34mcolcon.colcon_core.package_identification[0m [1;30mDEBUG[0m [32mPackage 'motor_bringup' with type 'ros.ament_cmake' and name 'motor_bringup'[0m
[0.550s] [34mcolcon.colcon_core.package_identification[0m [1;30mLevel 1[0m _identify(siyi_camera_controller) by extensions ['ignore', 'ignore_ament_install']
[0.550s] [34mcolcon.colcon_core.package_identification[0m [1;30mLevel 1[0m _identify(siyi_camera_controller) by extension 'ignore'
[0.550s] [34mcolcon.colcon_core.package_identification[0m [1;30mLevel 1[0m _identify(siyi_camera_controller) by extension 'ignore_ament_install'
[0.550s] [34mcolcon.colcon_core.package_identification[0m [1;30mLevel 1[0m _identify(siyi_camera_controller) by extensions ['colcon_pkg']
[0.550s] [34mcolcon.colcon_core.package_identification[0m [1;30mLevel 1[0m _identify(siyi_camera_controller) by extension 'colcon_pkg'
[0.550s] [34mcolcon.colcon_core.package_identification[0m [1;30mLevel 1[0m _identify(siyi_camera_controller) by extensions ['colcon_meta']
[0.550s] [34mcolcon.colcon_core.package_identification[0m [1;30mLevel 1[0m _identify(siyi_camera_controller) by extension 'colcon_meta'
[0.550s] [34mcolcon.colcon_core.package_identification[0m [1;30mLevel 1[0m _identify(siyi_camera_controller) by extensions ['ros']
[0.550s] [34mcolcon.colcon_core.package_identification[0m [1;30mLevel 1[0m _identify(siyi_camera_controller) by extension 'ros'
[0.551s] [34mcolcon.colcon_core.package_identification[0m [1;30mDEBUG[0m [32mPackage 'siyi_camera_controller' with type 'ros.ament_python' and name 'zr30camera'[0m
[0.551s] [34mcolcon.colcon_core.package_discovery[0m [1;30mLevel 1[0m discover_packages(recursive) using defaults
[0.551s] [34mcolcon.colcon_core.package_discovery[0m [1;30mLevel 1[0m discover_packages(ignore) discover
[0.551s] [34mcolcon.colcon_core.package_discovery[0m [1;30mLevel 1[0m discover_packages(ignore) using defaults
[0.551s] [34mcolcon.colcon_core.package_discovery[0m [1;30mLevel 1[0m discover_packages(path) discover
[0.551s] [34mcolcon.colcon_core.package_discovery[0m [1;30mLevel 1[0m discover_packages(path) using defaults
[0.576s] [34mcolcon.colcon_core.verb[0m [1;30mLevel 5[0m set package 'custom_interfaces' build argument 'cmake_args' from command line to 'None'
[0.576s] [34mcolcon.colcon_core.verb[0m [1;30mLevel 5[0m set package 'custom_interfaces' build argument 'cmake_target' from command line to 'None'
[0.576s] [34mcolcon.colcon_core.verb[0m [1;30mLevel 5[0m set package 'custom_interfaces' build argument 'cmake_target_skip_unavailable' from command line to 'False'
[0.576s] [34mcolcon.colcon_core.verb[0m [1;30mLevel 5[0m set package 'custom_interfaces' build argument 'cmake_clean_cache' from command line to 'False'
[0.576s] [34mcolcon.colcon_core.verb[0m [1;30mLevel 5[0m set package 'custom_interfaces' build argument 'cmake_clean_first' from command line to 'False'
[0.576s] [34mcolcon.colcon_core.verb[0m [1;30mLevel 5[0m set package 'custom_interfaces' build argument 'cmake_force_configure' from command line to 'False'
[0.576s] [34mcolcon.colcon_core.verb[0m [1;30mLevel 5[0m set package 'custom_interfaces' build argument 'ament_cmake_args' from command line to 'None'
[0.576s] [34mcolcon.colcon_core.verb[0m [1;30mLevel 5[0m set package 'custom_interfaces' build argument 'catkin_cmake_args' from command line to 'None'
[0.576s] [34mcolcon.colcon_core.verb[0m [1;30mLevel 5[0m set package 'custom_interfaces' build argument 'catkin_skip_building_tests' from command line to 'False'
[0.576s] [34mcolcon.colcon_core.verb[0m [1;30mDEBUG[0m [32mBuilding package 'custom_interfaces' with the following arguments: {'ament_cmake_args': None, 'build_base': '/home/josep/robotics/CatamaranDependencies/build/custom_interfaces', 'catkin_cmake_args': None, 'catkin_skip_building_tests': False, 'cmake_args': None, 'cmake_clean_cache': False, 'cmake_clean_first': False, 'cmake_force_configure': False, 'cmake_target': None, 'cmake_target_skip_unavailable': False, 'install_base': '/home/josep/robotics/CatamaranDependencies/install/custom_interfaces', 'merge_install': False, 'path': '/home/josep/robotics/CatamaranDependencies/custom_interfaces', 'symlink_install': False, 'test_result_base': None}[0m
[0.577s] [34mcolcon.colcon_core.verb[0m [1;30mLevel 5[0m set package 'zr30camera' build argument 'cmake_args' from command line to 'None'
[0.577s] [34mcolcon.colcon_core.verb[0m [1;30mLevel 5[0m set package 'zr30camera' build argument 'cmake_target' from command line to 'None'
[0.577s] [34mcolcon.colcon_core.verb[0m [1;30mLevel 5[0m set package 'zr30camera' build argument 'cmake_target_skip_unavailable' from command line to 'False'
[0.577s] [34mcolcon.colcon_core.verb[0m [1;30mLevel 5[0m set package 'zr30camera' build argument 'cmake_clean_cache' from command line to 'False'
[0.577s] [34mcolcon.colcon_core.verb[0m [1;30mLevel 5[0m set package 'zr30camera' build argument 'cmake_clean_first' from command line to 'False'
[0.577s] [34mcolcon.colcon_core.verb[0m [1;30mLevel 5[0m set package 'zr30camera' build argument 'cmake_force_configure' from command line to 'False'
[0.577s] [34mcolcon.colcon_core.verb[0m [1;30mLevel 5[0m set package 'zr30camera' build argument 'ament_cmake_args' from command line to 'None'
[0.577s] [34mcolcon.colcon_core.verb[0m [1;30mLevel 5[0m set package 'zr30camera' build argument 'catkin_cmake_args' from command line to 'None'
[0.577s] [34mcolcon.colcon_core.verb[0m [1;30mLevel 5[0m set package 'zr30camera' build argument 'catkin_skip_building_tests' from command line to 'False'
[0.577s] [34mcolcon.colcon_core.verb[0m [1;30mDEBUG[0m [32mBuilding package 'zr30camera' with the following arguments: {'ament_cmake_args': None, 'build_base': '/home/josep/robotics/CatamaranDependencies/build/zr30camera', 'catkin_cmake_args': None, 'catkin_skip_building_tests': False, 'cmake_args': None, 'cmake_clean_cache': False, 'cmake_clean_first': False, 'cmake_force_configure': False, 'cmake_target': None, 'cmake_target_skip_unavailable': False, 'install_base': '/home/josep/robotics/CatamaranDependencies/install/zr30camera', 'merge_install': False, 'path': '/home/josep/robotics/CatamaranDependencies/siyi_camera_controller', 'symlink_install': False, 'test_result_base': None}[0m
[0.577s] [34mcolcon.colcon_core.verb[0m [1;30mLevel 5[0m set package 'dynamixel_sdk' build argument 'cmake_args' from command line to 'None'
[0.577s] [34mcolcon.colcon_core.verb[0m [1;30mLevel 5[0m set package 'dynamixel_sdk' build argument 'cmake_target' from command line to 'None'
[0.577s] [34mcolcon.colcon_core.verb[0m [1;30mLevel 5[0m set package 'dynamixel_sdk' build argument 'cmake_target_skip_unavailable' from command line to 'False'
[0.577s] [34mcolcon.colcon_core.verb[0m [1;30mLevel 5[0m set package 'dynamixel_sdk' build argument 'cmake_clean_cache' from command line to 'False'
[0.577s] [34mcolcon.colcon_core.verb[0m [1;30mLevel 5[0m set package 'dynamixel_sdk' build argument 'cmake_clean_first' from command line to 'False'
[0.577s] [34mcolcon.colcon_core.verb[0m [1;30mLevel 5[0m set package 'dynamixel_sdk' build argument 'cmake_force_configure' from command line to 'False'
[0.577s] [34mcolcon.colcon_core.verb[0m [1;30mLevel 5[0m set package 'dynamixel_sdk' build argument 'ament_cmake_args' from command line to 'None'
[0.577s] [34mcolcon.colcon_core.verb[0m [1;30mLevel 5[0m set package 'dynamixel_sdk' build argument 'catkin_cmake_args' from command line to 'None'
[0.578s] [34mcolcon.colcon_core.verb[0m [1;30mLevel 5[0m set package 'dynamixel_sdk' build argument 'catkin_skip_building_tests' from command line to 'False'
[0.578s] [34mcolcon.colcon_core.verb[0m [1;30mDEBUG[0m [32mBuilding package 'dynamixel_sdk' with the following arguments: {'ament_cmake_args': None, 'build_base': '/home/josep/robotics/CatamaranDependencies/build/dynamixel_sdk', 'catkin_cmake_args': None, 'catkin_skip_building_tests': False, 'cmake_args': None, 'cmake_clean_cache': False, 'cmake_clean_first': False, 'cmake_force_configure': False, 'cmake_target': None, 'cmake_target_skip_unavailable': False, 'install_base': '/home/josep/robotics/CatamaranDependencies/install/dynamixel_sdk', 'merge_install': False, 'path': '/home/josep/robotics/CatamaranDependencies/dynamixel_sdk', 'symlink_install': False, 'test_result_base': None}[0m
[0.578s] [34mcolcon.colcon_core.verb[0m [1;30mLevel 5[0m set package 'motor_bringup' build argument 'cmake_args' from command line to 'None'
[0.578s] [34mcolcon.colcon_core.verb[0m [1;30mLevel 5[0m set package 'motor_bringup' build argument 'cmake_target' from command line to 'None'
[0.578s] [34mcolcon.colcon_core.verb[0m [1;30mLevel 5[0m set package 'motor_bringup' build argument 'cmake_target_skip_unavailable' from command line to 'False'
[0.578s] [34mcolcon.colcon_core.verb[0m [1;30mLevel 5[0m set package 'motor_bringup' build argument 'cmake_clean_cache' from command line to 'False'
[0.578s] [34mcolcon.colcon_core.verb[0m [1;30mLevel 5[0m set package 'motor_bringup' build argument 'cmake_clean_first' from command line to 'False'
[0.578s] [34mcolcon.colcon_core.verb[0m [1;30mLevel 5[0m set package 'motor_bringup' build argument 'cmake_force_configure' from command line to 'False'
[0.578s] [34mcolcon.colcon_core.verb[0m [1;30mLevel 5[0m set package 'motor_bringup' build argument 'ament_cmake_args' from command line to 'None'
[0.578s] [34mcolcon.colcon_core.verb[0m [1;30mLevel 5[0m set package 'motor_bringup' build argument 'catkin_cmake_args' from command line to 'None'
[0.578s] [34mcolcon.colcon_core.verb[0m [1;30mLevel 5[0m set package 'motor_bringup' build argument 'catkin_skip_building_tests' from command line to 'False'
[0.578s] [34mcolcon.colcon_core.verb[0m [1;30mDEBUG[0m [32mBuilding package 'motor_bringup' with the following arguments: {'ament_cmake_args': None, 'build_base': '/home/josep/robotics/CatamaranDependencies/build/motor_bringup', 'catkin_cmake_args': None, 'catkin_skip_building_tests': False, 'cmake_args': None, 'cmake_clean_cache': False, 'cmake_clean_first': False, 'cmake_force_configure': False, 'cmake_target': None, 'cmake_target_skip_unavailable': False, 'install_base': '/home/josep/robotics/CatamaranDependencies/install/motor_bringup', 'merge_install': False, 'path': '/home/josep/robotics/CatamaranDependencies/motor_bringup', 'symlink_install': False, 'test_result_base': None}[0m
[0.578s] [34mcolcon.colcon_core.executor[0m [1;30mINFO[0m Executing jobs using 'parallel' executor
[0.599s] [34mcolcon.colcon_parallel_executor.executor.parallel[0m [1;30mDEBUG[0m [32mrun_until_complete[0m
[0.599s] [34mcolcon.colcon_ros.task.ament_cmake.build[0m [1;30mINFO[0m Building ROS package in '/home/josep/robotics/CatamaranDependencies/custom_interfaces' with build type 'ament_cmake'
[0.599s] [34mcolcon.colcon_cmake.task.cmake.build[0m [1;30mINFO[0m Building CMake package in '/home/josep/robotics/CatamaranDependencies/custom_interfaces'
[0.604s] [34mcolcon.colcon_core.plugin_system[0m [1;30mINFO[0m Skipping extension 'colcon_core.shell.bat': Not used on non-Windows systems
[0.604s] [34mcolcon.colcon_core.shell[0m [1;30mINFO[0m Skip shell extension 'powershell' for command environment: Not usable outside of PowerShell
[0.604s] [34mcolcon.colcon_core.shell[0m [1;30mDEBUG[0m [32mSkip shell extension 'dsv' for command environment[0m
[0.611s] [34mcolcon.colcon_ros.task.ament_python.build[0m [1;30mINFO[0m Building ROS package in '/home/josep/robotics/CatamaranDependencies/siyi_camera_controller' with build type 'ament_python'
[0.611s] [34mcolcon.colcon_core.shell[0m [1;30mLevel 1[0m create_environment_hook('zr30camera', 'ament_prefix_path')
[0.612s] [34mcolcon.colcon_core.shell[0m [1;30mINFO[0m Creating environment hook '/home/josep/robotics/CatamaranDependencies/install/zr30camera/share/zr30camera/hook/ament_prefix_path.ps1'
[0.613s] [34mcolcon.colcon_core.shell[0m [1;30mINFO[0m Creating environment descriptor '/home/josep/robotics/CatamaranDependencies/install/zr30camera/share/zr30camera/hook/ament_prefix_path.dsv'
[0.614s] [34mcolcon.colcon_core.shell[0m [1;30mINFO[0m Creating environment hook '/home/josep/robotics/CatamaranDependencies/install/zr30camera/share/zr30camera/hook/ament_prefix_path.sh'
[0.615s] [34mcolcon.colcon_core.shell[0m [1;30mINFO[0m Skip shell extension 'powershell' for command environment: Not usable outside of PowerShell
[0.615s] [34mcolcon.colcon_core.shell[0m [1;30mDEBUG[0m [32mSkip shell extension 'dsv' for command environment[0m
[0.624s] [34mcolcon.colcon_core.event_handler.log_command[0m [1;30mDEBUG[0m [32mInvoking command in '/home/josep/robotics/CatamaranDependencies/build/custom_interfaces': CMAKE_PREFIX_PATH=/opt/ros/humble /usr/bin/cmake /home/josep/robotics/CatamaranDependencies/custom_interfaces -DCMAKE_INSTALL_PREFIX=/home/josep/robotics/CatamaranDependencies/install/custom_interfaces[0m
[0.963s] [34mcolcon.colcon_core.task.python.build[0m [1;30mINFO[0m Building Python package in '/home/josep/robotics/CatamaranDependencies/siyi_camera_controller'
[0.963s] [34mcolcon.colcon_core.shell[0m [1;30mINFO[0m Skip shell extension 'powershell' for command environment: Not usable outside of PowerShell
[0.963s] [34mcolcon.colcon_core.shell[0m [1;30mDEBUG[0m [32mSkip shell extension 'dsv' for command environment[0m
[1.331s] [34mcolcon.colcon_core.event_handler.log_command[0m [1;30mDEBUG[0m [32mInvoking command in '/home/josep/robotics/CatamaranDependencies/siyi_camera_controller': PYTHONPATH=/home/josep/robotics/CatamaranDependencies/build/zr30camera/prefix_override:/home/josep/.local/lib/python3.10/site-packages/colcon_core/task/python/colcon_distutils_commands:/home/josep/robotics/CatamaranDependencies/install/zr30camera/lib/python3.10/site-packages:${PYTHONPATH} /usr/bin/python3 -W ignore:setup.py install is deprecated -W ignore:easy_install command is deprecated setup.py egg_info --egg-base ../build/zr30camera build --build-base /home/josep/robotics/CatamaranDependencies/build/zr30camera/build install --record /home/josep/robotics/CatamaranDependencies/build/zr30camera/install.log --single-version-externally-managed install_data[0m
[1.560s] [34mcolcon.colcon_core.event_handler.log_command[0m [1;30mDEBUG[0m [32mInvoked command in '/home/josep/robotics/CatamaranDependencies/siyi_camera_controller' returned '0': PYTHONPATH=/home/josep/robotics/CatamaranDependencies/build/zr30camera/prefix_override:/home/josep/.local/lib/python3.10/site-packages/colcon_core/task/python/colcon_distutils_commands:/home/josep/robotics/CatamaranDependencies/install/zr30camera/lib/python3.10/site-packages:${PYTHONPATH} /usr/bin/python3 -W ignore:setup.py install is deprecated -W ignore:easy_install command is deprecated setup.py egg_info --egg-base ../build/zr30camera build --build-base /home/josep/robotics/CatamaranDependencies/build/zr30camera/build install --record /home/josep/robotics/CatamaranDependencies/build/zr30camera/install.log --single-version-externally-managed install_data[0m
[1.564s] [34mcolcon.colcon_core.environment[0m [1;30mLevel 1[0m checking '/home/josep/robotics/CatamaranDependencies/install/zr30camera' for CMake module files
[1.564s] [34mcolcon.colcon_core.environment[0m [1;30mLevel 1[0m checking '/home/josep/robotics/CatamaranDependencies/install/zr30camera' for CMake config files
[1.565s] [34mcolcon.colcon_core.environment[0m [1;30mLevel 1[0m checking '/home/josep/robotics/CatamaranDependencies/install/zr30camera/lib'
[1.565s] [34mcolcon.colcon_core.environment[0m [1;30mLevel 1[0m checking '/home/josep/robotics/CatamaranDependencies/install/zr30camera/bin'
[1.565s] [34mcolcon.colcon_core.environment[0m [1;30mLevel 1[0m checking '/home/josep/robotics/CatamaranDependencies/install/zr30camera/lib/pkgconfig/zr30camera.pc'
[1.565s] [34mcolcon.colcon_core.environment[0m [1;30mLevel 1[0m checking '/home/josep/robotics/CatamaranDependencies/install/zr30camera/lib/python3.10/site-packages'
[1.565s] [34mcolcon.colcon_core.shell[0m [1;30mLevel 1[0m create_environment_hook('zr30camera', 'pythonpath')
[1.565s] [34mcolcon.colcon_core.shell[0m [1;30mINFO[0m Creating environment hook '/home/josep/robotics/CatamaranDependencies/install/zr30camera/share/zr30camera/hook/pythonpath.ps1'
[1.565s] [34mcolcon.colcon_core.shell[0m [1;30mINFO[0m Creating environment descriptor '/home/josep/robotics/CatamaranDependencies/install/zr30camera/share/zr30camera/hook/pythonpath.dsv'
[1.566s] [34mcolcon.colcon_core.shell[0m [1;30mINFO[0m Creating environment hook '/home/josep/robotics/CatamaranDependencies/install/zr30camera/share/zr30camera/hook/pythonpath.sh'
[1.566s] [34mcolcon.colcon_core.environment[0m [1;30mLevel 1[0m checking '/home/josep/robotics/CatamaranDependencies/install/zr30camera/bin'
[1.566s] [34mcolcon.colcon_core.environment[0m [1;30mLevel 1[0m create_environment_scripts_only(zr30camera)
[1.566s] [34mcolcon.colcon_core.shell[0m [1;30mINFO[0m Creating package script '/home/josep/robotics/CatamaranDependencies/install/zr30camera/share/zr30camera/package.ps1'
[1.567s] [34mcolcon.colcon_core.shell[0m [1;30mINFO[0m Creating package descriptor '/home/josep/robotics/CatamaranDependencies/install/zr30camera/share/zr30camera/package.dsv'
[1.567s] [34mcolcon.colcon_core.shell[0m [1;30mINFO[0m Creating package script '/home/josep/robotics/CatamaranDependencies/install/zr30camera/share/zr30camera/package.sh'
[1.568s] [34mcolcon.colcon_core.shell[0m [1;30mINFO[0m Creating package script '/home/josep/robotics/CatamaranDependencies/install/zr30camera/share/zr30camera/package.bash'
[1.568s] [34mcolcon.colcon_core.shell[0m [1;30mINFO[0m Creating package script '/home/josep/robotics/CatamaranDependencies/install/zr30camera/share/zr30camera/package.zsh'
[1.569s] [34mcolcon.colcon_core.environment[0m [1;30mLevel 1[0m create_file_with_runtime_dependencies(/home/josep/robotics/CatamaranDependencies/install/zr30camera/share/colcon-core/packages/zr30camera)
[2.081s] [34mcolcon.colcon_core.event_handler.log_command[0m [1;30mDEBUG[0m [32mInvoked command in '/home/josep/robotics/CatamaranDependencies/build/custom_interfaces' returned '0': CMAKE_PREFIX_PATH=/opt/ros/humble /usr/bin/cmake /home/josep/robotics/CatamaranDependencies/custom_interfaces -DCMAKE_INSTALL_PREFIX=/home/josep/robotics/CatamaranDependencies/install/custom_interfaces[0m
[2.083s] [34mcolcon.colcon_core.event_handler.log_command[0m [1;30mDEBUG[0m [32mInvoking command in '/home/josep/robotics/CatamaranDependencies/build/custom_interfaces': CMAKE_PREFIX_PATH=/opt/ros/humble /usr/bin/cmake --build /home/josep/robotics/CatamaranDependencies/build/custom_interfaces -- -j16 -l16[0m
[3.902s] [34mcolcon.colcon_core.event_handler.log_command[0m [1;30mDEBUG[0m [32mInvoked command in '/home/josep/robotics/CatamaranDependencies/build/custom_interfaces' returned '0': CMAKE_PREFIX_PATH=/opt/ros/humble /usr/bin/cmake --build /home/josep/robotics/CatamaranDependencies/build/custom_interfaces -- -j16 -l16[0m
[3.912s] [34mcolcon.colcon_core.event_handler.log_command[0m [1;30mDEBUG[0m [32mInvoking command in '/home/josep/robotics/CatamaranDependencies/build/custom_interfaces': CMAKE_PREFIX_PATH=/opt/ros/humble /usr/bin/cmake --install /home/josep/robotics/CatamaranDependencies/build/custom_interfaces[0m
[3.970s] [34mcolcon.colcon_core.environment[0m [1;30mLevel 1[0m create_environment_scripts_only(custom_interfaces)
[3.970s] [34mcolcon.colcon_core.event_handler.log_command[0m [1;30mDEBUG[0m [32mInvoked command in '/home/josep/robotics/CatamaranDependencies/build/custom_interfaces' returned '0': CMAKE_PREFIX_PATH=/opt/ros/humble /usr/bin/cmake --install /home/josep/robotics/CatamaranDependencies/build/custom_interfaces[0m
[3.971s] [34mcolcon.colcon_core.environment[0m [1;30mLevel 1[0m checking '/home/josep/robotics/CatamaranDependencies/install/custom_interfaces' for CMake module files
[3.972s] [34mcolcon.colcon_core.environment[0m [1;30mLevel 1[0m checking '/home/josep/robotics/CatamaranDependencies/install/custom_interfaces' for CMake config files
[3.972s] [34mcolcon.colcon_core.shell[0m [1;30mLevel 1[0m create_environment_hook('custom_interfaces', 'cmake_prefix_path')
[3.972s] [34mcolcon.colcon_core.shell[0m [1;30mINFO[0m Creating environment hook '/home/josep/robotics/CatamaranDependencies/install/custom_interfaces/share/custom_interfaces/hook/cmake_prefix_path.ps1'
[3.972s] [34mcolcon.colcon_core.shell[0m [1;30mINFO[0m Creating environment descriptor '/home/josep/robotics/CatamaranDependencies/install/custom_interfaces/share/custom_interfaces/hook/cmake_prefix_path.dsv'
[3.973s] [34mcolcon.colcon_core.shell[0m [1;30mINFO[0m Creating environment hook '/home/josep/robotics/CatamaranDependencies/install/custom_interfaces/share/custom_interfaces/hook/cmake_prefix_path.sh'
[3.973s] [34mcolcon.colcon_core.environment[0m [1;30mLevel 1[0m checking '/home/josep/robotics/CatamaranDependencies/install/custom_interfaces/lib'
[3.973s] [34mcolcon.colcon_core.shell[0m [1;30mLevel 1[0m create_environment_hook('custom_interfaces', 'ld_library_path_lib')
[3.973s] [34mcolcon.colcon_core.shell[0m [1;30mINFO[0m Creating environment hook '/home/josep/robotics/CatamaranDependencies/install/custom_interfaces/share/custom_interfaces/hook/ld_library_path_lib.ps1'
[3.973s] [34mcolcon.colcon_core.shell[0m [1;30mINFO[0m Creating environment descriptor '/home/josep/robotics/CatamaranDependencies/install/custom_interfaces/share/custom_interfaces/hook/ld_library_path_lib.dsv'
[3.974s] [34mcolcon.colcon_core.shell[0m [1;30mINFO[0m Creating environment hook '/home/josep/robotics/CatamaranDependencies/install/custom_interfaces/share/custom_interfaces/hook/ld_library_path_lib.sh'
[3.974s] [34mcolcon.colcon_core.environment[0m [1;30mLevel 1[0m checking '/home/josep/robotics/CatamaranDependencies/install/custom_interfaces/bin'
[3.974s] [34mcolcon.colcon_core.environment[0m [1;30mLevel 1[0m checking '/home/josep/robotics/CatamaranDependencies/install/custom_interfaces/lib/pkgconfig/custom_interfaces.pc'
[3.974s] [34mcolcon.colcon_core.environment[0m [1;30mLevel 1[0m checking '/home/josep/robotics/CatamaranDependencies/install/custom_interfaces/lib/python3.10/site-packages'
[3.974s] [34mcolcon.colcon_core.environment[0m [1;30mLevel 1[0m checking '/home/josep/robotics/CatamaranDependencies/install/custom_interfaces/bin'
[3.974s] [34mcolcon.colcon_core.shell[0m [1;30mINFO[0m Creating package script '/home/josep/robotics/CatamaranDependencies/install/custom_interfaces/share/custom_interfaces/package.ps1'
[3.975s] [34mcolcon.colcon_core.shell[0m [1;30mINFO[0m Creating package descriptor '/home/josep/robotics/CatamaranDependencies/install/custom_interfaces/share/custom_interfaces/package.dsv'
[3.975s] [34mcolcon.colcon_core.shell[0m [1;30mINFO[0m Creating package script '/home/josep/robotics/CatamaranDependencies/install/custom_interfaces/share/custom_interfaces/package.sh'
[3.975s] [34mcolcon.colcon_core.shell[0m [1;30mINFO[0m Creating package script '/home/josep/robotics/CatamaranDependencies/install/custom_interfaces/share/custom_interfaces/package.bash'
[3.975s] [34mcolcon.colcon_core.shell[0m [1;30mINFO[0m Creating package script '/home/josep/robotics/CatamaranDependencies/install/custom_interfaces/share/custom_interfaces/package.zsh'
[3.976s] [34mcolcon.colcon_core.environment[0m [1;30mLevel 1[0m create_file_with_runtime_dependencies(/home/josep/robotics/CatamaranDependencies/install/custom_interfaces/share/colcon-core/packages/custom_interfaces)
[3.976s] [34mcolcon.colcon_core.environment[0m [1;30mLevel 1[0m create_environment_scripts_only(custom_interfaces)
[3.976s] [34mcolcon.colcon_core.environment[0m [1;30mLevel 1[0m checking '/home/josep/robotics/CatamaranDependencies/install/custom_interfaces' for CMake module files
[3.976s] [34mcolcon.colcon_core.environment[0m [1;30mLevel 1[0m checking '/home/josep/robotics/CatamaranDependencies/install/custom_interfaces' for CMake config files
[3.977s] [34mcolcon.colcon_core.shell[0m [1;30mLevel 1[0m create_environment_hook('custom_interfaces', 'cmake_prefix_path')
[3.977s] [34mcolcon.colcon_core.shell[0m [1;30mINFO[0m Creating environment hook '/home/josep/robotics/CatamaranDependencies/install/custom_interfaces/share/custom_interfaces/hook/cmake_prefix_path.ps1'
[3.977s] [34mcolcon.colcon_core.shell[0m [1;30mINFO[0m Creating environment descriptor '/home/josep/robotics/CatamaranDependencies/install/custom_interfaces/share/custom_interfaces/hook/cmake_prefix_path.dsv'
[3.977s] [34mcolcon.colcon_core.shell[0m [1;30mINFO[0m Creating environment hook '/home/josep/robotics/CatamaranDependencies/install/custom_interfaces/share/custom_interfaces/hook/cmake_prefix_path.sh'
[3.978s] [34mcolcon.colcon_core.environment[0m [1;30mLevel 1[0m checking '/home/josep/robotics/CatamaranDependencies/install/custom_interfaces/lib'
[3.978s] [34mcolcon.colcon_core.shell[0m [1;30mLevel 1[0m create_environment_hook('custom_interfaces', 'ld_library_path_lib')
[3.978s] [34mcolcon.colcon_core.shell[0m [1;30mINFO[0m Creating environment hook '/home/josep/robotics/CatamaranDependencies/install/custom_interfaces/share/custom_interfaces/hook/ld_library_path_lib.ps1'
[3.978s] [34mcolcon.colcon_core.shell[0m [1;30mINFO[0m Creating environment descriptor '/home/josep/robotics/CatamaranDependencies/install/custom_interfaces/share/custom_interfaces/hook/ld_library_path_lib.dsv'
[3.978s] [34mcolcon.colcon_core.shell[0m [1;30mINFO[0m Creating environment hook '/home/josep/robotics/CatamaranDependencies/install/custom_interfaces/share/custom_interfaces/hook/ld_library_path_lib.sh'
[3.978s] [34mcolcon.colcon_core.environment[0m [1;30mLevel 1[0m checking '/home/josep/robotics/CatamaranDependencies/install/custom_interfaces/bin'
[3.978s] [34mcolcon.colcon_core.environment[0m [1;30mLevel 1[0m checking '/home/josep/robotics/CatamaranDependencies/install/custom_interfaces/lib/pkgconfig/custom_interfaces.pc'
[3.979s] [34mcolcon.colcon_core.environment[0m [1;30mLevel 1[0m checking '/home/josep/robotics/CatamaranDependencies/install/custom_interfaces/lib/python3.10/site-packages'
[3.979s] [34mcolcon.colcon_core.environment[0m [1;30mLevel 1[0m checking '/home/josep/robotics/CatamaranDependencies/install/custom_interfaces/bin'
[3.979s] [34mcolcon.colcon_core.shell[0m [1;30mINFO[0m Creating package script '/home/josep/robotics/CatamaranDependencies/install/custom_interfaces/share/custom_interfaces/package.ps1'
[3.979s] [34mcolcon.colcon_core.shell[0m [1;30mINFO[0m Creating package descriptor '/home/josep/robotics/CatamaranDependencies/install/custom_interfaces/share/custom_interfaces/package.dsv'
[3.979s] [34mcolcon.colcon_core.shell[0m [1;30mINFO[0m Creating package script '/home/josep/robotics/CatamaranDependencies/install/custom_interfaces/share/custom_interfaces/package.sh'
[3.980s] [34mcolcon.colcon_core.shell[0m [1;30mINFO[0m Creating package script '/home/josep/robotics/CatamaranDependencies/install/custom_interfaces/share/custom_interfaces/package.bash'
[3.980s] [34mcolcon.colcon_core.shell[0m [1;30mINFO[0m Creating package script '/home/josep/robotics/CatamaranDependencies/install/custom_interfaces/share/custom_interfaces/package.zsh'
[3.980s] [34mcolcon.colcon_core.environment[0m [1;30mLevel 1[0m create_file_with_runtime_dependencies(/home/josep/robotics/CatamaranDependencies/install/custom_interfaces/share/colcon-core/packages/custom_interfaces)
[3.980s] [34mcolcon.colcon_ros.task.ament_cmake.build[0m [1;30mINFO[0m Building ROS package in '/home/josep/robotics/CatamaranDependencies/dynamixel_sdk' with build type 'ament_cmake'
[3.980s] [34mcolcon.colcon_cmake.task.cmake.build[0m [1;30mINFO[0m Building CMake package in '/home/josep/robotics/CatamaranDependencies/dynamixel_sdk'
[3.981s] [34mcolcon.colcon_core.shell[0m [1;30mINFO[0m Skip shell extension 'powershell' for command environment: Not usable outside of PowerShell
[3.981s] [34mcolcon.colcon_core.shell[0m [1;30mDEBUG[0m [32mSkip shell extension 'dsv' for command environment[0m
[3.990s] [34mcolcon.colcon_core.event_handler.log_command[0m [1;30mDEBUG[0m [32mInvoking command in '/home/josep/robotics/CatamaranDependencies/build/dynamixel_sdk': AMENT_PREFIX_PATH=/home/josep/robotics/CatamaranDependencies/install/custom_interfaces:${AMENT_PREFIX_PATH} CMAKE_PREFIX_PATH=/home/josep/robotics/CatamaranDependencies/install/custom_interfaces:/opt/ros/humble LD_LIBRARY_PATH=/home/josep/robotics/CatamaranDependencies/install/custom_interfaces/lib:${LD_LIBRARY_PATH} PYTHONPATH=/home/josep/robotics/CatamaranDependencies/install/custom_interfaces/local/lib/python3.10/dist-packages:${PYTHONPATH} /usr/bin/cmake /home/josep/robotics/CatamaranDependencies/dynamixel_sdk -DCMAKE_INSTALL_PREFIX=/home/josep/robotics/CatamaranDependencies/install/dynamixel_sdk[0m
[4.530s] [34mcolcon.colcon_core.event_handler.log_command[0m [1;30mDEBUG[0m [32mInvoked command in '/home/josep/robotics/CatamaranDependencies/build/dynamixel_sdk' returned '0': AMENT_PREFIX_PATH=/home/josep/robotics/CatamaranDependencies/install/custom_interfaces:${AMENT_PREFIX_PATH} CMAKE_PREFIX_PATH=/home/josep/robotics/CatamaranDependencies/install/custom_interfaces:/opt/ros/humble LD_LIBRARY_PATH=/home/josep/robotics/CatamaranDependencies/install/custom_interfaces/lib:${LD_LIBRARY_PATH} PYTHONPATH=/home/josep/robotics/CatamaranDependencies/install/custom_interfaces/local/lib/python3.10/dist-packages:${PYTHONPATH} /usr/bin/cmake /home/josep/robotics/CatamaranDependencies/dynamixel_sdk -DCMAKE_INSTALL_PREFIX=/home/josep/robotics/CatamaranDependencies/install/dynamixel_sdk[0m
[4.530s] [34mcolcon.colcon_core.event_handler.log_command[0m [1;30mDEBUG[0m [32mInvoking command in '/home/josep/robotics/CatamaranDependencies/build/dynamixel_sdk': AMENT_PREFIX_PATH=/home/josep/robotics/CatamaranDependencies/install/custom_interfaces:${AMENT_PREFIX_PATH} CMAKE_PREFIX_PATH=/home/josep/robotics/CatamaranDependencies/install/custom_interfaces:/opt/ros/humble LD_LIBRARY_PATH=/home/josep/robotics/CatamaranDependencies/install/custom_interfaces/lib:${LD_LIBRARY_PATH} PYTHONPATH=/home/josep/robotics/CatamaranDependencies/install/custom_interfaces/local/lib/python3.10/dist-packages:${PYTHONPATH} /usr/bin/cmake --build /home/josep/robotics/CatamaranDependencies/build/dynamixel_sdk -- -j16 -l16[0m
[4.978s] [34mcolcon.colcon_core.event_handler.log_command[0m [1;30mDEBUG[0m [32mInvoked command in '/home/josep/robotics/CatamaranDependencies/build/dynamixel_sdk' returned '0': AMENT_PREFIX_PATH=/home/josep/robotics/CatamaranDependencies/install/custom_interfaces:${AMENT_PREFIX_PATH} CMAKE_PREFIX_PATH=/home/josep/robotics/CatamaranDependencies/install/custom_interfaces:/opt/ros/humble LD_LIBRARY_PATH=/home/josep/robotics/CatamaranDependencies/install/custom_interfaces/lib:${LD_LIBRARY_PATH} PYTHONPATH=/home/josep/robotics/CatamaranDependencies/install/custom_interfaces/local/lib/python3.10/dist-packages:${PYTHONPATH} /usr/bin/cmake --build /home/josep/robotics/CatamaranDependencies/build/dynamixel_sdk -- -j16 -l16[0m
[4.978s] [34mcolcon.colcon_core.event_handler.log_command[0m [1;30mDEBUG[0m [32mInvoking command in '/home/josep/robotics/CatamaranDependencies/build/dynamixel_sdk': AMENT_PREFIX_PATH=/home/josep/robotics/CatamaranDependencies/install/custom_interfaces:${AMENT_PREFIX_PATH} CMAKE_PREFIX_PATH=/home/josep/robotics/CatamaranDependencies/install/custom_interfaces:/opt/ros/humble LD_LIBRARY_PATH=/home/josep/robotics/CatamaranDependencies/install/custom_interfaces/lib:${LD_LIBRARY_PATH} PYTHONPATH=/home/josep/robotics/CatamaranDependencies/install/custom_interfaces/local/lib/python3.10/dist-packages:${PYTHONPATH} /usr/bin/cmake --install /home/josep/robotics/CatamaranDependencies/build/dynamixel_sdk[0m
[4.989s] [34mcolcon.colcon_core.environment[0m [1;30mLevel 1[0m create_environment_scripts_only(dynamixel_sdk)
[4.990s] [34mcolcon.colcon_core.event_handler.log_command[0m [1;30mDEBUG[0m [32mInvoked command in '/home/josep/robotics/CatamaranDependencies/build/dynamixel_sdk' returned '0': AMENT_PREFIX_PATH=/home/josep/robotics/CatamaranDependencies/install/custom_interfaces:${AMENT_PREFIX_PATH} CMAKE_PREFIX_PATH=/home/josep/robotics/CatamaranDependencies/install/custom_interfaces:/opt/ros/humble LD_LIBRARY_PATH=/home/josep/robotics/CatamaranDependencies/install/custom_interfaces/lib:${LD_LIBRARY_PATH} PYTHONPATH=/home/josep/robotics/CatamaranDependencies/install/custom_interfaces/local/lib/python3.10/dist-packages:${PYTHONPATH} /usr/bin/cmake --install /home/josep/robotics/CatamaranDependencies/build/dynamixel_sdk[0m
[4.990s] [34mcolcon.colcon_core.environment[0m [1;30mLevel 1[0m checking '/home/josep/robotics/CatamaranDependencies/install/dynamixel_sdk' for CMake module files
[4.990s] [34mcolcon.colcon_core.environment[0m [1;30mLevel 1[0m checking '/home/josep/robotics/CatamaranDependencies/install/dynamixel_sdk' for CMake config files
[4.990s] [34mcolcon.colcon_core.shell[0m [1;30mLevel 1[0m create_environment_hook('dynamixel_sdk', 'cmake_prefix_path')
[4.990s] [34mcolcon.colcon_core.shell[0m [1;30mINFO[0m Creating environment hook '/home/josep/robotics/CatamaranDependencies/install/dynamixel_sdk/share/dynamixel_sdk/hook/cmake_prefix_path.ps1'
[4.991s] [34mcolcon.colcon_core.shell[0m [1;30mINFO[0m Creating environment descriptor '/home/josep/robotics/CatamaranDependencies/install/dynamixel_sdk/share/dynamixel_sdk/hook/cmake_prefix_path.dsv'
[4.991s] [34mcolcon.colcon_core.shell[0m [1;30mINFO[0m Creating environment hook '/home/josep/robotics/CatamaranDependencies/install/dynamixel_sdk/share/dynamixel_sdk/hook/cmake_prefix_path.sh'
[4.991s] [34mcolcon.colcon_core.environment[0m [1;30mLevel 1[0m checking '/home/josep/robotics/CatamaranDependencies/install/dynamixel_sdk/lib'
[4.991s] [34mcolcon.colcon_core.shell[0m [1;30mLevel 1[0m create_environment_hook('dynamixel_sdk', 'ld_library_path_lib')
[4.991s] [34mcolcon.colcon_core.shell[0m [1;30mINFO[0m Creating environment hook '/home/josep/robotics/CatamaranDependencies/install/dynamixel_sdk/share/dynamixel_sdk/hook/ld_library_path_lib.ps1'
[4.991s] [34mcolcon.colcon_core.shell[0m [1;30mINFO[0m Creating environment descriptor '/home/josep/robotics/CatamaranDependencies/install/dynamixel_sdk/share/dynamixel_sdk/hook/ld_library_path_lib.dsv'
[4.992s] [34mcolcon.colcon_core.shell[0m [1;30mINFO[0m Creating environment hook '/home/josep/robotics/CatamaranDependencies/install/dynamixel_sdk/share/dynamixel_sdk/hook/ld_library_path_lib.sh'
[4.992s] [34mcolcon.colcon_core.environment[0m [1;30mLevel 1[0m checking '/home/josep/robotics/CatamaranDependencies/install/dynamixel_sdk/bin'
[4.992s] [34mcolcon.colcon_core.environment[0m [1;30mLevel 1[0m checking '/home/josep/robotics/CatamaranDependencies/install/dynamixel_sdk/lib/pkgconfig/dynamixel_sdk.pc'
[4.992s] [34mcolcon.colcon_core.environment[0m [1;30mLevel 1[0m checking '/home/josep/robotics/CatamaranDependencies/install/dynamixel_sdk/lib/python3.10/site-packages'
[4.992s] [34mcolcon.colcon_core.environment[0m [1;30mLevel 1[0m checking '/home/josep/robotics/CatamaranDependencies/install/dynamixel_sdk/bin'
[4.992s] [34mcolcon.colcon_core.shell[0m [1;30mINFO[0m Creating package script '/home/josep/robotics/CatamaranDependencies/install/dynamixel_sdk/share/dynamixel_sdk/package.ps1'
[4.993s] [34mcolcon.colcon_core.shell[0m [1;30mINFO[0m Creating package descriptor '/home/josep/robotics/CatamaranDependencies/install/dynamixel_sdk/share/dynamixel_sdk/package.dsv'
[4.993s] [34mcolcon.colcon_core.shell[0m [1;30mINFO[0m Creating package script '/home/josep/robotics/CatamaranDependencies/install/dynamixel_sdk/share/dynamixel_sdk/package.sh'
[4.993s] [34mcolcon.colcon_core.shell[0m [1;30mINFO[0m Creating package script '/home/josep/robotics/CatamaranDependencies/install/dynamixel_sdk/share/dynamixel_sdk/package.bash'
[4.993s] [34mcolcon.colcon_core.shell[0m [1;30mINFO[0m Creating package script '/home/josep/robotics/CatamaranDependencies/install/dynamixel_sdk/share/dynamixel_sdk/package.zsh'
[4.993s] [34mcolcon.colcon_core.environment[0m [1;30mLevel 1[0m create_file_with_runtime_dependencies(/home/josep/robotics/CatamaranDependencies/install/dynamixel_sdk/share/colcon-core/packages/dynamixel_sdk)
[4.994s] [34mcolcon.colcon_core.environment[0m [1;30mLevel 1[0m create_environment_scripts_only(dynamixel_sdk)
[4.994s] [34mcolcon.colcon_core.environment[0m [1;30mLevel 1[0m checking '/home/josep/robotics/CatamaranDependencies/install/dynamixel_sdk' for CMake module files
[4.994s] [34mcolcon.colcon_core.environment[0m [1;30mLevel 1[0m checking '/home/josep/robotics/CatamaranDependencies/install/dynamixel_sdk' for CMake config files
[4.994s] [34mcolcon.colcon_core.shell[0m [1;30mLevel 1[0m create_environment_hook('dynamixel_sdk', 'cmake_prefix_path')
[4.994s] [34mcolcon.colcon_core.shell[0m [1;30mINFO[0m Creating environment hook '/home/josep/robotics/CatamaranDependencies/install/dynamixel_sdk/share/dynamixel_sdk/hook/cmake_prefix_path.ps1'
[4.994s] [34mcolcon.colcon_core.shell[0m [1;30mINFO[0m Creating environment descriptor '/home/josep/robotics/CatamaranDependencies/install/dynamixel_sdk/share/dynamixel_sdk/hook/cmake_prefix_path.dsv'
[4.995s] [34mcolcon.colcon_core.shell[0m [1;30mINFO[0m Creating environment hook '/home/josep/robotics/CatamaranDependencies/install/dynamixel_sdk/share/dynamixel_sdk/hook/cmake_prefix_path.sh'
[4.995s] [34mcolcon.colcon_core.environment[0m [1;30mLevel 1[0m checking '/home/josep/robotics/CatamaranDependencies/install/dynamixel_sdk/lib'
[4.995s] [34mcolcon.colcon_core.shell[0m [1;30mLevel 1[0m create_environment_hook('dynamixel_sdk', 'ld_library_path_lib')
[4.995s] [34mcolcon.colcon_core.shell[0m [1;30mINFO[0m Creating environment hook '/home/josep/robotics/CatamaranDependencies/install/dynamixel_sdk/share/dynamixel_sdk/hook/ld_library_path_lib.ps1'
[4.995s] [34mcolcon.colcon_core.shell[0m [1;30mINFO[0m Creating environment descriptor '/home/josep/robotics/CatamaranDependencies/install/dynamixel_sdk/share/dynamixel_sdk/hook/ld_library_path_lib.dsv'
[4.995s] [34mcolcon.colcon_core.shell[0m [1;30mINFO[0m Creating environment hook '/home/josep/robotics/CatamaranDependencies/install/dynamixel_sdk/share/dynamixel_sdk/hook/ld_library_path_lib.sh'
[4.996s] [34mcolcon.colcon_core.environment[0m [1;30mLevel 1[0m checking '/home/josep/robotics/CatamaranDependencies/install/dynamixel_sdk/bin'
[4.996s] [34mcolcon.colcon_core.environment[0m [1;30mLevel 1[0m checking '/home/josep/robotics/CatamaranDependencies/install/dynamixel_sdk/lib/pkgconfig/dynamixel_sdk.pc'
[4.996s] [34mcolcon.colcon_core.environment[0m [1;30mLevel 1[0m checking '/home/josep/robotics/CatamaranDependencies/install/dynamixel_sdk/lib/python3.10/site-packages'
[4.996s] [34mcolcon.colcon_core.environment[0m [1;30mLevel 1[0m checking '/home/josep/robotics/CatamaranDependencies/install/dynamixel_sdk/bin'
[4.996s] [34mcolcon.colcon_core.shell[0m [1;30mINFO[0m Creating package script '/home/josep/robotics/CatamaranDependencies/install/dynamixel_sdk/share/dynamixel_sdk/package.ps1'
[4.996s] [34mcolcon.colcon_core.shell[0m [1;30mINFO[0m Creating package descriptor '/home/josep/robotics/CatamaranDependencies/install/dynamixel_sdk/share/dynamixel_sdk/package.dsv'
[4.997s] [34mcolcon.colcon_core.shell[0m [1;30mINFO[0m Creating package script '/home/josep/robotics/CatamaranDependencies/install/dynamixel_sdk/share/dynamixel_sdk/package.sh'
[4.997s] [34mcolcon.colcon_core.shell[0m [1;30mINFO[0m Creating package script '/home/josep/robotics/CatamaranDependencies/install/dynamixel_sdk/share/dynamixel_sdk/package.bash'
[4.997s] [34mcolcon.colcon_core.shell[0m [1;30mINFO[0m Creating package script '/home/josep/robotics/CatamaranDependencies/install/dynamixel_sdk/share/dynamixel_sdk/package.zsh'
[4.997s] [34mcolcon.colcon_core.environment[0m [1;30mLevel 1[0m create_file_with_runtime_dependencies(/home/josep/robotics/CatamaranDependencies/install/dynamixel_sdk/share/colcon-core/packages/dynamixel_sdk)
[4.998s] [34mcolcon.colcon_ros.task.ament_cmake.build[0m [1;30mINFO[0m Building ROS package in '/home/josep/robotics/CatamaranDependencies/motor_bringup' with build type 'ament_cmake'
[4.998s] [34mcolcon.colcon_cmake.task.cmake.build[0m [1;30mINFO[0m Building CMake package in '/home/josep/robotics/CatamaranDependencies/motor_bringup'
[4.998s] [34mcolcon.colcon_core.shell[0m [1;30mINFO[0m Skip shell extension 'powershell' for command environment: Not usable outside of PowerShell
[4.998s] [34mcolcon.colcon_core.shell[0m [1;30mDEBUG[0m [32mSkip shell extension 'dsv' for command environment[0m
[5.009s] [34mcolcon.colcon_core.event_handler.log_command[0m [1;30mDEBUG[0m [32mInvoking command in '/home/josep/robotics/CatamaranDependencies/build/motor_bringup': AMENT_PREFIX_PATH=/home/josep/robotics/CatamaranDependencies/install/dynamixel_sdk:/home/josep/robotics/CatamaranDependencies/install/custom_interfaces:${AMENT_PREFIX_PATH} CMAKE_PREFIX_PATH=/home/josep/robotics/CatamaranDependencies/install/dynamixel_sdk:/home/josep/robotics/CatamaranDependencies/install/custom_interfaces:/opt/ros/humble LD_LIBRARY_PATH=/home/josep/robotics/CatamaranDependencies/install/dynamixel_sdk/lib:/home/josep/robotics/CatamaranDependencies/install/custom_interfaces/lib:${LD_LIBRARY_PATH} PYTHONPATH=/home/josep/robotics/CatamaranDependencies/install/custom_interfaces/local/lib/python3.10/dist-packages:${PYTHONPATH} /usr/bin/cmake /home/josep/robotics/CatamaranDependencies/motor_bringup -DCMAKE_INSTALL_PREFIX=/home/josep/robotics/CatamaranDependencies/install/motor_bringup[0m
[5.891s] [34mcolcon.colcon_core.event_handler.log_command[0m [1;30mDEBUG[0m [32mInvoked command in '/home/josep/robotics/CatamaranDependencies/build/motor_bringup' returned '1': AMENT_PREFIX_PATH=/home/josep/robotics/CatamaranDependencies/install/dynamixel_sdk:/home/josep/robotics/CatamaranDependencies/install/custom_interfaces:${AMENT_PREFIX_PATH} CMAKE_PREFIX_PATH=/home/josep/robotics/CatamaranDependencies/install/dynamixel_sdk:/home/josep/robotics/CatamaranDependencies/install/custom_interfaces:/opt/ros/humble LD_LIBRARY_PATH=/home/josep/robotics/CatamaranDependencies/install/dynamixel_sdk/lib:/home/josep/robotics/CatamaranDependencies/install/custom_interfaces/lib:${LD_LIBRARY_PATH} PYTHONPATH=/home/josep/robotics/CatamaranDependencies/install/custom_interfaces/local/lib/python3.10/dist-packages:${PYTHONPATH} /usr/bin/cmake /home/josep/robotics/CatamaranDependencies/motor_bringup -DCMAKE_INSTALL_PREFIX=/home/josep/robotics/CatamaranDependencies/install/motor_bringup[0m
[5.904s] [34mcolcon.colcon_core.environment[0m [1;30mLevel 1[0m create_environment_scripts_only(motor_bringup)
[5.904s] [34mcolcon.colcon_core.environment[0m [1;30mLevel 1[0m checking '/home/josep/robotics/CatamaranDependencies/install/motor_bringup' for CMake module files
[5.905s] [34mcolcon.colcon_core.environment[0m [1;30mLevel 1[0m checking '/home/josep/robotics/CatamaranDependencies/install/motor_bringup' for CMake config files
[5.905s] [34mcolcon.colcon_core.environment[0m [1;30mLevel 1[0m checking '/home/josep/robotics/CatamaranDependencies/install/motor_bringup/bin'
[5.905s] [34mcolcon.colcon_core.environment[0m [1;30mLevel 1[0m checking '/home/josep/robotics/CatamaranDependencies/install/motor_bringup/lib/pkgconfig/motor_bringup.pc'
[5.905s] [34mcolcon.colcon_core.environment[0m [1;30mLevel 1[0m checking '/home/josep/robotics/CatamaranDependencies/install/motor_bringup/lib/python3.10/site-packages'
[5.905s] [34mcolcon.colcon_core.environment[0m [1;30mLevel 1[0m checking '/home/josep/robotics/CatamaranDependencies/install/motor_bringup/bin'
[5.906s] [34mcolcon.colcon_core.shell[0m [1;30mINFO[0m Creating package script '/home/josep/robotics/CatamaranDependencies/install/motor_bringup/share/motor_bringup/package.ps1'
[5.906s] [34mcolcon.colcon_core.shell[0m [1;30mINFO[0m Creating package descriptor '/home/josep/robotics/CatamaranDependencies/install/motor_bringup/share/motor_bringup/package.dsv'
[5.907s] [34mcolcon.colcon_core.shell[0m [1;30mINFO[0m Creating package script '/home/josep/robotics/CatamaranDependencies/install/motor_bringup/share/motor_bringup/package.sh'
[5.907s] [34mcolcon.colcon_core.shell[0m [1;30mINFO[0m Creating package script '/home/josep/robotics/CatamaranDependencies/install/motor_bringup/share/motor_bringup/package.bash'
[5.907s] [34mcolcon.colcon_core.shell[0m [1;30mINFO[0m Creating package script '/home/josep/robotics/CatamaranDependencies/install/motor_bringup/share/motor_bringup/package.zsh'
[5.907s] [34mcolcon.colcon_core.environment[0m [1;30mLevel 1[0m create_file_with_runtime_dependencies(/home/josep/robotics/CatamaranDependencies/install/motor_bringup/share/colcon-core/packages/motor_bringup)
[5.918s] [34mcolcon.colcon_parallel_executor.executor.parallel[0m [1;30mDEBUG[0m [32mclosing loop[0m
[5.918s] [34mcolcon.colcon_parallel_executor.executor.parallel[0m [1;30mDEBUG[0m [32mloop closed[0m
[5.918s] [34mcolcon.colcon_parallel_executor.executor.parallel[0m [1;30mDEBUG[0m [32mrun_until_complete finished with '1'[0m
[5.918s] [34mcolcon.colcon_core.event_reactor[0m [1;30mDEBUG[0m [32mjoining thread[0m
[5.928s] [34mcolcon.colcon_core.plugin_system[0m [1;30mINFO[0m Skipping extension 'colcon_notification.desktop_notification.terminal_notifier': Not used on non-Darwin systems
[5.928s] [34mcolcon.colcon_core.plugin_system[0m [1;30mINFO[0m Skipping extension 'colcon_notification.desktop_notification.win32': Not used on non-Windows systems
[5.928s] [34mcolcon.colcon_notification.desktop_notification[0m [1;30mINFO[0m Sending desktop notification using 'notify2'
[5.945s] [34mcolcon.colcon_core.event_reactor[0m [1;30mDEBUG[0m [32mjoined thread[0m
[5.945s] [34mcolcon.colcon_core.shell[0m [1;30mINFO[0m Creating prefix script '/home/josep/robotics/CatamaranDependencies/install/local_setup.ps1'
[5.946s] [34mcolcon.colcon_core.shell[0m [1;30mINFO[0m Creating prefix util module '/home/josep/robotics/CatamaranDependencies/install/_local_setup_util_ps1.py'
[5.948s] [34mcolcon.colcon_core.shell[0m [1;30mINFO[0m Creating prefix chain script '/home/josep/robotics/CatamaranDependencies/install/setup.ps1'
[5.949s] [34mcolcon.colcon_core.shell[0m [1;30mINFO[0m Creating prefix script '/home/josep/robotics/CatamaranDependencies/install/local_setup.sh'
[5.950s] [34mcolcon.colcon_core.shell[0m [1;30mINFO[0m Creating prefix util module '/home/josep/robotics/CatamaranDependencies/install/_local_setup_util_sh.py'
[5.950s] [34mcolcon.colcon_core.shell[0m [1;30mINFO[0m Creating prefix chain script '/home/josep/robotics/CatamaranDependencies/install/setup.sh'
[5.952s] [34mcolcon.colcon_core.shell[0m [1;30mINFO[0m Creating prefix script '/home/josep/robotics/CatamaranDependencies/install/local_setup.bash'
[5.953s] [34mcolcon.colcon_core.shell[0m [1;30mINFO[0m Creating prefix chain script '/home/josep/robotics/CatamaranDependencies/install/setup.bash'
[5.954s] [34mcolcon.colcon_core.shell[0m [1;30mINFO[0m Creating prefix script '/home/josep/robotics/CatamaranDependencies/install/local_setup.zsh'
[5.954s] [34mcolcon.colcon_core.shell[0m [1;30mINFO[0m Creating prefix chain script '/home/josep/robotics/CatamaranDependencies/install/setup.zsh'
