[0.010s] Invoking command in '/home/josep/robotics/CatamaranDependencies/build/motor_bringup': AMENT_PREFIX_PATH=/home/josep/robotics/CatamaranDependencies/install/dynamixel_sdk:/home/josep/robotics/CatamaranDependencies/install/custom_interfaces:${AMENT_PREFIX_PATH} CMAKE_PREFIX_PATH=/home/josep/robotics/CatamaranDependencies/install/dynamixel_sdk:/home/josep/robotics/CatamaranDependencies/install/custom_interfaces:/opt/ros/humble LD_LIBRARY_PATH=/home/josep/robotics/CatamaranDependencies/install/dynamixel_sdk/lib:/home/josep/robotics/CatamaranDependencies/install/custom_interfaces/lib:${LD_LIBRARY_PATH} PYTHONPATH=/home/josep/robotics/CatamaranDependencies/install/custom_interfaces/local/lib/python3.10/dist-packages:${PYTHONPATH} /usr/bin/cmake /home/josep/robotics/CatamaranDependencies/motor_bringup -DCMAKE_INSTALL_PREFIX=/home/josep/robotics/CatamaranDependencies/install/motor_bringup
[0.058s] -- The C compiler identification is GNU 11.4.0
[0.104s] -- The CXX compiler identification is GNU 11.4.0
[0.110s] -- Detecting C compiler ABI info
[0.177s] -- Detecting C compiler ABI info - done
[0.181s] -- Check for working C compiler: /usr/bin/cc - skipped
[0.181s] -- Detecting C compile features
[0.181s] -- Detecting C compile features - done
[0.183s] -- Detecting CXX compiler ABI info
[0.253s] -- Detecting CXX compiler ABI info - done
[0.257s] -- Check for working CXX compiler: /usr/bin/c++ - skipped
[0.257s] -- Detecting CXX compile features
[0.258s] -- Detecting CXX compile features - done
[0.259s] -- Found ament_cmake: 1.3.12 (/opt/ros/humble/share/ament_cmake/cmake)
[0.367s] -- Found Python3: /usr/bin/python3 (found version "3.10.12") found components: Interpreter 
[0.427s] -- Found rclcpp: 16.0.14 (/opt/ros/humble/share/rclcpp/cmake)
[0.455s] -- Found rosidl_generator_c: 3.1.7 (/opt/ros/humble/share/rosidl_generator_c/cmake)
[0.458s] -- Found rosidl_adapter: 3.1.7 (/opt/ros/humble/share/rosidl_adapter/cmake)
[0.463s] -- Found rosidl_generator_cpp: 3.1.7 (/opt/ros/humble/share/rosidl_generator_cpp/cmake)
[0.470s] -- Using all available rosidl_typesupport_c: rosidl_typesupport_fastrtps_c;rosidl_typesupport_introspection_c
[0.479s] -- Using all available rosidl_typesupport_cpp: rosidl_typesupport_fastrtps_cpp;rosidl_typesupport_introspection_cpp
[0.511s] -- Found rmw_implementation_cmake: 6.1.2 (/opt/ros/humble/share/rmw_implementation_cmake/cmake)
[0.513s] -- Found rmw_fastrtps_cpp: 6.2.8 (/opt/ros/humble/share/rmw_fastrtps_cpp/cmake)
[0.601s] -- Found OpenSSL: /usr/lib/x86_64-linux-gnu/libcrypto.so (found version "3.0.2")  
[0.628s] -- Found FastRTPS: /opt/ros/humble/include  
[0.668s] -- Using RMW implementation 'rmw_fastrtps_cpp' as default
[0.676s] -- Looking for pthread.h
[0.750s] -- Looking for pthread.h - found
[0.750s] -- Performing Test CMAKE_HAVE_LIBC_PTHREAD
[0.823s] -- Performing Test CMAKE_HAVE_LIBC_PTHREAD - Success
[0.824s] -- Found Threads: TRUE  
[0.864s] -- Found dynamixel_sdk: 3.7.60 (/home/josep/robotics/CatamaranDependencies/install/dynamixel_sdk/share/dynamixel_sdk/cmake)
[0.865s] -- Found custom_interfaces: 0.0.0 (/home/josep/robotics/CatamaranDependencies/install/custom_interfaces/share/custom_interfaces/cmake)
[0.874s] -- Found geometry_msgs: 4.9.0 (/opt/ros/humble/share/geometry_msgs/cmake)
[0.884s] -- Configuring incomplete, errors occurred!
[0.884s] See also "/home/josep/robotics/CatamaranDependencies/build/motor_bringup/CMakeFiles/CMakeOutput.log".
[0.884s] [31mCMake Error at /opt/ros/humble/share/ament_cmake_target_dependencies/cmake/ament_target_dependencies.cmake:77 (message):
[0.885s]   ament_target_dependencies() the passed package name 'mavros_msgs' was not
[0.885s]   found before
[0.885s] Call Stack (most recent call first):
[0.885s]   CMakeLists.txt:44 (ament_target_dependencies)
[0.885s] 
[0.885s] [0m
[0.892s] Invoked command in '/home/josep/robotics/CatamaranDependencies/build/motor_bringup' returned '1': AMENT_PREFIX_PATH=/home/josep/robotics/CatamaranDependencies/install/dynamixel_sdk:/home/josep/robotics/CatamaranDependencies/install/custom_interfaces:${AMENT_PREFIX_PATH} CMAKE_PREFIX_PATH=/home/josep/robotics/CatamaranDependencies/install/dynamixel_sdk:/home/josep/robotics/CatamaranDependencies/install/custom_interfaces:/opt/ros/humble LD_LIBRARY_PATH=/home/josep/robotics/CatamaranDependencies/install/dynamixel_sdk/lib:/home/josep/robotics/CatamaranDependencies/install/custom_interfaces/lib:${LD_LIBRARY_PATH} PYTHONPATH=/home/josep/robotics/CatamaranDependencies/install/custom_interfaces/local/lib/python3.10/dist-packages:${PYTHONPATH} /usr/bin/cmake /home/josep/robotics/CatamaranDependencies/motor_bringup -DCMAKE_INSTALL_PREFIX=/home/josep/robotics/CatamaranDependencies/install/motor_bringup
