[0.010s] Invoking command in '/home/josep/robotics/CatamaranDependencies/build/motor_bringup': AMENT_PREFIX_PATH=/home/josep/robotics/CatamaranDependencies/install/dynamixel_sdk:/home/josep/robotics/CatamaranDependencies/install/custom_interfaces:${AMENT_PREFIX_PATH} CMAKE_PREFIX_PATH=/home/josep/robotics/CatamaranDependencies/install/dynamixel_sdk:/home/josep/robotics/CatamaranDependencies/install/custom_interfaces:/opt/ros/humble LD_LIBRARY_PATH=/home/josep/robotics/CatamaranDependencies/install/dynamixel_sdk/lib:/home/josep/robotics/CatamaranDependencies/install/custom_interfaces/lib:${LD_LIBRARY_PATH} PYTHONPATH=/home/josep/robotics/CatamaranDependencies/install/custom_interfaces/local/lib/python3.10/dist-packages:${PYTHONPATH} /usr/bin/cmake /home/josep/robotics/CatamaranDependencies/motor_bringup -DCMAKE_INSTALL_PREFIX=/home/josep/robotics/CatamaranDependencies/install/motor_bringup
[0.022s] -- Found ament_cmake: 1.3.12 (/opt/ros/humble/share/ament_cmake/cmake)
[0.120s] -- Found rclcpp: 16.0.14 (/opt/ros/humble/share/rclcpp/cmake)
[0.137s] -- Found rosidl_generator_c: 3.1.7 (/opt/ros/humble/share/rosidl_generator_c/cmake)
[0.138s] -- Found rosidl_adapter: 3.1.7 (/opt/ros/humble/share/rosidl_adapter/cmake)
[0.142s] -- Found rosidl_generator_cpp: 3.1.7 (/opt/ros/humble/share/rosidl_generator_cpp/cmake)
[0.147s] -- Using all available rosidl_typesupport_c: rosidl_typesupport_fastrtps_c;rosidl_typesupport_introspection_c
[0.154s] -- Using all available rosidl_typesupport_cpp: rosidl_typesupport_fastrtps_cpp;rosidl_typesupport_introspection_cpp
[0.172s] -- Found rmw_implementation_cmake: 6.1.2 (/opt/ros/humble/share/rmw_implementation_cmake/cmake)
[0.172s] -- Found rmw_fastrtps_cpp: 6.2.8 (/opt/ros/humble/share/rmw_fastrtps_cpp/cmake)
[0.254s] -- Using RMW implementation 'rmw_fastrtps_cpp' as default
[0.282s] -- Found dynamixel_sdk: 3.7.60 (/home/josep/robotics/CatamaranDependencies/install/dynamixel_sdk/share/dynamixel_sdk/cmake)
[0.283s] -- Found custom_interfaces: 0.0.0 (/home/josep/robotics/CatamaranDependencies/install/custom_interfaces/share/custom_interfaces/cmake)
[0.289s] -- Found geometry_msgs: 4.9.0 (/opt/ros/humble/share/geometry_msgs/cmake)
[0.304s] [31mCMake Error at CMakeLists.txt:15 (find_package):
[0.304s]   By not providing "Findmavros_msgs.cmake" in CMAKE_MODULE_PATH this project
[0.304s]   has asked CMake to find a package configuration file provided by
[0.305s]   "mavros_msgs", but CMake did not find one.
[0.305s] 
[0.305s]   Could not find a package configuration file provided by "mavros_msgs" with
[0.305s]   any of the following names:
[0.305s] 
[0.305s]     mavros_msgsConfig.cmake
[0.305s]     mavros_msgs-config.cmake
[0.305s] 
[0.305s]   Add the installation prefix of "mavros_msgs" to CMAKE_PREFIX_PATH or set
[0.305s]   "mavros_msgs_DIR" to a directory containing one of the above files.  If
[0.305s]   "mavros_msgs" provides a separate development package or SDK, be sure it
[0.305s]   has been installed.
[0.305s] 
[0.305s] [0m
[0.305s] -- Configuring incomplete, errors occurred!
[0.305s] See also "/home/josep/robotics/CatamaranDependencies/build/motor_bringup/CMakeFiles/CMakeOutput.log".
[0.314s] Invoked command in '/home/josep/robotics/CatamaranDependencies/build/motor_bringup' returned '1': AMENT_PREFIX_PATH=/home/josep/robotics/CatamaranDependencies/install/dynamixel_sdk:/home/josep/robotics/CatamaranDependencies/install/custom_interfaces:${AMENT_PREFIX_PATH} CMAKE_PREFIX_PATH=/home/josep/robotics/CatamaranDependencies/install/dynamixel_sdk:/home/josep/robotics/CatamaranDependencies/install/custom_interfaces:/opt/ros/humble LD_LIBRARY_PATH=/home/josep/robotics/CatamaranDependencies/install/dynamixel_sdk/lib:/home/josep/robotics/CatamaranDependencies/install/custom_interfaces/lib:${LD_LIBRARY_PATH} PYTHONPATH=/home/josep/robotics/CatamaranDependencies/install/custom_interfaces/local/lib/python3.10/dist-packages:${PYTHONPATH} /usr/bin/cmake /home/josep/robotics/CatamaranDependencies/motor_bringup -DCMAKE_INSTALL_PREFIX=/home/josep/robotics/CatamaranDependencies/install/motor_bringup
