/home/josep/robotics/CatamaranDependencies/install/zr30camera/lib/python3.10/site-packages/zr30camera/camera_stream.py
/home/josep/robotics/CatamaranDependencies/install/zr30camera/lib/python3.10/site-packages/zr30camera/cam_teleop.py
/home/josep/robotics/CatamaranDependencies/install/zr30camera/lib/python3.10/site-packages/zr30camera/camera_controller.py
/home/josep/robotics/CatamaranDependencies/install/zr30camera/lib/python3.10/site-packages/zr30camera/__init__.py
/home/josep/robotics/CatamaranDependencies/install/zr30camera/lib/python3.10/site-packages/zr30camera/siyi_sdk/siyi_sdk.py
/home/josep/robotics/CatamaranDependencies/install/zr30camera/lib/python3.10/site-packages/zr30camera/siyi_sdk/utils.py
/home/josep/robotics/CatamaranDependencies/install/zr30camera/lib/python3.10/site-packages/zr30camera/siyi_sdk/siyi_message.py
/home/josep/robotics/CatamaranDependencies/install/zr30camera/lib/python3.10/site-packages/zr30camera/siyi_sdk/crc16_python.py
/home/josep/robotics/CatamaranDependencies/install/zr30camera/lib/python3.10/site-packages/zr30camera/siyi_sdk/__init__.py
/home/josep/robotics/CatamaranDependencies/install/zr30camera/lib/python3.10/site-packages/zr30camera/siyi_sdk/cameras.py
/home/josep/robotics/CatamaranDependencies/install/zr30camera/lib/python3.10/site-packages/zr30camera/siyi_sdk/stream.py
/home/josep/robotics/CatamaranDependencies/install/zr30camera/lib/python3.10/site-packages/zr30camera/siyi_sdk/siyi_sdk.bak.py
/home/josep/robotics/CatamaranDependencies/install/zr30camera/lib/python3.10/site-packages/zr30camera/siyi_sdk/tests/test_gimbal_rotation.py
/home/josep/robotics/CatamaranDependencies/install/zr30camera/lib/python3.10/site-packages/zr30camera/siyi_sdk/tests/test_get_gimbal_info.py
/home/josep/robotics/CatamaranDependencies/install/zr30camera/lib/python3.10/site-packages/zr30camera/siyi_sdk/tests/siyi_sdk.py
/home/josep/robotics/CatamaranDependencies/install/zr30camera/lib/python3.10/site-packages/zr30camera/siyi_sdk/tests/test_get_fw_ver.py
/home/josep/robotics/CatamaranDependencies/install/zr30camera/lib/python3.10/site-packages/zr30camera/siyi_sdk/tests/test_rtsp.py
/home/josep/robotics/CatamaranDependencies/install/zr30camera/lib/python3.10/site-packages/zr30camera/siyi_sdk/tests/udp_server.py
/home/josep/robotics/CatamaranDependencies/install/zr30camera/lib/python3.10/site-packages/zr30camera/siyi_sdk/tests/test_center_gimbal.py
/home/josep/robotics/CatamaranDependencies/install/zr30camera/lib/python3.10/site-packages/zr30camera/siyi_sdk/tests/test_from_rtsp_to_rtmp.py
/home/josep/robotics/CatamaranDependencies/install/zr30camera/lib/python3.10/site-packages/zr30camera/siyi_sdk/tests/test_fpv_mode.py
/home/josep/robotics/CatamaranDependencies/install/zr30camera/lib/python3.10/site-packages/zr30camera/siyi_sdk/tests/utils.py
/home/josep/robotics/CatamaranDependencies/install/zr30camera/lib/python3.10/site-packages/zr30camera/siyi_sdk/tests/test_lock_mode.py
/home/josep/robotics/CatamaranDependencies/install/zr30camera/lib/python3.10/site-packages/zr30camera/siyi_sdk/tests/test_absolute_zoom.py
/home/josep/robotics/CatamaranDependencies/install/zr30camera/lib/python3.10/site-packages/zr30camera/siyi_sdk/tests/siyi_message.py
/home/josep/robotics/CatamaranDependencies/install/zr30camera/lib/python3.10/site-packages/zr30camera/siyi_sdk/tests/test_follow_mode.py
/home/josep/robotics/CatamaranDependencies/install/zr30camera/lib/python3.10/site-packages/zr30camera/siyi_sdk/tests/test_print_attitude.py
/home/josep/robotics/CatamaranDependencies/install/zr30camera/lib/python3.10/site-packages/zr30camera/siyi_sdk/tests/test_record_video.py
/home/josep/robotics/CatamaranDependencies/install/zr30camera/lib/python3.10/site-packages/zr30camera/siyi_sdk/tests/tkgui.py
/home/josep/robotics/CatamaranDependencies/install/zr30camera/lib/python3.10/site-packages/zr30camera/siyi_sdk/tests/test_zoom.py
/home/josep/robotics/CatamaranDependencies/install/zr30camera/lib/python3.10/site-packages/zr30camera/siyi_sdk/tests/crc16_python.py
/home/josep/robotics/CatamaranDependencies/install/zr30camera/lib/python3.10/site-packages/zr30camera/siyi_sdk/tests/__init__.py
/home/josep/robotics/CatamaranDependencies/install/zr30camera/lib/python3.10/site-packages/zr30camera/siyi_sdk/tests/cameras.py
/home/josep/robotics/CatamaranDependencies/install/zr30camera/lib/python3.10/site-packages/zr30camera/siyi_sdk/tests/test_set_angles.py
/home/josep/robotics/CatamaranDependencies/install/zr30camera/lib/python3.10/site-packages/zr30camera/siyi_sdk/tests/test_rtmp_stream.py
/home/josep/robotics/CatamaranDependencies/install/zr30camera/lib/python3.10/site-packages/zr30camera/siyi_sdk/tests/test_get_hw_id.py
/home/josep/robotics/CatamaranDependencies/install/zr30camera/lib/python3.10/site-packages/zr30camera/siyi_sdk/README.md
/home/josep/robotics/CatamaranDependencies/install/zr30camera/lib/python3.10/site-packages/zr30camera/siyi_sdk/LICENSE
/home/josep/robotics/CatamaranDependencies/install/zr30camera/lib/python3.10/site-packages/zr30camera/__pycache__/camera_stream.cpython-310.pyc
/home/josep/robotics/CatamaranDependencies/install/zr30camera/lib/python3.10/site-packages/zr30camera/__pycache__/cam_teleop.cpython-310.pyc
/home/josep/robotics/CatamaranDependencies/install/zr30camera/lib/python3.10/site-packages/zr30camera/__pycache__/camera_controller.cpython-310.pyc
/home/josep/robotics/CatamaranDependencies/install/zr30camera/lib/python3.10/site-packages/zr30camera/__pycache__/__init__.cpython-310.pyc
/home/josep/robotics/CatamaranDependencies/install/zr30camera/lib/python3.10/site-packages/zr30camera/siyi_sdk/__pycache__/siyi_sdk.cpython-310.pyc
/home/josep/robotics/CatamaranDependencies/install/zr30camera/lib/python3.10/site-packages/zr30camera/siyi_sdk/__pycache__/utils.cpython-310.pyc
/home/josep/robotics/CatamaranDependencies/install/zr30camera/lib/python3.10/site-packages/zr30camera/siyi_sdk/__pycache__/siyi_message.cpython-310.pyc
/home/josep/robotics/CatamaranDependencies/install/zr30camera/lib/python3.10/site-packages/zr30camera/siyi_sdk/__pycache__/crc16_python.cpython-310.pyc
/home/josep/robotics/CatamaranDependencies/install/zr30camera/lib/python3.10/site-packages/zr30camera/siyi_sdk/__pycache__/__init__.cpython-310.pyc
/home/josep/robotics/CatamaranDependencies/install/zr30camera/lib/python3.10/site-packages/zr30camera/siyi_sdk/__pycache__/cameras.cpython-310.pyc
/home/josep/robotics/CatamaranDependencies/install/zr30camera/lib/python3.10/site-packages/zr30camera/siyi_sdk/__pycache__/stream.cpython-310.pyc
/home/josep/robotics/CatamaranDependencies/install/zr30camera/lib/python3.10/site-packages/zr30camera/siyi_sdk/__pycache__/siyi_sdk.bak.cpython-310.pyc
/home/josep/robotics/CatamaranDependencies/install/zr30camera/lib/python3.10/site-packages/zr30camera/siyi_sdk/tests/__pycache__/test_gimbal_rotation.cpython-310.pyc
/home/josep/robotics/CatamaranDependencies/install/zr30camera/lib/python3.10/site-packages/zr30camera/siyi_sdk/tests/__pycache__/test_get_gimbal_info.cpython-310.pyc
/home/josep/robotics/CatamaranDependencies/install/zr30camera/lib/python3.10/site-packages/zr30camera/siyi_sdk/tests/__pycache__/siyi_sdk.cpython-310.pyc
/home/josep/robotics/CatamaranDependencies/install/zr30camera/lib/python3.10/site-packages/zr30camera/siyi_sdk/tests/__pycache__/test_get_fw_ver.cpython-310.pyc
/home/josep/robotics/CatamaranDependencies/install/zr30camera/lib/python3.10/site-packages/zr30camera/siyi_sdk/tests/__pycache__/test_rtsp.cpython-310.pyc
/home/josep/robotics/CatamaranDependencies/install/zr30camera/lib/python3.10/site-packages/zr30camera/siyi_sdk/tests/__pycache__/udp_server.cpython-310.pyc
/home/josep/robotics/CatamaranDependencies/install/zr30camera/lib/python3.10/site-packages/zr30camera/siyi_sdk/tests/__pycache__/test_center_gimbal.cpython-310.pyc
/home/josep/robotics/CatamaranDependencies/install/zr30camera/lib/python3.10/site-packages/zr30camera/siyi_sdk/tests/__pycache__/test_from_rtsp_to_rtmp.cpython-310.pyc
/home/josep/robotics/CatamaranDependencies/install/zr30camera/lib/python3.10/site-packages/zr30camera/siyi_sdk/tests/__pycache__/test_fpv_mode.cpython-310.pyc
/home/josep/robotics/CatamaranDependencies/install/zr30camera/lib/python3.10/site-packages/zr30camera/siyi_sdk/tests/__pycache__/utils.cpython-310.pyc
/home/josep/robotics/CatamaranDependencies/install/zr30camera/lib/python3.10/site-packages/zr30camera/siyi_sdk/tests/__pycache__/test_lock_mode.cpython-310.pyc
/home/josep/robotics/CatamaranDependencies/install/zr30camera/lib/python3.10/site-packages/zr30camera/siyi_sdk/tests/__pycache__/test_absolute_zoom.cpython-310.pyc
/home/josep/robotics/CatamaranDependencies/install/zr30camera/lib/python3.10/site-packages/zr30camera/siyi_sdk/tests/__pycache__/siyi_message.cpython-310.pyc
/home/josep/robotics/CatamaranDependencies/install/zr30camera/lib/python3.10/site-packages/zr30camera/siyi_sdk/tests/__pycache__/test_follow_mode.cpython-310.pyc
/home/josep/robotics/CatamaranDependencies/install/zr30camera/lib/python3.10/site-packages/zr30camera/siyi_sdk/tests/__pycache__/test_print_attitude.cpython-310.pyc
/home/josep/robotics/CatamaranDependencies/install/zr30camera/lib/python3.10/site-packages/zr30camera/siyi_sdk/tests/__pycache__/test_record_video.cpython-310.pyc
/home/josep/robotics/CatamaranDependencies/install/zr30camera/lib/python3.10/site-packages/zr30camera/siyi_sdk/tests/__pycache__/tkgui.cpython-310.pyc
/home/josep/robotics/CatamaranDependencies/install/zr30camera/lib/python3.10/site-packages/zr30camera/siyi_sdk/tests/__pycache__/test_zoom.cpython-310.pyc
/home/josep/robotics/CatamaranDependencies/install/zr30camera/lib/python3.10/site-packages/zr30camera/siyi_sdk/tests/__pycache__/crc16_python.cpython-310.pyc
/home/josep/robotics/CatamaranDependencies/install/zr30camera/lib/python3.10/site-packages/zr30camera/siyi_sdk/tests/__pycache__/__init__.cpython-310.pyc
/home/josep/robotics/CatamaranDependencies/install/zr30camera/lib/python3.10/site-packages/zr30camera/siyi_sdk/tests/__pycache__/cameras.cpython-310.pyc
/home/josep/robotics/CatamaranDependencies/install/zr30camera/lib/python3.10/site-packages/zr30camera/siyi_sdk/tests/__pycache__/test_set_angles.cpython-310.pyc
/home/josep/robotics/CatamaranDependencies/install/zr30camera/lib/python3.10/site-packages/zr30camera/siyi_sdk/tests/__pycache__/test_rtmp_stream.cpython-310.pyc
/home/josep/robotics/CatamaranDependencies/install/zr30camera/lib/python3.10/site-packages/zr30camera/siyi_sdk/tests/__pycache__/test_get_hw_id.cpython-310.pyc
/home/josep/robotics/CatamaranDependencies/install/zr30camera/share/ament_index/resource_index/packages/zr30camera
/home/josep/robotics/CatamaranDependencies/install/zr30camera/share/zr30camera/package.xml
/home/josep/robotics/CatamaranDependencies/install/zr30camera/share/zr30camera/launch/zr30camera_launch.py
/home/josep/robotics/CatamaranDependencies/install/zr30camera/lib/python3.10/site-packages/zr30camera-0.0.0-py3.10.egg-info/requires.txt
/home/josep/robotics/CatamaranDependencies/install/zr30camera/lib/python3.10/site-packages/zr30camera-0.0.0-py3.10.egg-info/PKG-INFO
/home/josep/robotics/CatamaranDependencies/install/zr30camera/lib/python3.10/site-packages/zr30camera-0.0.0-py3.10.egg-info/dependency_links.txt
/home/josep/robotics/CatamaranDependencies/install/zr30camera/lib/python3.10/site-packages/zr30camera-0.0.0-py3.10.egg-info/SOURCES.txt
/home/josep/robotics/CatamaranDependencies/install/zr30camera/lib/python3.10/site-packages/zr30camera-0.0.0-py3.10.egg-info/entry_points.txt
/home/josep/robotics/CatamaranDependencies/install/zr30camera/lib/python3.10/site-packages/zr30camera-0.0.0-py3.10.egg-info/top_level.txt
/home/josep/robotics/CatamaranDependencies/install/zr30camera/lib/python3.10/site-packages/zr30camera-0.0.0-py3.10.egg-info/zip-safe
/home/josep/robotics/CatamaranDependencies/install/zr30camera/lib/zr30camera/cam_teleop
/home/josep/robotics/CatamaranDependencies/install/zr30camera/lib/zr30camera/controller
/home/josep/robotics/CatamaranDependencies/install/zr30camera/lib/zr30camera/stream
