[0.008s] Invoking command in '/home/josep/robotics/CatamaranDependencies/build/dynamixel_sdk': AMENT_PREFIX_PATH=/home/josep/robotics/CatamaranDependencies/install/custom_interfaces:${AMENT_PREFIX_PATH} CMAKE_PREFIX_PATH=/home/josep/robotics/CatamaranDependencies/install/custom_interfaces:/opt/ros/humble LD_LIBRARY_PATH=/home/josep/robotics/CatamaranDependencies/install/custom_interfaces/lib:${LD_LIBRARY_PATH} PYTHONPATH=/home/josep/robotics/CatamaranDependencies/install/custom_interfaces/local/lib/python3.10/dist-packages:${PYTHONPATH} /usr/bin/cmake /home/josep/robotics/CatamaranDependencies/dynamixel_sdk -DCMAKE_INSTALL_PREFIX=/home/josep/robotics/CatamaranDependencies/install/dynamixel_sdk
[0.059s] -- The C compiler identification is GNU 11.4.0
[0.106s] -- The CXX compiler identification is GNU 11.4.0
[0.113s] -- Detecting C compiler ABI info
[0.181s] -- Detecting C compiler ABI info - done
[0.186s] -- Check for working C compiler: /usr/bin/cc - skipped
[0.186s] -- Detecting C compile features
[0.186s] -- Detecting C compile features - done
[0.188s] -- Detecting CXX compiler ABI info
[0.265s] -- Detecting CXX compiler ABI info - done
[0.270s] -- Check for working CXX compiler: /usr/bin/c++ - skipped
[0.270s] -- Detecting CXX compile features
[0.271s] -- Detecting CXX compile features - done
[0.272s] -- Found ament_cmake: 1.3.12 (/opt/ros/humble/share/ament_cmake/cmake)
[0.403s] -- Found Python3: /usr/bin/python3 (found version "3.10.12") found components: Interpreter 
[0.531s] -- Configuring done
[0.536s] -- Generating done
[0.537s] -- Build files have been written to: /home/josep/robotics/CatamaranDependencies/build/dynamixel_sdk
[0.548s] Invoked command in '/home/josep/robotics/CatamaranDependencies/build/dynamixel_sdk' returned '0': AMENT_PREFIX_PATH=/home/josep/robotics/CatamaranDependencies/install/custom_interfaces:${AMENT_PREFIX_PATH} CMAKE_PREFIX_PATH=/home/josep/robotics/CatamaranDependencies/install/custom_interfaces:/opt/ros/humble LD_LIBRARY_PATH=/home/josep/robotics/CatamaranDependencies/install/custom_interfaces/lib:${LD_LIBRARY_PATH} PYTHONPATH=/home/josep/robotics/CatamaranDependencies/install/custom_interfaces/local/lib/python3.10/dist-packages:${PYTHONPATH} /usr/bin/cmake /home/josep/robotics/CatamaranDependencies/dynamixel_sdk -DCMAKE_INSTALL_PREFIX=/home/josep/robotics/CatamaranDependencies/install/dynamixel_sdk
[0.549s] Invoking command in '/home/josep/robotics/CatamaranDependencies/build/dynamixel_sdk': AMENT_PREFIX_PATH=/home/josep/robotics/CatamaranDependencies/install/custom_interfaces:${AMENT_PREFIX_PATH} CMAKE_PREFIX_PATH=/home/josep/robotics/CatamaranDependencies/install/custom_interfaces:/opt/ros/humble LD_LIBRARY_PATH=/home/josep/robotics/CatamaranDependencies/install/custom_interfaces/lib:${LD_LIBRARY_PATH} PYTHONPATH=/home/josep/robotics/CatamaranDependencies/install/custom_interfaces/local/lib/python3.10/dist-packages:${PYTHONPATH} /usr/bin/cmake --build /home/josep/robotics/CatamaranDependencies/build/dynamixel_sdk -- -j16 -l16
[0.601s] [ 50%] [32mBuilding CXX object CMakeFiles/dynamixel_sdk.dir/src/dynamixel_sdk/protocol2_packet_handler.cpp.o[0m
[0.601s] [ 50%] [32mBuilding CXX object CMakeFiles/dynamixel_sdk.dir/src/dynamixel_sdk/group_bulk_write.cpp.o[0m
[0.601s] [ 50%] [32mBuilding CXX object CMakeFiles/dynamixel_sdk.dir/src/dynamixel_sdk/group_bulk_read.cpp.o[0m
[0.601s] [ 50%] [32mBuilding CXX object CMakeFiles/dynamixel_sdk.dir/src/dynamixel_sdk/packet_handler.cpp.o[0m
[0.601s] [ 50%] [32mBuilding CXX object CMakeFiles/dynamixel_sdk.dir/src/dynamixel_sdk/group_sync_write.cpp.o[0m
[0.601s] [ 60%] [32mBuilding CXX object CMakeFiles/dynamixel_sdk.dir/src/dynamixel_sdk/port_handler.cpp.o[0m
[0.601s] [ 70%] [32mBuilding CXX object CMakeFiles/dynamixel_sdk.dir/src/dynamixel_sdk/group_sync_read.cpp.o[0m
[0.601s] [ 80%] [32mBuilding CXX object CMakeFiles/dynamixel_sdk.dir/src/dynamixel_sdk/port_handler_linux.cpp.o[0m
[0.601s] [ 90%] [32mBuilding CXX object CMakeFiles/dynamixel_sdk.dir/src/dynamixel_sdk/protocol1_packet_handler.cpp.o[0m
[0.914s] [100%] [32m[1mLinking CXX shared library libdynamixel_sdk.so[0m
[0.982s] [100%] Built target dynamixel_sdk
[0.995s] Invoked command in '/home/josep/robotics/CatamaranDependencies/build/dynamixel_sdk' returned '0': AMENT_PREFIX_PATH=/home/josep/robotics/CatamaranDependencies/install/custom_interfaces:${AMENT_PREFIX_PATH} CMAKE_PREFIX_PATH=/home/josep/robotics/CatamaranDependencies/install/custom_interfaces:/opt/ros/humble LD_LIBRARY_PATH=/home/josep/robotics/CatamaranDependencies/install/custom_interfaces/lib:${LD_LIBRARY_PATH} PYTHONPATH=/home/josep/robotics/CatamaranDependencies/install/custom_interfaces/local/lib/python3.10/dist-packages:${PYTHONPATH} /usr/bin/cmake --build /home/josep/robotics/CatamaranDependencies/build/dynamixel_sdk -- -j16 -l16
[0.996s] Invoking command in '/home/josep/robotics/CatamaranDependencies/build/dynamixel_sdk': AMENT_PREFIX_PATH=/home/josep/robotics/CatamaranDependencies/install/custom_interfaces:${AMENT_PREFIX_PATH} CMAKE_PREFIX_PATH=/home/josep/robotics/CatamaranDependencies/install/custom_interfaces:/opt/ros/humble LD_LIBRARY_PATH=/home/josep/robotics/CatamaranDependencies/install/custom_interfaces/lib:${LD_LIBRARY_PATH} PYTHONPATH=/home/josep/robotics/CatamaranDependencies/install/custom_interfaces/local/lib/python3.10/dist-packages:${PYTHONPATH} /usr/bin/cmake --install /home/josep/robotics/CatamaranDependencies/build/dynamixel_sdk
[1.002s] -- Install configuration: ""
[1.002s] -- Installing: /home/josep/robotics/CatamaranDependencies/install/dynamixel_sdk/include/
[1.002s] -- Installing: /home/josep/robotics/CatamaranDependencies/install/dynamixel_sdk/include//dynamixel_sdk
[1.002s] -- Installing: /home/josep/robotics/CatamaranDependencies/install/dynamixel_sdk/include//dynamixel_sdk/group_bulk_write.h
[1.003s] -- Installing: /home/josep/robotics/CatamaranDependencies/install/dynamixel_sdk/include//dynamixel_sdk/packet_handler.h
[1.003s] -- Installing: /home/josep/robotics/CatamaranDependencies/install/dynamixel_sdk/include//dynamixel_sdk/port_handler_windows.h
[1.003s] -- Installing: /home/josep/robotics/CatamaranDependencies/install/dynamixel_sdk/include//dynamixel_sdk/port_handler_linux.h
[1.003s] -- Installing: /home/josep/robotics/CatamaranDependencies/install/dynamixel_sdk/include//dynamixel_sdk/protocol1_packet_handler.h
[1.003s] -- Installing: /home/josep/robotics/CatamaranDependencies/install/dynamixel_sdk/include//dynamixel_sdk/protocol2_packet_handler.h
[1.003s] -- Installing: /home/josep/robotics/CatamaranDependencies/install/dynamixel_sdk/include//dynamixel_sdk/port_handler_mac.h
[1.003s] -- Installing: /home/josep/robotics/CatamaranDependencies/install/dynamixel_sdk/include//dynamixel_sdk/dynamixel_sdk.h
[1.003s] -- Installing: /home/josep/robotics/CatamaranDependencies/install/dynamixel_sdk/include//dynamixel_sdk/port_handler_arduino.h
[1.003s] -- Installing: /home/josep/robotics/CatamaranDependencies/install/dynamixel_sdk/include//dynamixel_sdk/port_handler.h
[1.003s] -- Installing: /home/josep/robotics/CatamaranDependencies/install/dynamixel_sdk/include//dynamixel_sdk/group_bulk_read.h
[1.003s] -- Installing: /home/josep/robotics/CatamaranDependencies/install/dynamixel_sdk/include//dynamixel_sdk/group_sync_write.h
[1.004s] -- Installing: /home/josep/robotics/CatamaranDependencies/install/dynamixel_sdk/include//dynamixel_sdk/group_sync_read.h
[1.004s] -- Installing: /home/josep/robotics/CatamaranDependencies/install/dynamixel_sdk/lib/libdynamixel_sdk.so
[1.004s] -- Installing: /home/josep/robotics/CatamaranDependencies/install/dynamixel_sdk/share/dynamixel_sdk/environment/library_path.sh
[1.004s] -- Installing: /home/josep/robotics/CatamaranDependencies/install/dynamixel_sdk/share/dynamixel_sdk/environment/library_path.dsv
[1.004s] -- Installing: /home/josep/robotics/CatamaranDependencies/install/dynamixel_sdk/share/ament_index/resource_index/package_run_dependencies/dynamixel_sdk
[1.005s] -- Installing: /home/josep/robotics/CatamaranDependencies/install/dynamixel_sdk/share/ament_index/resource_index/parent_prefix_path/dynamixel_sdk
[1.005s] -- Installing: /home/josep/robotics/CatamaranDependencies/install/dynamixel_sdk/share/dynamixel_sdk/environment/ament_prefix_path.sh
[1.005s] -- Installing: /home/josep/robotics/CatamaranDependencies/install/dynamixel_sdk/share/dynamixel_sdk/environment/ament_prefix_path.dsv
[1.005s] -- Installing: /home/josep/robotics/CatamaranDependencies/install/dynamixel_sdk/share/dynamixel_sdk/environment/path.sh
[1.005s] -- Installing: /home/josep/robotics/CatamaranDependencies/install/dynamixel_sdk/share/dynamixel_sdk/environment/path.dsv
[1.005s] -- Installing: /home/josep/robotics/CatamaranDependencies/install/dynamixel_sdk/share/dynamixel_sdk/local_setup.bash
[1.005s] -- Installing: /home/josep/robotics/CatamaranDependencies/install/dynamixel_sdk/share/dynamixel_sdk/local_setup.sh
[1.005s] -- Installing: /home/josep/robotics/CatamaranDependencies/install/dynamixel_sdk/share/dynamixel_sdk/local_setup.zsh
[1.005s] -- Installing: /home/josep/robotics/CatamaranDependencies/install/dynamixel_sdk/share/dynamixel_sdk/local_setup.dsv
[1.006s] -- Installing: /home/josep/robotics/CatamaranDependencies/install/dynamixel_sdk/share/dynamixel_sdk/package.dsv
[1.006s] -- Installing: /home/josep/robotics/CatamaranDependencies/install/dynamixel_sdk/share/ament_index/resource_index/packages/dynamixel_sdk
[1.006s] -- Installing: /home/josep/robotics/CatamaranDependencies/install/dynamixel_sdk/share/dynamixel_sdk/cmake/ament_cmake_export_include_directories-extras.cmake
[1.006s] -- Installing: /home/josep/robotics/CatamaranDependencies/install/dynamixel_sdk/share/dynamixel_sdk/cmake/ament_cmake_export_libraries-extras.cmake
[1.006s] -- Installing: /home/josep/robotics/CatamaranDependencies/install/dynamixel_sdk/share/dynamixel_sdk/cmake/dynamixel_sdkConfig.cmake
[1.006s] -- Installing: /home/josep/robotics/CatamaranDependencies/install/dynamixel_sdk/share/dynamixel_sdk/cmake/dynamixel_sdkConfig-version.cmake
[1.006s] -- Installing: /home/josep/robotics/CatamaranDependencies/install/dynamixel_sdk/share/dynamixel_sdk/package.xml
[1.008s] Invoked command in '/home/josep/robotics/CatamaranDependencies/build/dynamixel_sdk' returned '0': AMENT_PREFIX_PATH=/home/josep/robotics/CatamaranDependencies/install/custom_interfaces:${AMENT_PREFIX_PATH} CMAKE_PREFIX_PATH=/home/josep/robotics/CatamaranDependencies/install/custom_interfaces:/opt/ros/humble LD_LIBRARY_PATH=/home/josep/robotics/CatamaranDependencies/install/custom_interfaces/lib:${LD_LIBRARY_PATH} PYTHONPATH=/home/josep/robotics/CatamaranDependencies/install/custom_interfaces/local/lib/python3.10/dist-packages:${PYTHONPATH} /usr/bin/cmake --install /home/josep/robotics/CatamaranDependencies/build/dynamixel_sdk
