running egg_info
creating ../build/zr30camera/zr30camera.egg-info
writing ../build/zr30camera/zr30camera.egg-info/PKG-INFO
writing dependency_links to ../build/zr30camera/zr30camera.egg-info/dependency_links.txt
writing entry points to ../build/zr30camera/zr30camera.egg-info/entry_points.txt
writing requirements to ../build/zr30camera/zr30camera.egg-info/requires.txt
writing top-level names to ../build/zr30camera/zr30camera.egg-info/top_level.txt
writing manifest file '../build/zr30camera/zr30camera.egg-info/SOURCES.txt'
reading manifest file '../build/zr30camera/zr30camera.egg-info/SOURCES.txt'
adding license file 'LICENSE'
writing manifest file '../build/zr30camera/zr30camera.egg-info/SOURCES.txt'
running build
running build_py
creating /home/josep/robotics/CatamaranDependencies/build/zr30camera/build
creating /home/josep/robotics/CatamaranDependencies/build/zr30camera/build/lib
creating /home/josep/robotics/CatamaranDependencies/build/zr30camera/build/lib/zr30camera
copying zr30camera/camera_stream.py -> /home/josep/robotics/CatamaranDependencies/build/zr30camera/build/lib/zr30camera
copying zr30camera/cam_teleop.py -> /home/josep/robotics/CatamaranDependencies/build/zr30camera/build/lib/zr30camera
copying zr30camera/camera_controller.py -> /home/josep/robotics/CatamaranDependencies/build/zr30camera/build/lib/zr30camera
copying zr30camera/__init__.py -> /home/josep/robotics/CatamaranDependencies/build/zr30camera/build/lib/zr30camera
creating /home/josep/robotics/CatamaranDependencies/build/zr30camera/build/lib/zr30camera/siyi_sdk
copying zr30camera/siyi_sdk/siyi_sdk.py -> /home/josep/robotics/CatamaranDependencies/build/zr30camera/build/lib/zr30camera/siyi_sdk
copying zr30camera/siyi_sdk/utils.py -> /home/josep/robotics/CatamaranDependencies/build/zr30camera/build/lib/zr30camera/siyi_sdk
copying zr30camera/siyi_sdk/siyi_message.py -> /home/josep/robotics/CatamaranDependencies/build/zr30camera/build/lib/zr30camera/siyi_sdk
copying zr30camera/siyi_sdk/crc16_python.py -> /home/josep/robotics/CatamaranDependencies/build/zr30camera/build/lib/zr30camera/siyi_sdk
copying zr30camera/siyi_sdk/__init__.py -> /home/josep/robotics/CatamaranDependencies/build/zr30camera/build/lib/zr30camera/siyi_sdk
copying zr30camera/siyi_sdk/cameras.py -> /home/josep/robotics/CatamaranDependencies/build/zr30camera/build/lib/zr30camera/siyi_sdk
copying zr30camera/siyi_sdk/stream.py -> /home/josep/robotics/CatamaranDependencies/build/zr30camera/build/lib/zr30camera/siyi_sdk
copying zr30camera/siyi_sdk/siyi_sdk.bak.py -> /home/josep/robotics/CatamaranDependencies/build/zr30camera/build/lib/zr30camera/siyi_sdk
creating /home/josep/robotics/CatamaranDependencies/build/zr30camera/build/lib/zr30camera/siyi_sdk/tests
copying zr30camera/siyi_sdk/tests/test_gimbal_rotation.py -> /home/josep/robotics/CatamaranDependencies/build/zr30camera/build/lib/zr30camera/siyi_sdk/tests
copying zr30camera/siyi_sdk/tests/test_get_gimbal_info.py -> /home/josep/robotics/CatamaranDependencies/build/zr30camera/build/lib/zr30camera/siyi_sdk/tests
copying zr30camera/siyi_sdk/tests/siyi_sdk.py -> /home/josep/robotics/CatamaranDependencies/build/zr30camera/build/lib/zr30camera/siyi_sdk/tests
copying zr30camera/siyi_sdk/tests/test_get_fw_ver.py -> /home/josep/robotics/CatamaranDependencies/build/zr30camera/build/lib/zr30camera/siyi_sdk/tests
copying zr30camera/siyi_sdk/tests/test_rtsp.py -> /home/josep/robotics/CatamaranDependencies/build/zr30camera/build/lib/zr30camera/siyi_sdk/tests
copying zr30camera/siyi_sdk/tests/udp_server.py -> /home/josep/robotics/CatamaranDependencies/build/zr30camera/build/lib/zr30camera/siyi_sdk/tests
copying zr30camera/siyi_sdk/tests/test_center_gimbal.py -> /home/josep/robotics/CatamaranDependencies/build/zr30camera/build/lib/zr30camera/siyi_sdk/tests
copying zr30camera/siyi_sdk/tests/test_from_rtsp_to_rtmp.py -> /home/josep/robotics/CatamaranDependencies/build/zr30camera/build/lib/zr30camera/siyi_sdk/tests
copying zr30camera/siyi_sdk/tests/test_fpv_mode.py -> /home/josep/robotics/CatamaranDependencies/build/zr30camera/build/lib/zr30camera/siyi_sdk/tests
copying zr30camera/siyi_sdk/tests/utils.py -> /home/josep/robotics/CatamaranDependencies/build/zr30camera/build/lib/zr30camera/siyi_sdk/tests
copying zr30camera/siyi_sdk/tests/test_lock_mode.py -> /home/josep/robotics/CatamaranDependencies/build/zr30camera/build/lib/zr30camera/siyi_sdk/tests
copying zr30camera/siyi_sdk/tests/test_absolute_zoom.py -> /home/josep/robotics/CatamaranDependencies/build/zr30camera/build/lib/zr30camera/siyi_sdk/tests
copying zr30camera/siyi_sdk/tests/siyi_message.py -> /home/josep/robotics/CatamaranDependencies/build/zr30camera/build/lib/zr30camera/siyi_sdk/tests
copying zr30camera/siyi_sdk/tests/test_follow_mode.py -> /home/josep/robotics/CatamaranDependencies/build/zr30camera/build/lib/zr30camera/siyi_sdk/tests
copying zr30camera/siyi_sdk/tests/test_print_attitude.py -> /home/josep/robotics/CatamaranDependencies/build/zr30camera/build/lib/zr30camera/siyi_sdk/tests
copying zr30camera/siyi_sdk/tests/test_record_video.py -> /home/josep/robotics/CatamaranDependencies/build/zr30camera/build/lib/zr30camera/siyi_sdk/tests
copying zr30camera/siyi_sdk/tests/tkgui.py -> /home/josep/robotics/CatamaranDependencies/build/zr30camera/build/lib/zr30camera/siyi_sdk/tests
copying zr30camera/siyi_sdk/tests/test_zoom.py -> /home/josep/robotics/CatamaranDependencies/build/zr30camera/build/lib/zr30camera/siyi_sdk/tests
copying zr30camera/siyi_sdk/tests/crc16_python.py -> /home/josep/robotics/CatamaranDependencies/build/zr30camera/build/lib/zr30camera/siyi_sdk/tests
copying zr30camera/siyi_sdk/tests/__init__.py -> /home/josep/robotics/CatamaranDependencies/build/zr30camera/build/lib/zr30camera/siyi_sdk/tests
copying zr30camera/siyi_sdk/tests/cameras.py -> /home/josep/robotics/CatamaranDependencies/build/zr30camera/build/lib/zr30camera/siyi_sdk/tests
copying zr30camera/siyi_sdk/tests/test_set_angles.py -> /home/josep/robotics/CatamaranDependencies/build/zr30camera/build/lib/zr30camera/siyi_sdk/tests
copying zr30camera/siyi_sdk/tests/test_rtmp_stream.py -> /home/josep/robotics/CatamaranDependencies/build/zr30camera/build/lib/zr30camera/siyi_sdk/tests
copying zr30camera/siyi_sdk/tests/test_get_hw_id.py -> /home/josep/robotics/CatamaranDependencies/build/zr30camera/build/lib/zr30camera/siyi_sdk/tests
copying zr30camera/siyi_sdk/README.md -> /home/josep/robotics/CatamaranDependencies/build/zr30camera/build/lib/zr30camera/siyi_sdk
copying zr30camera/siyi_sdk/LICENSE -> /home/josep/robotics/CatamaranDependencies/build/zr30camera/build/lib/zr30camera/siyi_sdk
running install
running install_lib
creating /home/josep/robotics/CatamaranDependencies/install/zr30camera/lib/python3.10/site-packages/zr30camera
copying /home/josep/robotics/CatamaranDependencies/build/zr30camera/build/lib/zr30camera/camera_stream.py -> /home/josep/robotics/CatamaranDependencies/install/zr30camera/lib/python3.10/site-packages/zr30camera
copying /home/josep/robotics/CatamaranDependencies/build/zr30camera/build/lib/zr30camera/cam_teleop.py -> /home/josep/robotics/CatamaranDependencies/install/zr30camera/lib/python3.10/site-packages/zr30camera
copying /home/josep/robotics/CatamaranDependencies/build/zr30camera/build/lib/zr30camera/camera_controller.py -> /home/josep/robotics/CatamaranDependencies/install/zr30camera/lib/python3.10/site-packages/zr30camera
copying /home/josep/robotics/CatamaranDependencies/build/zr30camera/build/lib/zr30camera/__init__.py -> /home/josep/robotics/CatamaranDependencies/install/zr30camera/lib/python3.10/site-packages/zr30camera
creating /home/josep/robotics/CatamaranDependencies/install/zr30camera/lib/python3.10/site-packages/zr30camera/siyi_sdk
copying /home/josep/robotics/CatamaranDependencies/build/zr30camera/build/lib/zr30camera/siyi_sdk/siyi_sdk.py -> /home/josep/robotics/CatamaranDependencies/install/zr30camera/lib/python3.10/site-packages/zr30camera/siyi_sdk
copying /home/josep/robotics/CatamaranDependencies/build/zr30camera/build/lib/zr30camera/siyi_sdk/utils.py -> /home/josep/robotics/CatamaranDependencies/install/zr30camera/lib/python3.10/site-packages/zr30camera/siyi_sdk
copying /home/josep/robotics/CatamaranDependencies/build/zr30camera/build/lib/zr30camera/siyi_sdk/siyi_message.py -> /home/josep/robotics/CatamaranDependencies/install/zr30camera/lib/python3.10/site-packages/zr30camera/siyi_sdk
copying /home/josep/robotics/CatamaranDependencies/build/zr30camera/build/lib/zr30camera/siyi_sdk/README.md -> /home/josep/robotics/CatamaranDependencies/install/zr30camera/lib/python3.10/site-packages/zr30camera/siyi_sdk
creating /home/josep/robotics/CatamaranDependencies/install/zr30camera/lib/python3.10/site-packages/zr30camera/siyi_sdk/tests
copying /home/josep/robotics/CatamaranDependencies/build/zr30camera/build/lib/zr30camera/siyi_sdk/tests/test_gimbal_rotation.py -> /home/josep/robotics/CatamaranDependencies/install/zr30camera/lib/python3.10/site-packages/zr30camera/siyi_sdk/tests
copying /home/josep/robotics/CatamaranDependencies/build/zr30camera/build/lib/zr30camera/siyi_sdk/tests/test_get_gimbal_info.py -> /home/josep/robotics/CatamaranDependencies/install/zr30camera/lib/python3.10/site-packages/zr30camera/siyi_sdk/tests
copying /home/josep/robotics/CatamaranDependencies/build/zr30camera/build/lib/zr30camera/siyi_sdk/tests/siyi_sdk.py -> /home/josep/robotics/CatamaranDependencies/install/zr30camera/lib/python3.10/site-packages/zr30camera/siyi_sdk/tests
copying /home/josep/robotics/CatamaranDependencies/build/zr30camera/build/lib/zr30camera/siyi_sdk/tests/test_get_fw_ver.py -> /home/josep/robotics/CatamaranDependencies/install/zr30camera/lib/python3.10/site-packages/zr30camera/siyi_sdk/tests
copying /home/josep/robotics/CatamaranDependencies/build/zr30camera/build/lib/zr30camera/siyi_sdk/tests/test_rtsp.py -> /home/josep/robotics/CatamaranDependencies/install/zr30camera/lib/python3.10/site-packages/zr30camera/siyi_sdk/tests
copying /home/josep/robotics/CatamaranDependencies/build/zr30camera/build/lib/zr30camera/siyi_sdk/tests/udp_server.py -> /home/josep/robotics/CatamaranDependencies/install/zr30camera/lib/python3.10/site-packages/zr30camera/siyi_sdk/tests
copying /home/josep/robotics/CatamaranDependencies/build/zr30camera/build/lib/zr30camera/siyi_sdk/tests/test_center_gimbal.py -> /home/josep/robotics/CatamaranDependencies/install/zr30camera/lib/python3.10/site-packages/zr30camera/siyi_sdk/tests
copying /home/josep/robotics/CatamaranDependencies/build/zr30camera/build/lib/zr30camera/siyi_sdk/tests/test_from_rtsp_to_rtmp.py -> /home/josep/robotics/CatamaranDependencies/install/zr30camera/lib/python3.10/site-packages/zr30camera/siyi_sdk/tests
copying /home/josep/robotics/CatamaranDependencies/build/zr30camera/build/lib/zr30camera/siyi_sdk/tests/test_fpv_mode.py -> /home/josep/robotics/CatamaranDependencies/install/zr30camera/lib/python3.10/site-packages/zr30camera/siyi_sdk/tests
copying /home/josep/robotics/CatamaranDependencies/build/zr30camera/build/lib/zr30camera/siyi_sdk/tests/utils.py -> /home/josep/robotics/CatamaranDependencies/install/zr30camera/lib/python3.10/site-packages/zr30camera/siyi_sdk/tests
copying /home/josep/robotics/CatamaranDependencies/build/zr30camera/build/lib/zr30camera/siyi_sdk/tests/test_lock_mode.py -> /home/josep/robotics/CatamaranDependencies/install/zr30camera/lib/python3.10/site-packages/zr30camera/siyi_sdk/tests
copying /home/josep/robotics/CatamaranDependencies/build/zr30camera/build/lib/zr30camera/siyi_sdk/tests/test_absolute_zoom.py -> /home/josep/robotics/CatamaranDependencies/install/zr30camera/lib/python3.10/site-packages/zr30camera/siyi_sdk/tests
copying /home/josep/robotics/CatamaranDependencies/build/zr30camera/build/lib/zr30camera/siyi_sdk/tests/siyi_message.py -> /home/josep/robotics/CatamaranDependencies/install/zr30camera/lib/python3.10/site-packages/zr30camera/siyi_sdk/tests
copying /home/josep/robotics/CatamaranDependencies/build/zr30camera/build/lib/zr30camera/siyi_sdk/tests/test_follow_mode.py -> /home/josep/robotics/CatamaranDependencies/install/zr30camera/lib/python3.10/site-packages/zr30camera/siyi_sdk/tests
copying /home/josep/robotics/CatamaranDependencies/build/zr30camera/build/lib/zr30camera/siyi_sdk/tests/test_print_attitude.py -> /home/josep/robotics/CatamaranDependencies/install/zr30camera/lib/python3.10/site-packages/zr30camera/siyi_sdk/tests
copying /home/josep/robotics/CatamaranDependencies/build/zr30camera/build/lib/zr30camera/siyi_sdk/tests/test_record_video.py -> /home/josep/robotics/CatamaranDependencies/install/zr30camera/lib/python3.10/site-packages/zr30camera/siyi_sdk/tests
copying /home/josep/robotics/CatamaranDependencies/build/zr30camera/build/lib/zr30camera/siyi_sdk/tests/tkgui.py -> /home/josep/robotics/CatamaranDependencies/install/zr30camera/lib/python3.10/site-packages/zr30camera/siyi_sdk/tests
copying /home/josep/robotics/CatamaranDependencies/build/zr30camera/build/lib/zr30camera/siyi_sdk/tests/test_zoom.py -> /home/josep/robotics/CatamaranDependencies/install/zr30camera/lib/python3.10/site-packages/zr30camera/siyi_sdk/tests
copying /home/josep/robotics/CatamaranDependencies/build/zr30camera/build/lib/zr30camera/siyi_sdk/tests/crc16_python.py -> /home/josep/robotics/CatamaranDependencies/install/zr30camera/lib/python3.10/site-packages/zr30camera/siyi_sdk/tests
copying /home/josep/robotics/CatamaranDependencies/build/zr30camera/build/lib/zr30camera/siyi_sdk/tests/__init__.py -> /home/josep/robotics/CatamaranDependencies/install/zr30camera/lib/python3.10/site-packages/zr30camera/siyi_sdk/tests
copying /home/josep/robotics/CatamaranDependencies/build/zr30camera/build/lib/zr30camera/siyi_sdk/tests/cameras.py -> /home/josep/robotics/CatamaranDependencies/install/zr30camera/lib/python3.10/site-packages/zr30camera/siyi_sdk/tests
copying /home/josep/robotics/CatamaranDependencies/build/zr30camera/build/lib/zr30camera/siyi_sdk/tests/test_set_angles.py -> /home/josep/robotics/CatamaranDependencies/install/zr30camera/lib/python3.10/site-packages/zr30camera/siyi_sdk/tests
copying /home/josep/robotics/CatamaranDependencies/build/zr30camera/build/lib/zr30camera/siyi_sdk/tests/test_rtmp_stream.py -> /home/josep/robotics/CatamaranDependencies/install/zr30camera/lib/python3.10/site-packages/zr30camera/siyi_sdk/tests
copying /home/josep/robotics/CatamaranDependencies/build/zr30camera/build/lib/zr30camera/siyi_sdk/tests/test_get_hw_id.py -> /home/josep/robotics/CatamaranDependencies/install/zr30camera/lib/python3.10/site-packages/zr30camera/siyi_sdk/tests
copying /home/josep/robotics/CatamaranDependencies/build/zr30camera/build/lib/zr30camera/siyi_sdk/crc16_python.py -> /home/josep/robotics/CatamaranDependencies/install/zr30camera/lib/python3.10/site-packages/zr30camera/siyi_sdk
copying /home/josep/robotics/CatamaranDependencies/build/zr30camera/build/lib/zr30camera/siyi_sdk/__init__.py -> /home/josep/robotics/CatamaranDependencies/install/zr30camera/lib/python3.10/site-packages/zr30camera/siyi_sdk
copying /home/josep/robotics/CatamaranDependencies/build/zr30camera/build/lib/zr30camera/siyi_sdk/cameras.py -> /home/josep/robotics/CatamaranDependencies/install/zr30camera/lib/python3.10/site-packages/zr30camera/siyi_sdk
copying /home/josep/robotics/CatamaranDependencies/build/zr30camera/build/lib/zr30camera/siyi_sdk/stream.py -> /home/josep/robotics/CatamaranDependencies/install/zr30camera/lib/python3.10/site-packages/zr30camera/siyi_sdk
copying /home/josep/robotics/CatamaranDependencies/build/zr30camera/build/lib/zr30camera/siyi_sdk/siyi_sdk.bak.py -> /home/josep/robotics/CatamaranDependencies/install/zr30camera/lib/python3.10/site-packages/zr30camera/siyi_sdk
copying /home/josep/robotics/CatamaranDependencies/build/zr30camera/build/lib/zr30camera/siyi_sdk/LICENSE -> /home/josep/robotics/CatamaranDependencies/install/zr30camera/lib/python3.10/site-packages/zr30camera/siyi_sdk
byte-compiling /home/josep/robotics/CatamaranDependencies/install/zr30camera/lib/python3.10/site-packages/zr30camera/camera_stream.py to camera_stream.cpython-310.pyc
byte-compiling /home/josep/robotics/CatamaranDependencies/install/zr30camera/lib/python3.10/site-packages/zr30camera/cam_teleop.py to cam_teleop.cpython-310.pyc
byte-compiling /home/josep/robotics/CatamaranDependencies/install/zr30camera/lib/python3.10/site-packages/zr30camera/camera_controller.py to camera_controller.cpython-310.pyc
byte-compiling /home/josep/robotics/CatamaranDependencies/install/zr30camera/lib/python3.10/site-packages/zr30camera/__init__.py to __init__.cpython-310.pyc
byte-compiling /home/josep/robotics/CatamaranDependencies/install/zr30camera/lib/python3.10/site-packages/zr30camera/siyi_sdk/siyi_sdk.py to siyi_sdk.cpython-310.pyc
byte-compiling /home/josep/robotics/CatamaranDependencies/install/zr30camera/lib/python3.10/site-packages/zr30camera/siyi_sdk/utils.py to utils.cpython-310.pyc
byte-compiling /home/josep/robotics/CatamaranDependencies/install/zr30camera/lib/python3.10/site-packages/zr30camera/siyi_sdk/siyi_message.py to siyi_message.cpython-310.pyc
byte-compiling /home/josep/robotics/CatamaranDependencies/install/zr30camera/lib/python3.10/site-packages/zr30camera/siyi_sdk/tests/test_gimbal_rotation.py to test_gimbal_rotation.cpython-310.pyc
byte-compiling /home/josep/robotics/CatamaranDependencies/install/zr30camera/lib/python3.10/site-packages/zr30camera/siyi_sdk/tests/test_get_gimbal_info.py to test_get_gimbal_info.cpython-310.pyc
byte-compiling /home/josep/robotics/CatamaranDependencies/install/zr30camera/lib/python3.10/site-packages/zr30camera/siyi_sdk/tests/siyi_sdk.py to siyi_sdk.cpython-310.pyc
byte-compiling /home/josep/robotics/CatamaranDependencies/install/zr30camera/lib/python3.10/site-packages/zr30camera/siyi_sdk/tests/test_get_fw_ver.py to test_get_fw_ver.cpython-310.pyc
byte-compiling /home/josep/robotics/CatamaranDependencies/install/zr30camera/lib/python3.10/site-packages/zr30camera/siyi_sdk/tests/test_rtsp.py to test_rtsp.cpython-310.pyc
byte-compiling /home/josep/robotics/CatamaranDependencies/install/zr30camera/lib/python3.10/site-packages/zr30camera/siyi_sdk/tests/udp_server.py to udp_server.cpython-310.pyc
byte-compiling /home/josep/robotics/CatamaranDependencies/install/zr30camera/lib/python3.10/site-packages/zr30camera/siyi_sdk/tests/test_center_gimbal.py to test_center_gimbal.cpython-310.pyc
byte-compiling /home/josep/robotics/CatamaranDependencies/install/zr30camera/lib/python3.10/site-packages/zr30camera/siyi_sdk/tests/test_from_rtsp_to_rtmp.py to test_from_rtsp_to_rtmp.cpython-310.pyc
byte-compiling /home/josep/robotics/CatamaranDependencies/install/zr30camera/lib/python3.10/site-packages/zr30camera/siyi_sdk/tests/test_fpv_mode.py to test_fpv_mode.cpython-310.pyc
byte-compiling /home/josep/robotics/CatamaranDependencies/install/zr30camera/lib/python3.10/site-packages/zr30camera/siyi_sdk/tests/utils.py to utils.cpython-310.pyc
byte-compiling /home/josep/robotics/CatamaranDependencies/install/zr30camera/lib/python3.10/site-packages/zr30camera/siyi_sdk/tests/test_lock_mode.py to test_lock_mode.cpython-310.pyc
byte-compiling /home/josep/robotics/CatamaranDependencies/install/zr30camera/lib/python3.10/site-packages/zr30camera/siyi_sdk/tests/test_absolute_zoom.py to test_absolute_zoom.cpython-310.pyc
byte-compiling /home/josep/robotics/CatamaranDependencies/install/zr30camera/lib/python3.10/site-packages/zr30camera/siyi_sdk/tests/siyi_message.py to siyi_message.cpython-310.pyc
byte-compiling /home/josep/robotics/CatamaranDependencies/install/zr30camera/lib/python3.10/site-packages/zr30camera/siyi_sdk/tests/test_follow_mode.py to test_follow_mode.cpython-310.pyc
byte-compiling /home/josep/robotics/CatamaranDependencies/install/zr30camera/lib/python3.10/site-packages/zr30camera/siyi_sdk/tests/test_print_attitude.py to test_print_attitude.cpython-310.pyc
byte-compiling /home/josep/robotics/CatamaranDependencies/install/zr30camera/lib/python3.10/site-packages/zr30camera/siyi_sdk/tests/test_record_video.py to test_record_video.cpython-310.pyc
byte-compiling /home/josep/robotics/CatamaranDependencies/install/zr30camera/lib/python3.10/site-packages/zr30camera/siyi_sdk/tests/tkgui.py to tkgui.cpython-310.pyc
byte-compiling /home/josep/robotics/CatamaranDependencies/install/zr30camera/lib/python3.10/site-packages/zr30camera/siyi_sdk/tests/test_zoom.py to test_zoom.cpython-310.pyc
byte-compiling /home/josep/robotics/CatamaranDependencies/install/zr30camera/lib/python3.10/site-packages/zr30camera/siyi_sdk/tests/crc16_python.py to crc16_python.cpython-310.pyc
byte-compiling /home/josep/robotics/CatamaranDependencies/install/zr30camera/lib/python3.10/site-packages/zr30camera/siyi_sdk/tests/__init__.py to __init__.cpython-310.pyc
byte-compiling /home/josep/robotics/CatamaranDependencies/install/zr30camera/lib/python3.10/site-packages/zr30camera/siyi_sdk/tests/cameras.py to cameras.cpython-310.pyc
byte-compiling /home/josep/robotics/CatamaranDependencies/install/zr30camera/lib/python3.10/site-packages/zr30camera/siyi_sdk/tests/test_set_angles.py to test_set_angles.cpython-310.pyc
byte-compiling /home/josep/robotics/CatamaranDependencies/install/zr30camera/lib/python3.10/site-packages/zr30camera/siyi_sdk/tests/test_rtmp_stream.py to test_rtmp_stream.cpython-310.pyc
byte-compiling /home/josep/robotics/CatamaranDependencies/install/zr30camera/lib/python3.10/site-packages/zr30camera/siyi_sdk/tests/test_get_hw_id.py to test_get_hw_id.cpython-310.pyc
byte-compiling /home/josep/robotics/CatamaranDependencies/install/zr30camera/lib/python3.10/site-packages/zr30camera/siyi_sdk/crc16_python.py to crc16_python.cpython-310.pyc
byte-compiling /home/josep/robotics/CatamaranDependencies/install/zr30camera/lib/python3.10/site-packages/zr30camera/siyi_sdk/__init__.py to __init__.cpython-310.pyc
byte-compiling /home/josep/robotics/CatamaranDependencies/install/zr30camera/lib/python3.10/site-packages/zr30camera/siyi_sdk/cameras.py to cameras.cpython-310.pyc
byte-compiling /home/josep/robotics/CatamaranDependencies/install/zr30camera/lib/python3.10/site-packages/zr30camera/siyi_sdk/stream.py to stream.cpython-310.pyc
byte-compiling /home/josep/robotics/CatamaranDependencies/install/zr30camera/lib/python3.10/site-packages/zr30camera/siyi_sdk/siyi_sdk.bak.py to siyi_sdk.bak.cpython-310.pyc
running install_data
creating /home/josep/robotics/CatamaranDependencies/install/zr30camera/share/ament_index
creating /home/josep/robotics/CatamaranDependencies/install/zr30camera/share/ament_index/resource_index
creating /home/josep/robotics/CatamaranDependencies/install/zr30camera/share/ament_index/resource_index/packages
copying resource/zr30camera -> /home/josep/robotics/CatamaranDependencies/install/zr30camera/share/ament_index/resource_index/packages
copying package.xml -> /home/josep/robotics/CatamaranDependencies/install/zr30camera/share/zr30camera
creating /home/josep/robotics/CatamaranDependencies/install/zr30camera/share/zr30camera/launch
copying launch/zr30camera_launch.py -> /home/josep/robotics/CatamaranDependencies/install/zr30camera/share/zr30camera/launch
running install_egg_info
Copying ../build/zr30camera/zr30camera.egg-info to /home/josep/robotics/CatamaranDependencies/install/zr30camera/lib/python3.10/site-packages/zr30camera-0.0.0-py3.10.egg-info
running install_scripts
Installing cam_teleop script to /home/josep/robotics/CatamaranDependencies/install/zr30camera/lib/zr30camera
Installing controller script to /home/josep/robotics/CatamaranDependencies/install/zr30camera/lib/zr30camera
Installing stream script to /home/josep/robotics/CatamaranDependencies/install/zr30camera/lib/zr30camera
writing list of installed files to '/home/josep/robotics/CatamaranDependencies/build/zr30camera/install.log'
