[0.532s] Invoking command in '/home/josep/robotics/CatamaranDependencies/siyi_camera_controller': PYTHONPATH=/home/josep/robotics/CatamaranDependencies/build/zr30camera/prefix_override:/home/josep/.local/lib/python3.10/site-packages/colcon_core/task/python/colcon_distutils_commands:/home/josep/robotics/CatamaranDependencies/install/zr30camera/lib/python3.10/site-packages:${PYTHONPATH} /usr/bin/python3 -W ignore:setup.py install is deprecated -W ignore:easy_install command is deprecated setup.py egg_info --egg-base ../build/zr30camera build --build-base /home/josep/robotics/CatamaranDependencies/build/zr30camera/build install --record /home/josep/robotics/CatamaranDependencies/build/zr30camera/install.log --single-version-externally-managed install_data
[0.681s] running egg_info
[0.681s] writing ../build/zr30camera/zr30camera.egg-info/PKG-INFO
[0.681s] writing dependency_links to ../build/zr30camera/zr30camera.egg-info/dependency_links.txt
[0.681s] writing entry points to ../build/zr30camera/zr30camera.egg-info/entry_points.txt
[0.681s] writing requirements to ../build/zr30camera/zr30camera.egg-info/requires.txt
[0.681s] writing top-level names to ../build/zr30camera/zr30camera.egg-info/top_level.txt
[0.683s] reading manifest file '../build/zr30camera/zr30camera.egg-info/SOURCES.txt'
[0.683s] adding license file 'LICENSE'
[0.684s] writing manifest file '../build/zr30camera/zr30camera.egg-info/SOURCES.txt'
[0.684s] running build
[0.684s] running build_py
[0.686s] running install
[0.686s] running install_lib
[0.688s] running install_data
[0.688s] running install_egg_info
[0.689s] removing '/home/josep/robotics/CatamaranDependencies/install/zr30camera/lib/python3.10/site-packages/zr30camera-0.0.0-py3.10.egg-info' (and everything under it)
[0.689s] Copying ../build/zr30camera/zr30camera.egg-info to /home/josep/robotics/CatamaranDependencies/install/zr30camera/lib/python3.10/site-packages/zr30camera-0.0.0-py3.10.egg-info
[0.690s] running install_scripts
[0.702s] Installing cam_teleop script to /home/josep/robotics/CatamaranDependencies/install/zr30camera/lib/zr30camera
[0.702s] Installing controller script to /home/josep/robotics/CatamaranDependencies/install/zr30camera/lib/zr30camera
[0.702s] Installing stream script to /home/josep/robotics/CatamaranDependencies/install/zr30camera/lib/zr30camera
[0.703s] writing list of installed files to '/home/josep/robotics/CatamaranDependencies/build/zr30camera/install.log'
[0.723s] Invoked command in '/home/josep/robotics/CatamaranDependencies/siyi_camera_controller' returned '0': PYTHONPATH=/home/josep/robotics/CatamaranDependencies/build/zr30camera/prefix_override:/home/josep/.local/lib/python3.10/site-packages/colcon_core/task/python/colcon_distutils_commands:/home/josep/robotics/CatamaranDependencies/install/zr30camera/lib/python3.10/site-packages:${PYTHONPATH} /usr/bin/python3 -W ignore:setup.py install is deprecated -W ignore:easy_install command is deprecated setup.py egg_info --egg-base ../build/zr30camera build --build-base /home/josep/robotics/CatamaranDependencies/build/zr30camera/build install --record /home/josep/robotics/CatamaranDependencies/build/zr30camera/install.log --single-version-externally-managed install_data
