[0.518s] Invoking command in '/home/josep/robotics/CatamaranDependencies/siyi_camera_controller': PYTHONPATH=/home/josep/robotics/CatamaranDependencies/build/zr30camera/prefix_override:/home/josep/.local/lib/python3.10/site-packages/colcon_core/task/python/colcon_distutils_commands:/home/josep/robotics/CatamaranDependencies/install/zr30camera/lib/python3.10/site-packages:${PYTHONPATH} /usr/bin/python3 -W ignore:setup.py install is deprecated -W ignore:easy_install command is deprecated setup.py egg_info --egg-base ../build/zr30camera build --build-base /home/josep/robotics/CatamaranDependencies/build/zr30camera/build install --record /home/josep/robotics/CatamaranDependencies/build/zr30camera/install.log --single-version-externally-managed install_data
[0.664s] running egg_info
[0.664s] writing ../build/zr30camera/zr30camera.egg-info/PKG-INFO
[0.664s] writing dependency_links to ../build/zr30camera/zr30camera.egg-info/dependency_links.txt
[0.664s] writing entry points to ../build/zr30camera/zr30camera.egg-info/entry_points.txt
[0.665s] writing requirements to ../build/zr30camera/zr30camera.egg-info/requires.txt
[0.665s] writing top-level names to ../build/zr30camera/zr30camera.egg-info/top_level.txt
[0.666s] reading manifest file '../build/zr30camera/zr30camera.egg-info/SOURCES.txt'
[0.666s] adding license file 'LICENSE'
[0.667s] writing manifest file '../build/zr30camera/zr30camera.egg-info/SOURCES.txt'
[0.667s] running build
[0.667s] running build_py
[0.669s] running install
[0.669s] running install_lib
[0.671s] running install_data
[0.671s] running install_egg_info
[0.672s] removing '/home/josep/robotics/CatamaranDependencies/install/zr30camera/lib/python3.10/site-packages/zr30camera-0.0.0-py3.10.egg-info' (and everything under it)
[0.672s] Copying ../build/zr30camera/zr30camera.egg-info to /home/josep/robotics/CatamaranDependencies/install/zr30camera/lib/python3.10/site-packages/zr30camera-0.0.0-py3.10.egg-info
[0.673s] running install_scripts
[0.686s] Installing cam_teleop script to /home/josep/robotics/CatamaranDependencies/install/zr30camera/lib/zr30camera
[0.686s] Installing controller script to /home/josep/robotics/CatamaranDependencies/install/zr30camera/lib/zr30camera
[0.686s] Installing stream script to /home/josep/robotics/CatamaranDependencies/install/zr30camera/lib/zr30camera
[0.687s] writing list of installed files to '/home/josep/robotics/CatamaranDependencies/build/zr30camera/install.log'
[0.707s] Invoked command in '/home/josep/robotics/CatamaranDependencies/siyi_camera_controller' returned '0': PYTHONPATH=/home/josep/robotics/CatamaranDependencies/build/zr30camera/prefix_override:/home/josep/.local/lib/python3.10/site-packages/colcon_core/task/python/colcon_distutils_commands:/home/josep/robotics/CatamaranDependencies/install/zr30camera/lib/python3.10/site-packages:${PYTHONPATH} /usr/bin/python3 -W ignore:setup.py install is deprecated -W ignore:easy_install command is deprecated setup.py egg_info --egg-base ../build/zr30camera build --build-base /home/josep/robotics/CatamaranDependencies/build/zr30camera/build install --record /home/josep/robotics/CatamaranDependencies/build/zr30camera/install.log --single-version-externally-managed install_data
