[0.009s] Invoking command in '/home/josep/robotics/CatamaranDependencies/build/motor_bringup': CMAKE_PREFIX_PATH=/home/josep/robotics/CatamaranDependencies/install/dynamixel_sdk:/home/josep/robotics/CatamaranDependencies/install/custom_interfaces:/home/josep/robotics/CatamaranDependencies/install/motor_bringup:/home/josep/robotics/CatamaranDependencies/install/zr30camera:/opt/ros/humble /usr/bin/cmake --build /home/josep/robotics/CatamaranDependencies/build/motor_bringup -- -j16 -l16
[0.031s] -- Found ament_cmake: 1.3.12 (/opt/ros/humble/share/ament_cmake/cmake)
[0.122s] -- Found rclcpp: 16.0.14 (/opt/ros/humble/share/rclcpp/cmake)
[0.140s] -- Found rosidl_generator_c: 3.1.7 (/opt/ros/humble/share/rosidl_generator_c/cmake)
[0.141s] -- Found rosidl_adapter: 3.1.7 (/opt/ros/humble/share/rosidl_adapter/cmake)
[0.145s] -- Found rosidl_generator_cpp: 3.1.7 (/opt/ros/humble/share/rosidl_generator_cpp/cmake)
[0.150s] -- Using all available rosidl_typesupport_c: rosidl_typesupport_fastrtps_c;rosidl_typesupport_introspection_c
[0.156s] -- Using all available rosidl_typesupport_cpp: rosidl_typesupport_fastrtps_cpp;rosidl_typesupport_introspection_cpp
[0.174s] -- Found rmw_implementation_cmake: 6.1.2 (/opt/ros/humble/share/rmw_implementation_cmake/cmake)
[0.175s] -- Found rmw_fastrtps_cpp: 6.2.8 (/opt/ros/humble/share/rmw_fastrtps_cpp/cmake)
[0.259s] -- Using RMW implementation 'rmw_fastrtps_cpp' as default
[0.287s] -- Found dynamixel_sdk: 3.7.60 (/home/josep/robotics/CatamaranDependencies/install/dynamixel_sdk/share/dynamixel_sdk/cmake)
[0.288s] -- Found custom_interfaces: 0.0.0 (/home/josep/robotics/CatamaranDependencies/install/custom_interfaces/share/custom_interfaces/cmake)
[0.294s] -- Found geometry_msgs: 4.9.0 (/opt/ros/humble/share/geometry_msgs/cmake)
[0.301s] -- Found mavros_msgs: 2.12.0 (/opt/ros/humble/share/mavros_msgs/cmake)
[0.382s] -- Configuring done
[0.398s] -- Generating done
[0.403s] -- Build files have been written to: /home/josep/robotics/CatamaranDependencies/build/motor_bringup
[0.427s] [35m[1mConsolidate compiler generated dependencies of target rudder_angle_controller[0m
[0.427s] [35m[1mConsolidate compiler generated dependencies of target cmdvel_motor_controller[0m
[0.427s] [35m[1mConsolidate compiler generated dependencies of target rudder_angle_controller_abs[0m
[0.427s] [35m[1mConsolidate compiler generated dependencies of target rudder_angle_publisher[0m
[0.441s] [ 37%] [32m[1mLinking CXX executable cmdvel_motor_controller[0m
[0.441s] [ 37%] Built target rudder_angle_publisher
[0.441s] [ 62%] Built target rudder_angle_controller
[0.441s] [ 87%] Built target rudder_angle_controller_abs
[0.767s] [100%] Built target cmdvel_motor_controller
[0.777s] Invoked command in '/home/josep/robotics/CatamaranDependencies/build/motor_bringup' returned '0': CMAKE_PREFIX_PATH=/home/josep/robotics/CatamaranDependencies/install/dynamixel_sdk:/home/josep/robotics/CatamaranDependencies/install/custom_interfaces:/home/josep/robotics/CatamaranDependencies/install/motor_bringup:/home/josep/robotics/CatamaranDependencies/install/zr30camera:/opt/ros/humble /usr/bin/cmake --build /home/josep/robotics/CatamaranDependencies/build/motor_bringup -- -j16 -l16
[0.779s] Invoking command in '/home/josep/robotics/CatamaranDependencies/build/motor_bringup': CMAKE_PREFIX_PATH=/home/josep/robotics/CatamaranDependencies/install/dynamixel_sdk:/home/josep/robotics/CatamaranDependencies/install/custom_interfaces:/home/josep/robotics/CatamaranDependencies/install/motor_bringup:/home/josep/robotics/CatamaranDependencies/install/zr30camera:/opt/ros/humble /usr/bin/cmake --install /home/josep/robotics/CatamaranDependencies/build/motor_bringup
[0.784s] -- Install configuration: ""
[0.784s] -- Up-to-date: /home/josep/robotics/CatamaranDependencies/install/motor_bringup/lib/motor_bringup/rudder_angle_controller
[0.785s] -- Up-to-date: /home/josep/robotics/CatamaranDependencies/install/motor_bringup/lib/motor_bringup/rudder_angle_controller_abs
[0.785s] -- Up-to-date: /home/josep/robotics/CatamaranDependencies/install/motor_bringup/lib/motor_bringup/rudder_angle_publisher
[0.785s] -- Installing: /home/josep/robotics/CatamaranDependencies/install/motor_bringup/lib/motor_bringup/cmdvel_motor_controller
[0.789s] -- Set runtime path of "/home/josep/robotics/CatamaranDependencies/install/motor_bringup/lib/motor_bringup/cmdvel_motor_controller" to ""
[0.789s] -- Up-to-date: /home/josep/robotics/CatamaranDependencies/install/motor_bringup/share/ament_index/resource_index/package_run_dependencies/motor_bringup
[0.789s] -- Installing: /home/josep/robotics/CatamaranDependencies/install/motor_bringup/share/ament_index/resource_index/parent_prefix_path/motor_bringup
[0.789s] -- Up-to-date: /home/josep/robotics/CatamaranDependencies/install/motor_bringup/share/motor_bringup/environment/ament_prefix_path.sh
[0.789s] -- Installing: /home/josep/robotics/CatamaranDependencies/install/motor_bringup/share/motor_bringup/environment/ament_prefix_path.dsv
[0.789s] -- Up-to-date: /home/josep/robotics/CatamaranDependencies/install/motor_bringup/share/motor_bringup/environment/path.sh
[0.789s] -- Installing: /home/josep/robotics/CatamaranDependencies/install/motor_bringup/share/motor_bringup/environment/path.dsv
[0.789s] -- Up-to-date: /home/josep/robotics/CatamaranDependencies/install/motor_bringup/share/motor_bringup/local_setup.bash
[0.789s] -- Up-to-date: /home/josep/robotics/CatamaranDependencies/install/motor_bringup/share/motor_bringup/local_setup.sh
[0.790s] -- Up-to-date: /home/josep/robotics/CatamaranDependencies/install/motor_bringup/share/motor_bringup/local_setup.zsh
[0.790s] -- Installing: /home/josep/robotics/CatamaranDependencies/install/motor_bringup/share/motor_bringup/local_setup.dsv
[0.790s] -- Installing: /home/josep/robotics/CatamaranDependencies/install/motor_bringup/share/motor_bringup/package.dsv
[0.790s] -- Up-to-date: /home/josep/robotics/CatamaranDependencies/install/motor_bringup/share/ament_index/resource_index/packages/motor_bringup
[0.790s] -- Up-to-date: /home/josep/robotics/CatamaranDependencies/install/motor_bringup/share/motor_bringup/cmake/motor_bringupConfig.cmake
[0.790s] -- Up-to-date: /home/josep/robotics/CatamaranDependencies/install/motor_bringup/share/motor_bringup/cmake/motor_bringupConfig-version.cmake
[0.790s] -- Up-to-date: /home/josep/robotics/CatamaranDependencies/install/motor_bringup/share/motor_bringup/package.xml
[0.794s] Invoked command in '/home/josep/robotics/CatamaranDependencies/build/motor_bringup' returned '0': CMAKE_PREFIX_PATH=/home/josep/robotics/CatamaranDependencies/install/dynamixel_sdk:/home/josep/robotics/CatamaranDependencies/install/custom_interfaces:/home/josep/robotics/CatamaranDependencies/install/motor_bringup:/home/josep/robotics/CatamaranDependencies/install/zr30camera:/opt/ros/humble /usr/bin/cmake --install /home/josep/robotics/CatamaranDependencies/build/motor_bringup
