running egg_info
writing ../build/zr30camera/zr30camera.egg-info/PKG-INFO
writing dependency_links to ../build/zr30camera/zr30camera.egg-info/dependency_links.txt
writing entry points to ../build/zr30camera/zr30camera.egg-info/entry_points.txt
writing requirements to ../build/zr30camera/zr30camera.egg-info/requires.txt
writing top-level names to ../build/zr30camera/zr30camera.egg-info/top_level.txt
reading manifest file '../build/zr30camera/zr30camera.egg-info/SOURCES.txt'
adding license file 'LICENSE'
writing manifest file '../build/zr30camera/zr30camera.egg-info/SOURCES.txt'
running build
running build_py
running install
running install_lib
running install_data
running install_egg_info
removing '/home/josep/robotics/CatamaranDependencies/install/zr30camera/lib/python3.10/site-packages/zr30camera-0.0.0-py3.10.egg-info' (and everything under it)
Copying ../build/zr30camera/zr30camera.egg-info to /home/josep/robotics/CatamaranDependencies/install/zr30camera/lib/python3.10/site-packages/zr30camera-0.0.0-py3.10.egg-info
running install_scripts
Installing cam_teleop script to /home/josep/robotics/CatamaranDependencies/install/zr30camera/lib/zr30camera
Installing controller script to /home/josep/robotics/CatamaranDependencies/install/zr30camera/lib/zr30camera
Installing stream script to /home/josep/robotics/CatamaranDependencies/install/zr30camera/lib/zr30camera
writing list of installed files to '/home/josep/robotics/CatamaranDependencies/build/zr30camera/install.log'
